2024-03-28 07:20:03.704 | INFO     | __main__:<module>:104 - Namespace(TIME='2024-03-28 07_17_59', batch_size=1024, behaviors=['neutral', 'neg', 'pos'], beta=0.3, check_point='', data_name='ml', data_path='../data/ML10M', decay=0.0, device='cuda:3', embedding_size=64, epochs=200, gpu_no=1, if_load_model=False, lamb=0.5, layers=2, log_name='tmall', loss_type='bpr', lr=0.001, metrics=['hit', 'ndcg'], min_epoch=5, model_name='Tanh_ini_lamb_beta_1', model_path='./check_point', neg_count=10, reg_weight=0.001, test_batch_size=1024, topk=[10, 20, 50, 80])
2024-03-28 07:20:03.705 | INFO     | __main__:<module>:105 - UIPL(
  (user_embedding): Embedding(67789, 64, padding_idx=0)
  (item_embedding): Embedding(8705, 64, padding_idx=0)
  (global_Graph): LightGCN()
  (behavior_Graphs): ModuleList(
    (0): LightGCN()
    (1): LightGCN()
    (2): LightGCN()
  )
  (M): Sequential(
    (0): Linear(in_features=64, out_features=64, bias=True)
    (1): Tanh()
    (2): Linear(in_features=64, out_features=64, bias=True)
    (3): Tanh()
  )
  (bpr_loss): BPRLoss()
  (emb_loss): EmbLoss()
  (cross_loss): BCELoss()
)
2024-03-28 07:21:57.064 | INFO     | trainer:_train_one_epoch:117 - epoch 1 113.36s Train loss is [0.1629] 
2024-03-28 07:22:53.231 | INFO     | trainer:_train_one_epoch:126 - validate 1 cost time 56.17s, result: {'hit@10': 0.0094, 'ndcg@10': 0.004, 'hit@20': 0.0328, 'ndcg@20': 0.0098, 'hit@50': 0.0931, 'ndcg@50': 0.0215, 'hit@80': 0.1308, 'ndcg@80': 0.0278} 
2024-03-28 07:23:00.618 | INFO     | trainer:_train_one_epoch:134 - test 1 cost time 7.39s, result: {'hit@10': 0.0434, 'ndcg@10': 0.021, 'hit@20': 0.0786, 'ndcg@20': 0.0299, 'hit@50': 0.1777, 'ndcg@50': 0.0493, 'hit@80': 0.2533, 'ndcg@80': 0.0618} 
2024-03-28 07:24:50.959 | INFO     | trainer:_train_one_epoch:117 - epoch 2 109.95s Train loss is [0.1142] 
2024-03-28 07:26:15.729 | INFO     | trainer:_train_one_epoch:126 - validate 2 cost time 84.77s, result: {'hit@10': 0.0137, 'ndcg@10': 0.006, 'hit@20': 0.0369, 'ndcg@20': 0.0117, 'hit@50': 0.1084, 'ndcg@50': 0.0258, 'hit@80': 0.1524, 'ndcg@80': 0.0331} 
2024-03-28 07:26:26.866 | INFO     | trainer:_train_one_epoch:134 - test 2 cost time 11.14s, result: {'hit@10': 0.0486, 'ndcg@10': 0.0245, 'hit@20': 0.0907, 'ndcg@20': 0.035, 'hit@50': 0.1994, 'ndcg@50': 0.0563, 'hit@80': 0.2778, 'ndcg@80': 0.0693} 
2024-03-28 07:28:20.590 | INFO     | trainer:_train_one_epoch:117 - epoch 3 113.22s Train loss is [0.1029] 
2024-03-28 07:29:47.210 | INFO     | trainer:_train_one_epoch:126 - validate 3 cost time 86.62s, result: {'hit@10': 0.0165, 'ndcg@10': 0.0072, 'hit@20': 0.0384, 'ndcg@20': 0.0127, 'hit@50': 0.1138, 'ndcg@50': 0.0275, 'hit@80': 0.1605, 'ndcg@80': 0.0352} 
2024-03-28 07:30:00.867 | INFO     | trainer:_train_one_epoch:134 - test 3 cost time 13.66s, result: {'hit@10': 0.052, 'ndcg@10': 0.0257, 'hit@20': 0.1004, 'ndcg@20': 0.0379, 'hit@50': 0.2108, 'ndcg@50': 0.0595, 'hit@80': 0.2913, 'ndcg@80': 0.0729} 
2024-03-28 07:31:55.382 | INFO     | trainer:_train_one_epoch:117 - epoch 4 114.09s Train loss is [0.0974] 
2024-03-28 07:33:23.667 | INFO     | trainer:_train_one_epoch:126 - validate 4 cost time 88.28s, result: {'hit@10': 0.019, 'ndcg@10': 0.0087, 'hit@20': 0.044, 'ndcg@20': 0.0149, 'hit@50': 0.1184, 'ndcg@50': 0.0295, 'hit@80': 0.1675, 'ndcg@80': 0.0377} 
2024-03-28 07:33:36.976 | INFO     | trainer:_train_one_epoch:134 - test 4 cost time 13.31s, result: {'hit@10': 0.0559, 'ndcg@10': 0.0266, 'hit@20': 0.1034, 'ndcg@20': 0.0384, 'hit@50': 0.2167, 'ndcg@50': 0.0606, 'hit@80': 0.3016, 'ndcg@80': 0.0747} 
2024-03-28 07:35:28.362 | INFO     | trainer:_train_one_epoch:117 - epoch 5 111.11s Train loss is [0.0950] 
2024-03-28 07:36:29.631 | INFO     | trainer:_train_one_epoch:126 - validate 5 cost time 61.27s, result: {'hit@10': 0.0199, 'ndcg@10': 0.0089, 'hit@20': 0.0447, 'ndcg@20': 0.0151, 'hit@50': 0.1217, 'ndcg@50': 0.0302, 'hit@80': 0.1689, 'ndcg@80': 0.0381} 
2024-03-28 07:36:44.031 | INFO     | trainer:_train_one_epoch:134 - test 5 cost time 14.40s, result: {'hit@10': 0.0587, 'ndcg@10': 0.0282, 'hit@20': 0.1073, 'ndcg@20': 0.0404, 'hit@50': 0.2265, 'ndcg@50': 0.0638, 'hit@80': 0.3151, 'ndcg@80': 0.0785} 
2024-03-28 07:38:31.702 | INFO     | trainer:_train_one_epoch:117 - epoch 6 107.28s Train loss is [0.0923] 
2024-03-28 07:39:30.793 | INFO     | trainer:_train_one_epoch:126 - validate 6 cost time 59.09s, result: {'hit@10': 0.0216, 'ndcg@10': 0.0101, 'hit@20': 0.0473, 'ndcg@20': 0.0164, 'hit@50': 0.1241, 'ndcg@50': 0.0316, 'hit@80': 0.172, 'ndcg@80': 0.0395} 
2024-03-28 07:39:36.554 | INFO     | trainer:_train_one_epoch:134 - test 6 cost time 5.76s, result: {'hit@10': 0.0602, 'ndcg@10': 0.0285, 'hit@20': 0.1092, 'ndcg@20': 0.0407, 'hit@50': 0.2288, 'ndcg@50': 0.0643, 'hit@80': 0.3219, 'ndcg@80': 0.0797} 
2024-03-28 07:41:26.829 | INFO     | trainer:_train_one_epoch:117 - epoch 7 109.93s Train loss is [0.0898] 
2024-03-28 07:42:48.901 | INFO     | trainer:_train_one_epoch:126 - validate 7 cost time 82.07s, result: {'hit@10': 0.0229, 'ndcg@10': 0.0107, 'hit@20': 0.0491, 'ndcg@20': 0.0172, 'hit@50': 0.1284, 'ndcg@50': 0.0329, 'hit@80': 0.1761, 'ndcg@80': 0.0408} 
2024-03-28 07:42:57.027 | INFO     | trainer:_train_one_epoch:134 - test 7 cost time 8.12s, result: {'hit@10': 0.0598, 'ndcg@10': 0.0288, 'hit@20': 0.1133, 'ndcg@20': 0.0422, 'hit@50': 0.2327, 'ndcg@50': 0.0656, 'hit@80': 0.3281, 'ndcg@80': 0.0814} 
2024-03-28 07:44:48.792 | INFO     | trainer:_train_one_epoch:117 - epoch 8 111.41s Train loss is [0.0886] 
2024-03-28 07:46:21.212 | INFO     | trainer:_train_one_epoch:126 - validate 8 cost time 92.42s, result: {'hit@10': 0.0252, 'ndcg@10': 0.0118, 'hit@20': 0.0534, 'ndcg@20': 0.0188, 'hit@50': 0.1324, 'ndcg@50': 0.0344, 'hit@80': 0.1832, 'ndcg@80': 0.0428} 
2024-03-28 07:46:29.848 | INFO     | trainer:_train_one_epoch:134 - test 8 cost time 8.63s, result: {'hit@10': 0.0639, 'ndcg@10': 0.0302, 'hit@20': 0.1159, 'ndcg@20': 0.0431, 'hit@50': 0.2406, 'ndcg@50': 0.0677, 'hit@80': 0.3367, 'ndcg@80': 0.0836} 
2024-03-28 07:48:24.301 | INFO     | trainer:_train_one_epoch:117 - epoch 9 114.14s Train loss is [0.0874] 
2024-03-28 07:49:51.436 | INFO     | trainer:_train_one_epoch:126 - validate 9 cost time 87.13s, result: {'hit@10': 0.0268, 'ndcg@10': 0.0126, 'hit@20': 0.0552, 'ndcg@20': 0.0196, 'hit@50': 0.1364, 'ndcg@50': 0.0357, 'hit@80': 0.1852, 'ndcg@80': 0.0438} 
2024-03-28 07:50:03.838 | INFO     | trainer:_train_one_epoch:134 - test 9 cost time 12.40s, result: {'hit@10': 0.0648, 'ndcg@10': 0.0309, 'hit@20': 0.1183, 'ndcg@20': 0.0443, 'hit@50': 0.2474, 'ndcg@50': 0.0696, 'hit@80': 0.3392, 'ndcg@80': 0.0848} 
2024-03-28 07:51:56.529 | INFO     | trainer:_train_one_epoch:117 - epoch 10 112.38s Train loss is [0.0859] 
2024-03-28 07:53:08.980 | INFO     | trainer:_train_one_epoch:126 - validate 10 cost time 72.45s, result: {'hit@10': 0.0279, 'ndcg@10': 0.0132, 'hit@20': 0.057, 'ndcg@20': 0.0204, 'hit@50': 0.1396, 'ndcg@50': 0.0367, 'hit@80': 0.1913, 'ndcg@80': 0.0453} 
2024-03-28 07:53:21.372 | INFO     | trainer:_train_one_epoch:134 - test 10 cost time 12.39s, result: {'hit@10': 0.0656, 'ndcg@10': 0.0316, 'hit@20': 0.1169, 'ndcg@20': 0.0444, 'hit@50': 0.2497, 'ndcg@50': 0.0705, 'hit@80': 0.3446, 'ndcg@80': 0.0863} 
2024-03-28 07:55:05.266 | INFO     | trainer:_train_one_epoch:117 - epoch 11 103.62s Train loss is [0.0855] 
2024-03-28 07:55:50.333 | INFO     | trainer:_train_one_epoch:126 - validate 11 cost time 45.07s, result: {'hit@10': 0.029, 'ndcg@10': 0.0139, 'hit@20': 0.0587, 'ndcg@20': 0.0212, 'hit@50': 0.1405, 'ndcg@50': 0.0374, 'hit@80': 0.1926, 'ndcg@80': 0.046} 
2024-03-28 07:55:56.179 | INFO     | trainer:_train_one_epoch:134 - test 11 cost time 5.85s, result: {'hit@10': 0.0667, 'ndcg@10': 0.0324, 'hit@20': 0.1169, 'ndcg@20': 0.045, 'hit@50': 0.2504, 'ndcg@50': 0.0712, 'hit@80': 0.3421, 'ndcg@80': 0.0864} 
2024-03-28 07:57:43.889 | INFO     | trainer:_train_one_epoch:117 - epoch 12 107.39s Train loss is [0.0846] 
2024-03-28 07:59:11.483 | INFO     | trainer:_train_one_epoch:126 - validate 12 cost time 87.59s, result: {'hit@10': 0.0298, 'ndcg@10': 0.0143, 'hit@20': 0.0589, 'ndcg@20': 0.0215, 'hit@50': 0.1432, 'ndcg@50': 0.0381, 'hit@80': 0.1944, 'ndcg@80': 0.0466} 
2024-03-28 07:59:17.765 | INFO     | trainer:_train_one_epoch:134 - test 12 cost time 6.28s, result: {'hit@10': 0.0654, 'ndcg@10': 0.0314, 'hit@20': 0.1175, 'ndcg@20': 0.0444, 'hit@50': 0.2536, 'ndcg@50': 0.0711, 'hit@80': 0.347, 'ndcg@80': 0.0866} 
2024-03-28 08:01:07.125 | INFO     | trainer:_train_one_epoch:117 - epoch 13 108.88s Train loss is [0.0831] 
2024-03-28 08:02:35.891 | INFO     | trainer:_train_one_epoch:126 - validate 13 cost time 88.76s, result: {'hit@10': 0.0328, 'ndcg@10': 0.0159, 'hit@20': 0.0615, 'ndcg@20': 0.0231, 'hit@50': 0.1456, 'ndcg@50': 0.0396, 'hit@80': 0.1971, 'ndcg@80': 0.0482} 
2024-03-28 08:02:48.244 | INFO     | trainer:_train_one_epoch:134 - test 13 cost time 12.35s, result: {'hit@10': 0.0686, 'ndcg@10': 0.0334, 'hit@20': 0.1212, 'ndcg@20': 0.0466, 'hit@50': 0.2597, 'ndcg@50': 0.0737, 'hit@80': 0.3535, 'ndcg@80': 0.0892} 
2024-03-28 08:04:39.982 | INFO     | trainer:_train_one_epoch:117 - epoch 14 111.36s Train loss is [0.0823] 
2024-03-28 08:06:02.879 | INFO     | trainer:_train_one_epoch:126 - validate 14 cost time 82.90s, result: {'hit@10': 0.0318, 'ndcg@10': 0.0152, 'hit@20': 0.0611, 'ndcg@20': 0.0225, 'hit@50': 0.1449, 'ndcg@50': 0.0391, 'hit@80': 0.1962, 'ndcg@80': 0.0476} 
2024-03-28 08:06:13.887 | INFO     | trainer:_train_one_epoch:134 - test 14 cost time 11.01s, result: {'hit@10': 0.0686, 'ndcg@10': 0.0331, 'hit@20': 0.1214, 'ndcg@20': 0.0463, 'hit@50': 0.2588, 'ndcg@50': 0.0733, 'hit@80': 0.3555, 'ndcg@80': 0.0893} 
2024-03-28 08:08:01.651 | INFO     | trainer:_train_one_epoch:117 - epoch 15 107.76s Train loss is [0.0823] 
2024-03-28 08:08:38.786 | INFO     | trainer:_train_one_epoch:126 - validate 15 cost time 37.13s, result: {'hit@10': 0.0297, 'ndcg@10': 0.0143, 'hit@20': 0.0597, 'ndcg@20': 0.0218, 'hit@50': 0.1454, 'ndcg@50': 0.0387, 'hit@80': 0.1975, 'ndcg@80': 0.0473} 
2024-03-28 08:08:48.371 | INFO     | trainer:_train_one_epoch:134 - test 15 cost time 9.58s, result: {'hit@10': 0.0675, 'ndcg@10': 0.0329, 'hit@20': 0.1227, 'ndcg@20': 0.0466, 'hit@50': 0.2603, 'ndcg@50': 0.0736, 'hit@80': 0.3566, 'ndcg@80': 0.0896} 
2024-03-28 08:10:36.195 | INFO     | trainer:_train_one_epoch:117 - epoch 16 107.82s Train loss is [0.0809] 
2024-03-28 08:11:47.390 | INFO     | trainer:_train_one_epoch:126 - validate 16 cost time 71.19s, result: {'hit@10': 0.0323, 'ndcg@10': 0.0159, 'hit@20': 0.0626, 'ndcg@20': 0.0234, 'hit@50': 0.1461, 'ndcg@50': 0.0399, 'hit@80': 0.1967, 'ndcg@80': 0.0483} 
2024-03-28 08:11:57.368 | INFO     | trainer:_train_one_epoch:134 - test 16 cost time 9.98s, result: {'hit@10': 0.0697, 'ndcg@10': 0.034, 'hit@20': 0.1267, 'ndcg@20': 0.0483, 'hit@50': 0.2636, 'ndcg@50': 0.0751, 'hit@80': 0.3593, 'ndcg@80': 0.091} 
2024-03-28 08:13:49.021 | INFO     | trainer:_train_one_epoch:117 - epoch 17 111.33s Train loss is [0.0806] 
2024-03-28 08:15:19.516 | INFO     | trainer:_train_one_epoch:126 - validate 17 cost time 90.49s, result: {'hit@10': 0.0323, 'ndcg@10': 0.0155, 'hit@20': 0.0623, 'ndcg@20': 0.0229, 'hit@50': 0.1442, 'ndcg@50': 0.0391, 'hit@80': 0.1951, 'ndcg@80': 0.0475} 
2024-03-28 08:15:31.633 | INFO     | trainer:_train_one_epoch:134 - test 17 cost time 12.12s, result: {'hit@10': 0.0682, 'ndcg@10': 0.0328, 'hit@20': 0.1257, 'ndcg@20': 0.0472, 'hit@50': 0.2648, 'ndcg@50': 0.0744, 'hit@80': 0.3582, 'ndcg@80': 0.0899} 
2024-03-28 08:17:21.004 | INFO     | trainer:_train_one_epoch:117 - epoch 18 109.37s Train loss is [0.0810] 
2024-03-28 08:18:53.233 | INFO     | trainer:_train_one_epoch:126 - validate 18 cost time 92.23s, result: {'hit@10': 0.0336, 'ndcg@10': 0.0161, 'hit@20': 0.0637, 'ndcg@20': 0.0235, 'hit@50': 0.1491, 'ndcg@50': 0.0404, 'hit@80': 0.2013, 'ndcg@80': 0.049} 
2024-03-28 08:19:04.560 | INFO     | trainer:_train_one_epoch:134 - test 18 cost time 11.33s, result: {'hit@10': 0.0697, 'ndcg@10': 0.0334, 'hit@20': 0.1265, 'ndcg@20': 0.0476, 'hit@50': 0.2654, 'ndcg@50': 0.0749, 'hit@80': 0.3631, 'ndcg@80': 0.0912} 
2024-03-28 08:20:56.833 | INFO     | trainer:_train_one_epoch:117 - epoch 19 111.87s Train loss is [0.0794] 
2024-03-28 08:21:49.559 | INFO     | trainer:_train_one_epoch:126 - validate 19 cost time 52.72s, result: {'hit@10': 0.0318, 'ndcg@10': 0.015, 'hit@20': 0.0605, 'ndcg@20': 0.0222, 'hit@50': 0.1462, 'ndcg@50': 0.039, 'hit@80': 0.1992, 'ndcg@80': 0.0478} 
2024-03-28 08:22:03.835 | INFO     | trainer:_train_one_epoch:134 - test 19 cost time 14.28s, result: {'hit@10': 0.0687, 'ndcg@10': 0.0332, 'hit@20': 0.1275, 'ndcg@20': 0.0478, 'hit@50': 0.2662, 'ndcg@50': 0.075, 'hit@80': 0.3617, 'ndcg@80': 0.0909} 
2024-03-28 08:23:48.386 | INFO     | trainer:_train_one_epoch:117 - epoch 20 104.55s Train loss is [0.0796] 
2024-03-28 08:24:44.615 | INFO     | trainer:_train_one_epoch:126 - validate 20 cost time 56.23s, result: {'hit@10': 0.0313, 'ndcg@10': 0.0149, 'hit@20': 0.0615, 'ndcg@20': 0.0224, 'hit@50': 0.1452, 'ndcg@50': 0.0389, 'hit@80': 0.1984, 'ndcg@80': 0.0477} 
2024-03-28 08:24:51.046 | INFO     | trainer:_train_one_epoch:134 - test 20 cost time 6.43s, result: {'hit@10': 0.0667, 'ndcg@10': 0.0322, 'hit@20': 0.1272, 'ndcg@20': 0.0473, 'hit@50': 0.2656, 'ndcg@50': 0.0744, 'hit@80': 0.3631, 'ndcg@80': 0.0906} 
2024-03-28 08:26:35.548 | INFO     | trainer:_train_one_epoch:117 - epoch 21 104.50s Train loss is [0.0800] 
2024-03-28 08:27:46.618 | INFO     | trainer:_train_one_epoch:126 - validate 21 cost time 71.07s, result: {'hit@10': 0.0343, 'ndcg@10': 0.0165, 'hit@20': 0.0652, 'ndcg@20': 0.0241, 'hit@50': 0.1497, 'ndcg@50': 0.0408, 'hit@80': 0.2026, 'ndcg@80': 0.0496} 
2024-03-28 08:27:52.562 | INFO     | trainer:_train_one_epoch:134 - test 21 cost time 5.94s, result: {'hit@10': 0.0698, 'ndcg@10': 0.0329, 'hit@20': 0.1288, 'ndcg@20': 0.0477, 'hit@50': 0.267, 'ndcg@50': 0.0748, 'hit@80': 0.3629, 'ndcg@80': 0.0907} 
2024-03-28 08:29:41.584 | INFO     | trainer:_train_one_epoch:117 - epoch 22 108.68s Train loss is [0.0791] 
2024-03-28 08:30:59.944 | INFO     | trainer:_train_one_epoch:126 - validate 22 cost time 78.36s, result: {'hit@10': 0.0328, 'ndcg@10': 0.0157, 'hit@20': 0.0634, 'ndcg@20': 0.0233, 'hit@50': 0.1494, 'ndcg@50': 0.0402, 'hit@80': 0.2026, 'ndcg@80': 0.049} 
2024-03-28 08:31:09.414 | INFO     | trainer:_train_one_epoch:134 - test 22 cost time 9.47s, result: {'hit@10': 0.0697, 'ndcg@10': 0.0334, 'hit@20': 0.131, 'ndcg@20': 0.0488, 'hit@50': 0.2689, 'ndcg@50': 0.0759, 'hit@80': 0.3644, 'ndcg@80': 0.0917} 
2024-03-28 08:32:59.748 | INFO     | trainer:_train_one_epoch:117 - epoch 23 110.33s Train loss is [0.0781] 
2024-03-28 08:34:09.216 | INFO     | trainer:_train_one_epoch:126 - validate 23 cost time 69.47s, result: {'hit@10': 0.0341, 'ndcg@10': 0.016, 'hit@20': 0.0658, 'ndcg@20': 0.0239, 'hit@50': 0.1525, 'ndcg@50': 0.041, 'hit@80': 0.2051, 'ndcg@80': 0.0498} 
2024-03-28 08:34:20.517 | INFO     | trainer:_train_one_epoch:134 - test 23 cost time 11.30s, result: {'hit@10': 0.0727, 'ndcg@10': 0.0347, 'hit@20': 0.1345, 'ndcg@20': 0.0501, 'hit@50': 0.2701, 'ndcg@50': 0.0767, 'hit@80': 0.3653, 'ndcg@80': 0.0925} 
2024-03-28 08:36:06.035 | INFO     | trainer:_train_one_epoch:117 - epoch 24 105.19s Train loss is [0.0786] 
2024-03-28 08:36:39.048 | INFO     | trainer:_train_one_epoch:126 - validate 24 cost time 33.01s, result: {'hit@10': 0.0327, 'ndcg@10': 0.0155, 'hit@20': 0.064, 'ndcg@20': 0.0233, 'hit@50': 0.1525, 'ndcg@50': 0.0407, 'hit@80': 0.2046, 'ndcg@80': 0.0493} 
2024-03-28 08:36:46.309 | INFO     | trainer:_train_one_epoch:134 - test 24 cost time 7.26s, result: {'hit@10': 0.0703, 'ndcg@10': 0.034, 'hit@20': 0.1327, 'ndcg@20': 0.0497, 'hit@50': 0.2687, 'ndcg@50': 0.0763, 'hit@80': 0.3679, 'ndcg@80': 0.0928} 
2024-03-28 08:38:29.270 | INFO     | trainer:_train_one_epoch:117 - epoch 25 102.96s Train loss is [0.0781] 
2024-03-28 08:39:14.989 | INFO     | trainer:_train_one_epoch:126 - validate 25 cost time 45.72s, result: {'hit@10': 0.0335, 'ndcg@10': 0.0156, 'hit@20': 0.0656, 'ndcg@20': 0.0236, 'hit@50': 0.1535, 'ndcg@50': 0.0409, 'hit@80': 0.2053, 'ndcg@80': 0.0496} 
2024-03-28 08:39:19.125 | INFO     | trainer:_train_one_epoch:134 - test 25 cost time 4.14s, result: {'hit@10': 0.0722, 'ndcg@10': 0.0345, 'hit@20': 0.132, 'ndcg@20': 0.0495, 'hit@50': 0.2706, 'ndcg@50': 0.0767, 'hit@80': 0.3705, 'ndcg@80': 0.0933} 
2024-03-28 08:41:06.693 | INFO     | trainer:_train_one_epoch:117 - epoch 26 107.57s Train loss is [0.0778] 
2024-03-28 08:42:20.578 | INFO     | trainer:_train_one_epoch:126 - validate 26 cost time 73.88s, result: {'hit@10': 0.0328, 'ndcg@10': 0.0152, 'hit@20': 0.0639, 'ndcg@20': 0.0229, 'hit@50': 0.154, 'ndcg@50': 0.0407, 'hit@80': 0.2057, 'ndcg@80': 0.0493} 
2024-03-28 08:42:27.795 | INFO     | trainer:_train_one_epoch:134 - test 26 cost time 7.22s, result: {'hit@10': 0.0715, 'ndcg@10': 0.0341, 'hit@20': 0.1334, 'ndcg@20': 0.0496, 'hit@50': 0.2712, 'ndcg@50': 0.0767, 'hit@80': 0.3692, 'ndcg@80': 0.093} 
2024-03-28 08:44:13.950 | INFO     | trainer:_train_one_epoch:117 - epoch 27 106.15s Train loss is [0.0774] 
2024-03-28 08:45:27.057 | INFO     | trainer:_train_one_epoch:126 - validate 27 cost time 73.11s, result: {'hit@10': 0.0318, 'ndcg@10': 0.0147, 'hit@20': 0.0621, 'ndcg@20': 0.0222, 'hit@50': 0.1512, 'ndcg@50': 0.0398, 'hit@80': 0.205, 'ndcg@80': 0.0487} 
2024-03-28 08:45:37.738 | INFO     | trainer:_train_one_epoch:134 - test 27 cost time 10.68s, result: {'hit@10': 0.0728, 'ndcg@10': 0.0351, 'hit@20': 0.1366, 'ndcg@20': 0.051, 'hit@50': 0.276, 'ndcg@50': 0.0784, 'hit@80': 0.372, 'ndcg@80': 0.0943} 
2024-03-28 08:47:22.501 | INFO     | trainer:_train_one_epoch:117 - epoch 28 104.76s Train loss is [0.0772] 
2024-03-28 08:48:23.637 | INFO     | trainer:_train_one_epoch:126 - validate 28 cost time 61.14s, result: {'hit@10': 0.0349, 'ndcg@10': 0.0164, 'hit@20': 0.0667, 'ndcg@20': 0.0243, 'hit@50': 0.1552, 'ndcg@50': 0.0417, 'hit@80': 0.2105, 'ndcg@80': 0.0509} 
2024-03-28 08:48:35.164 | INFO     | trainer:_train_one_epoch:134 - test 28 cost time 11.53s, result: {'hit@10': 0.0721, 'ndcg@10': 0.0343, 'hit@20': 0.1349, 'ndcg@20': 0.0499, 'hit@50': 0.2746, 'ndcg@50': 0.0774, 'hit@80': 0.3731, 'ndcg@80': 0.0937} 
2024-03-28 08:50:19.936 | INFO     | trainer:_train_one_epoch:117 - epoch 29 104.49s Train loss is [0.0768] 
2024-03-28 08:51:05.804 | INFO     | trainer:_train_one_epoch:126 - validate 29 cost time 45.87s, result: {'hit@10': 0.0329, 'ndcg@10': 0.0154, 'hit@20': 0.0649, 'ndcg@20': 0.0233, 'hit@50': 0.1546, 'ndcg@50': 0.041, 'hit@80': 0.2078, 'ndcg@80': 0.0498} 
2024-03-28 08:51:12.888 | INFO     | trainer:_train_one_epoch:134 - test 29 cost time 7.08s, result: {'hit@10': 0.0715, 'ndcg@10': 0.0348, 'hit@20': 0.135, 'ndcg@20': 0.0507, 'hit@50': 0.2734, 'ndcg@50': 0.0779, 'hit@80': 0.372, 'ndcg@80': 0.0942} 
2024-03-28 08:52:58.388 | INFO     | trainer:_train_one_epoch:117 - epoch 30 105.50s Train loss is [0.0763] 
2024-03-28 08:53:41.016 | INFO     | trainer:_train_one_epoch:126 - validate 30 cost time 42.63s, result: {'hit@10': 0.0324, 'ndcg@10': 0.0149, 'hit@20': 0.0635, 'ndcg@20': 0.0226, 'hit@50': 0.1537, 'ndcg@50': 0.0404, 'hit@80': 0.2068, 'ndcg@80': 0.0492} 
2024-03-28 08:53:45.082 | INFO     | trainer:_train_one_epoch:134 - test 30 cost time 4.06s, result: {'hit@10': 0.0717, 'ndcg@10': 0.0346, 'hit@20': 0.1347, 'ndcg@20': 0.0504, 'hit@50': 0.2748, 'ndcg@50': 0.078, 'hit@80': 0.3759, 'ndcg@80': 0.0948} 
2024-03-28 08:55:27.446 | INFO     | trainer:_train_one_epoch:117 - epoch 31 102.36s Train loss is [0.0759] 
2024-03-28 08:56:36.352 | INFO     | trainer:_train_one_epoch:126 - validate 31 cost time 68.90s, result: {'hit@10': 0.0342, 'ndcg@10': 0.0158, 'hit@20': 0.0671, 'ndcg@20': 0.024, 'hit@50': 0.1569, 'ndcg@50': 0.0418, 'hit@80': 0.2104, 'ndcg@80': 0.0506} 
2024-03-28 08:56:45.480 | INFO     | trainer:_train_one_epoch:134 - test 31 cost time 9.13s, result: {'hit@10': 0.0723, 'ndcg@10': 0.0354, 'hit@20': 0.1375, 'ndcg@20': 0.0517, 'hit@50': 0.2747, 'ndcg@50': 0.0787, 'hit@80': 0.3729, 'ndcg@80': 0.095} 
2024-03-28 08:58:30.243 | INFO     | trainer:_train_one_epoch:117 - epoch 32 104.50s Train loss is [0.0755] 
2024-03-28 08:59:42.429 | INFO     | trainer:_train_one_epoch:126 - validate 32 cost time 72.19s, result: {'hit@10': 0.0334, 'ndcg@10': 0.0154, 'hit@20': 0.065, 'ndcg@20': 0.0232, 'hit@50': 0.1554, 'ndcg@50': 0.0411, 'hit@80': 0.2089, 'ndcg@80': 0.05} 
2024-03-28 08:59:51.601 | INFO     | trainer:_train_one_epoch:134 - test 32 cost time 9.17s, result: {'hit@10': 0.0718, 'ndcg@10': 0.035, 'hit@20': 0.1372, 'ndcg@20': 0.0513, 'hit@50': 0.2772, 'ndcg@50': 0.0789, 'hit@80': 0.3759, 'ndcg@80': 0.0953} 
2024-03-28 09:01:39.297 | INFO     | trainer:_train_one_epoch:117 - epoch 33 107.69s Train loss is [0.0750] 
2024-03-28 09:02:48.290 | INFO     | trainer:_train_one_epoch:126 - validate 33 cost time 68.99s, result: {'hit@10': 0.036, 'ndcg@10': 0.0166, 'hit@20': 0.0688, 'ndcg@20': 0.0248, 'hit@50': 0.1591, 'ndcg@50': 0.0426, 'hit@80': 0.2119, 'ndcg@80': 0.0513} 
2024-03-28 09:02:58.598 | INFO     | trainer:_train_one_epoch:134 - test 33 cost time 10.31s, result: {'hit@10': 0.0754, 'ndcg@10': 0.0365, 'hit@20': 0.1385, 'ndcg@20': 0.0523, 'hit@50': 0.2837, 'ndcg@50': 0.0808, 'hit@80': 0.3816, 'ndcg@80': 0.0971} 
2024-03-28 09:04:41.593 | INFO     | trainer:_train_one_epoch:117 - epoch 34 102.72s Train loss is [0.0749] 
2024-03-28 09:05:22.707 | INFO     | trainer:_train_one_epoch:126 - validate 34 cost time 41.11s, result: {'hit@10': 0.0368, 'ndcg@10': 0.0174, 'hit@20': 0.0693, 'ndcg@20': 0.0255, 'hit@50': 0.1564, 'ndcg@50': 0.0426, 'hit@80': 0.2084, 'ndcg@80': 0.0513} 
2024-03-28 09:05:32.325 | INFO     | trainer:_train_one_epoch:134 - test 34 cost time 9.62s, result: {'hit@10': 0.0756, 'ndcg@10': 0.0363, 'hit@20': 0.1379, 'ndcg@20': 0.0519, 'hit@50': 0.2788, 'ndcg@50': 0.0796, 'hit@80': 0.3784, 'ndcg@80': 0.0962} 
2024-03-28 09:07:18.291 | INFO     | trainer:_train_one_epoch:117 - epoch 35 105.65s Train loss is [0.0761] 
2024-03-28 09:08:06.920 | INFO     | trainer:_train_one_epoch:126 - validate 35 cost time 48.63s, result: {'hit@10': 0.0356, 'ndcg@10': 0.0167, 'hit@20': 0.068, 'ndcg@20': 0.0247, 'hit@50': 0.1552, 'ndcg@50': 0.0419, 'hit@80': 0.2081, 'ndcg@80': 0.0507} 
2024-03-28 09:08:11.087 | INFO     | trainer:_train_one_epoch:134 - test 35 cost time 4.17s, result: {'hit@10': 0.0761, 'ndcg@10': 0.0364, 'hit@20': 0.1375, 'ndcg@20': 0.0517, 'hit@50': 0.2797, 'ndcg@50': 0.0797, 'hit@80': 0.3813, 'ndcg@80': 0.0966} 
2024-03-28 09:09:58.108 | INFO     | trainer:_train_one_epoch:117 - epoch 36 107.02s Train loss is [0.0754] 
2024-03-28 09:10:59.358 | INFO     | trainer:_train_one_epoch:126 - validate 36 cost time 61.25s, result: {'hit@10': 0.0378, 'ndcg@10': 0.0184, 'hit@20': 0.07, 'ndcg@20': 0.0265, 'hit@50': 0.1574, 'ndcg@50': 0.0437, 'hit@80': 0.2108, 'ndcg@80': 0.0525} 
2024-03-28 09:11:08.462 | INFO     | trainer:_train_one_epoch:134 - test 36 cost time 9.10s, result: {'hit@10': 0.0764, 'ndcg@10': 0.0363, 'hit@20': 0.14, 'ndcg@20': 0.0523, 'hit@50': 0.2809, 'ndcg@50': 0.08, 'hit@80': 0.3826, 'ndcg@80': 0.0969} 
2024-03-28 09:12:53.309 | INFO     | trainer:_train_one_epoch:117 - epoch 37 104.55s Train loss is [0.0743] 
2024-03-28 09:14:04.135 | INFO     | trainer:_train_one_epoch:126 - validate 37 cost time 70.82s, result: {'hit@10': 0.0349, 'ndcg@10': 0.0164, 'hit@20': 0.0681, 'ndcg@20': 0.0246, 'hit@50': 0.158, 'ndcg@50': 0.0423, 'hit@80': 0.2113, 'ndcg@80': 0.0512} 
2024-03-28 09:14:11.166 | INFO     | trainer:_train_one_epoch:134 - test 37 cost time 7.03s, result: {'hit@10': 0.0754, 'ndcg@10': 0.0361, 'hit@20': 0.1386, 'ndcg@20': 0.0519, 'hit@50': 0.2827, 'ndcg@50': 0.0802, 'hit@80': 0.3837, 'ndcg@80': 0.097} 
2024-03-28 09:15:57.043 | INFO     | trainer:_train_one_epoch:117 - epoch 38 105.88s Train loss is [0.0749] 
2024-03-28 09:17:08.362 | INFO     | trainer:_train_one_epoch:126 - validate 38 cost time 71.32s, result: {'hit@10': 0.0374, 'ndcg@10': 0.0175, 'hit@20': 0.0717, 'ndcg@20': 0.026, 'hit@50': 0.1612, 'ndcg@50': 0.0437, 'hit@80': 0.2144, 'ndcg@80': 0.0525} 
2024-03-28 09:17:19.667 | INFO     | trainer:_train_one_epoch:134 - test 38 cost time 11.30s, result: {'hit@10': 0.0775, 'ndcg@10': 0.0373, 'hit@20': 0.1398, 'ndcg@20': 0.0529, 'hit@50': 0.2832, 'ndcg@50': 0.0811, 'hit@80': 0.3868, 'ndcg@80': 0.0983} 
2024-03-28 09:19:06.948 | INFO     | trainer:_train_one_epoch:117 - epoch 39 107.00s Train loss is [0.0738] 
2024-03-28 09:20:04.136 | INFO     | trainer:_train_one_epoch:126 - validate 39 cost time 57.19s, result: {'hit@10': 0.0336, 'ndcg@10': 0.0155, 'hit@20': 0.0677, 'ndcg@20': 0.0239, 'hit@50': 0.1568, 'ndcg@50': 0.0416, 'hit@80': 0.2099, 'ndcg@80': 0.0504} 
2024-03-28 09:20:15.648 | INFO     | trainer:_train_one_epoch:134 - test 39 cost time 11.51s, result: {'hit@10': 0.0747, 'ndcg@10': 0.0358, 'hit@20': 0.1368, 'ndcg@20': 0.0513, 'hit@50': 0.2824, 'ndcg@50': 0.08, 'hit@80': 0.3851, 'ndcg@80': 0.097} 
2024-03-28 09:22:02.371 | INFO     | trainer:_train_one_epoch:117 - epoch 40 106.72s Train loss is [0.0742] 
2024-03-28 09:22:38.417 | INFO     | trainer:_train_one_epoch:126 - validate 40 cost time 36.04s, result: {'hit@10': 0.0358, 'ndcg@10': 0.017, 'hit@20': 0.0698, 'ndcg@20': 0.0254, 'hit@50': 0.156, 'ndcg@50': 0.0425, 'hit@80': 0.208, 'ndcg@80': 0.0511} 
2024-03-28 09:22:44.363 | INFO     | trainer:_train_one_epoch:134 - test 40 cost time 5.95s, result: {'hit@10': 0.0756, 'ndcg@10': 0.0363, 'hit@20': 0.1413, 'ndcg@20': 0.0528, 'hit@50': 0.2854, 'ndcg@50': 0.0811, 'hit@80': 0.3835, 'ndcg@80': 0.0974} 
2024-03-28 09:24:27.167 | INFO     | trainer:_train_one_epoch:117 - epoch 41 102.80s Train loss is [0.0744] 
2024-03-28 09:25:19.556 | INFO     | trainer:_train_one_epoch:126 - validate 41 cost time 52.39s, result: {'hit@10': 0.0368, 'ndcg@10': 0.0173, 'hit@20': 0.0715, 'ndcg@20': 0.0259, 'hit@50': 0.1618, 'ndcg@50': 0.0437, 'hit@80': 0.2158, 'ndcg@80': 0.0527} 
2024-03-28 09:25:23.919 | INFO     | trainer:_train_one_epoch:134 - test 41 cost time 4.36s, result: {'hit@10': 0.0771, 'ndcg@10': 0.0369, 'hit@20': 0.1415, 'ndcg@20': 0.0531, 'hit@50': 0.2855, 'ndcg@50': 0.0814, 'hit@80': 0.3849, 'ndcg@80': 0.098} 
2024-03-28 09:27:11.522 | INFO     | trainer:_train_one_epoch:117 - epoch 42 107.60s Train loss is [0.0731] 
2024-03-28 09:28:23.483 | INFO     | trainer:_train_one_epoch:126 - validate 42 cost time 71.96s, result: {'hit@10': 0.0345, 'ndcg@10': 0.0161, 'hit@20': 0.0691, 'ndcg@20': 0.0247, 'hit@50': 0.1581, 'ndcg@50': 0.0423, 'hit@80': 0.2125, 'ndcg@80': 0.0513} 
2024-03-28 09:28:30.679 | INFO     | trainer:_train_one_epoch:134 - test 42 cost time 7.20s, result: {'hit@10': 0.0759, 'ndcg@10': 0.0366, 'hit@20': 0.1401, 'ndcg@20': 0.0527, 'hit@50': 0.2893, 'ndcg@50': 0.082, 'hit@80': 0.3876, 'ndcg@80': 0.0983} 
2024-03-28 09:30:20.033 | INFO     | trainer:_train_one_epoch:117 - epoch 43 109.35s Train loss is [0.0734] 
2024-03-28 09:31:27.761 | INFO     | trainer:_train_one_epoch:126 - validate 43 cost time 67.73s, result: {'hit@10': 0.0365, 'ndcg@10': 0.0171, 'hit@20': 0.0705, 'ndcg@20': 0.0256, 'hit@50': 0.1585, 'ndcg@50': 0.0429, 'hit@80': 0.2124, 'ndcg@80': 0.0519} 
2024-03-28 09:31:36.918 | INFO     | trainer:_train_one_epoch:134 - test 43 cost time 9.16s, result: {'hit@10': 0.0757, 'ndcg@10': 0.0369, 'hit@20': 0.1409, 'ndcg@20': 0.0532, 'hit@50': 0.2872, 'ndcg@50': 0.082, 'hit@80': 0.3831, 'ndcg@80': 0.0979} 
2024-03-28 09:33:22.181 | INFO     | trainer:_train_one_epoch:117 - epoch 44 105.26s Train loss is [0.0732] 
2024-03-28 09:34:20.830 | INFO     | trainer:_train_one_epoch:126 - validate 44 cost time 58.65s, result: {'hit@10': 0.0368, 'ndcg@10': 0.0174, 'hit@20': 0.0713, 'ndcg@20': 0.026, 'hit@50': 0.1575, 'ndcg@50': 0.0431, 'hit@80': 0.2116, 'ndcg@80': 0.052} 
2024-03-28 09:34:32.341 | INFO     | trainer:_train_one_epoch:134 - test 44 cost time 11.51s, result: {'hit@10': 0.0756, 'ndcg@10': 0.0367, 'hit@20': 0.1411, 'ndcg@20': 0.0531, 'hit@50': 0.2871, 'ndcg@50': 0.0818, 'hit@80': 0.3856, 'ndcg@80': 0.0982} 
2024-03-28 09:36:16.737 | INFO     | trainer:_train_one_epoch:117 - epoch 45 104.40s Train loss is [0.0726] 
2024-03-28 09:37:12.075 | INFO     | trainer:_train_one_epoch:126 - validate 45 cost time 55.34s, result: {'hit@10': 0.0373, 'ndcg@10': 0.0178, 'hit@20': 0.072, 'ndcg@20': 0.0264, 'hit@50': 0.1594, 'ndcg@50': 0.0437, 'hit@80': 0.2122, 'ndcg@80': 0.0524} 
2024-03-28 09:37:19.039 | INFO     | trainer:_train_one_epoch:134 - test 45 cost time 6.96s, result: {'hit@10': 0.0775, 'ndcg@10': 0.037, 'hit@20': 0.1399, 'ndcg@20': 0.0527, 'hit@50': 0.2884, 'ndcg@50': 0.0818, 'hit@80': 0.3849, 'ndcg@80': 0.0978} 
2024-03-28 09:39:07.766 | INFO     | trainer:_train_one_epoch:117 - epoch 46 108.47s Train loss is [0.0739] 
2024-03-28 09:39:42.956 | INFO     | trainer:_train_one_epoch:126 - validate 46 cost time 35.19s, result: {'hit@10': 0.0354, 'ndcg@10': 0.0163, 'hit@20': 0.0695, 'ndcg@20': 0.0248, 'hit@50': 0.1588, 'ndcg@50': 0.0425, 'hit@80': 0.2132, 'ndcg@80': 0.0515} 
2024-03-28 09:39:46.985 | INFO     | trainer:_train_one_epoch:134 - test 46 cost time 4.03s, result: {'hit@10': 0.0753, 'ndcg@10': 0.0363, 'hit@20': 0.1415, 'ndcg@20': 0.0528, 'hit@50': 0.2891, 'ndcg@50': 0.0818, 'hit@80': 0.3857, 'ndcg@80': 0.0979} 
2024-03-28 09:41:27.870 | INFO     | trainer:_train_one_epoch:117 - epoch 47 100.88s Train loss is [0.0726] 
2024-03-28 09:42:30.000 | INFO     | trainer:_train_one_epoch:126 - validate 47 cost time 62.13s, result: {'hit@10': 0.0347, 'ndcg@10': 0.0166, 'hit@20': 0.069, 'ndcg@20': 0.0251, 'hit@50': 0.159, 'ndcg@50': 0.0429, 'hit@80': 0.2133, 'ndcg@80': 0.0519} 
2024-03-28 09:42:39.421 | INFO     | trainer:_train_one_epoch:134 - test 47 cost time 9.42s, result: {'hit@10': 0.0769, 'ndcg@10': 0.0374, 'hit@20': 0.1408, 'ndcg@20': 0.0534, 'hit@50': 0.2865, 'ndcg@50': 0.082, 'hit@80': 0.3874, 'ndcg@80': 0.0988} 
2024-03-28 09:44:23.721 | INFO     | trainer:_train_one_epoch:117 - epoch 48 104.30s Train loss is [0.0724] 
2024-03-28 09:45:32.278 | INFO     | trainer:_train_one_epoch:126 - validate 48 cost time 68.56s, result: {'hit@10': 0.0373, 'ndcg@10': 0.0175, 'hit@20': 0.072, 'ndcg@20': 0.0261, 'hit@50': 0.1594, 'ndcg@50': 0.0434, 'hit@80': 0.2143, 'ndcg@80': 0.0525} 
2024-03-28 09:45:39.370 | INFO     | trainer:_train_one_epoch:134 - test 48 cost time 7.09s, result: {'hit@10': 0.0771, 'ndcg@10': 0.0373, 'hit@20': 0.1411, 'ndcg@20': 0.0534, 'hit@50': 0.2888, 'ndcg@50': 0.0825, 'hit@80': 0.3862, 'ndcg@80': 0.0987} 
2024-03-28 09:47:29.170 | INFO     | trainer:_train_one_epoch:117 - epoch 49 109.80s Train loss is [0.0721] 
2024-03-28 09:48:42.553 | INFO     | trainer:_train_one_epoch:126 - validate 49 cost time 73.38s, result: {'hit@10': 0.0381, 'ndcg@10': 0.0177, 'hit@20': 0.0728, 'ndcg@20': 0.0263, 'hit@50': 0.1597, 'ndcg@50': 0.0435, 'hit@80': 0.2138, 'ndcg@80': 0.0525} 
2024-03-28 09:48:51.898 | INFO     | trainer:_train_one_epoch:134 - test 49 cost time 9.34s, result: {'hit@10': 0.0756, 'ndcg@10': 0.0363, 'hit@20': 0.1415, 'ndcg@20': 0.0528, 'hit@50': 0.2866, 'ndcg@50': 0.0813, 'hit@80': 0.3832, 'ndcg@80': 0.0974} 
2024-03-28 09:50:38.813 | INFO     | trainer:_train_one_epoch:117 - epoch 50 106.56s Train loss is [0.0721] 
2024-03-28 09:51:41.688 | INFO     | trainer:_train_one_epoch:126 - validate 50 cost time 62.87s, result: {'hit@10': 0.04, 'ndcg@10': 0.0188, 'hit@20': 0.0754, 'ndcg@20': 0.0276, 'hit@50': 0.1645, 'ndcg@50': 0.0452, 'hit@80': 0.2194, 'ndcg@80': 0.0543} 
2024-03-28 09:51:53.163 | INFO     | trainer:_train_one_epoch:134 - test 50 cost time 11.47s, result: {'hit@10': 0.0766, 'ndcg@10': 0.0368, 'hit@20': 0.1441, 'ndcg@20': 0.0537, 'hit@50': 0.2905, 'ndcg@50': 0.0825, 'hit@80': 0.386, 'ndcg@80': 0.0984} 
2024-03-28 09:53:37.935 | INFO     | trainer:_train_one_epoch:117 - epoch 51 104.45s Train loss is [0.0714] 
2024-03-28 09:54:13.525 | INFO     | trainer:_train_one_epoch:126 - validate 51 cost time 35.59s, result: {'hit@10': 0.0374, 'ndcg@10': 0.0177, 'hit@20': 0.0718, 'ndcg@20': 0.0263, 'hit@50': 0.1616, 'ndcg@50': 0.044, 'hit@80': 0.2161, 'ndcg@80': 0.0531} 
2024-03-28 09:54:20.614 | INFO     | trainer:_train_one_epoch:134 - test 51 cost time 7.09s, result: {'hit@10': 0.0785, 'ndcg@10': 0.0377, 'hit@20': 0.1425, 'ndcg@20': 0.0538, 'hit@50': 0.2896, 'ndcg@50': 0.0827, 'hit@80': 0.3877, 'ndcg@80': 0.099} 
2024-03-28 09:56:05.189 | INFO     | trainer:_train_one_epoch:117 - epoch 52 104.57s Train loss is [0.0718] 
2024-03-28 09:56:49.265 | INFO     | trainer:_train_one_epoch:126 - validate 52 cost time 44.07s, result: {'hit@10': 0.0355, 'ndcg@10': 0.0166, 'hit@20': 0.0701, 'ndcg@20': 0.0252, 'hit@50': 0.1578, 'ndcg@50': 0.0425, 'hit@80': 0.2108, 'ndcg@80': 0.0513} 
2024-03-28 09:56:54.758 | INFO     | trainer:_train_one_epoch:134 - test 52 cost time 5.49s, result: {'hit@10': 0.0792, 'ndcg@10': 0.0379, 'hit@20': 0.1411, 'ndcg@20': 0.0534, 'hit@50': 0.2886, 'ndcg@50': 0.0824, 'hit@80': 0.3845, 'ndcg@80': 0.0983} 
2024-03-28 09:58:41.239 | INFO     | trainer:_train_one_epoch:117 - epoch 53 106.48s Train loss is [0.0718] 
2024-03-28 09:59:50.882 | INFO     | trainer:_train_one_epoch:126 - validate 53 cost time 69.64s, result: {'hit@10': 0.0355, 'ndcg@10': 0.0165, 'hit@20': 0.0699, 'ndcg@20': 0.0251, 'hit@50': 0.1575, 'ndcg@50': 0.0424, 'hit@80': 0.2111, 'ndcg@80': 0.0513} 
2024-03-28 09:59:58.128 | INFO     | trainer:_train_one_epoch:134 - test 53 cost time 7.25s, result: {'hit@10': 0.0785, 'ndcg@10': 0.0375, 'hit@20': 0.1396, 'ndcg@20': 0.0528, 'hit@50': 0.2883, 'ndcg@50': 0.0821, 'hit@80': 0.387, 'ndcg@80': 0.0985} 
2024-03-28 10:01:43.819 | INFO     | trainer:_train_one_epoch:117 - epoch 54 105.69s Train loss is [0.0713] 
2024-03-28 10:02:55.732 | INFO     | trainer:_train_one_epoch:126 - validate 54 cost time 71.91s, result: {'hit@10': 0.0356, 'ndcg@10': 0.0166, 'hit@20': 0.0711, 'ndcg@20': 0.0255, 'hit@50': 0.1575, 'ndcg@50': 0.0426, 'hit@80': 0.2118, 'ndcg@80': 0.0516} 
2024-03-28 10:03:05.110 | INFO     | trainer:_train_one_epoch:134 - test 54 cost time 9.38s, result: {'hit@10': 0.079, 'ndcg@10': 0.0377, 'hit@20': 0.142, 'ndcg@20': 0.0535, 'hit@50': 0.2899, 'ndcg@50': 0.0825, 'hit@80': 0.3888, 'ndcg@80': 0.0989} 
2024-03-28 10:04:48.894 | INFO     | trainer:_train_one_epoch:117 - epoch 55 103.78s Train loss is [0.0713] 
2024-03-28 10:06:00.090 | INFO     | trainer:_train_one_epoch:126 - validate 55 cost time 71.20s, result: {'hit@10': 0.034, 'ndcg@10': 0.0156, 'hit@20': 0.0689, 'ndcg@20': 0.0243, 'hit@50': 0.1584, 'ndcg@50': 0.042, 'hit@80': 0.2129, 'ndcg@80': 0.0511} 
2024-03-28 10:06:10.140 | INFO     | trainer:_train_one_epoch:134 - test 55 cost time 10.05s, result: {'hit@10': 0.078, 'ndcg@10': 0.0368, 'hit@20': 0.143, 'ndcg@20': 0.0531, 'hit@50': 0.2869, 'ndcg@50': 0.0814, 'hit@80': 0.3859, 'ndcg@80': 0.0979} 
2024-03-28 10:07:58.173 | INFO     | trainer:_train_one_epoch:117 - epoch 56 108.03s Train loss is [0.0700] 
2024-03-28 10:08:46.398 | INFO     | trainer:_train_one_epoch:126 - validate 56 cost time 48.22s, result: {'hit@10': 0.0363, 'ndcg@10': 0.0166, 'hit@20': 0.0724, 'ndcg@20': 0.0256, 'hit@50': 0.1618, 'ndcg@50': 0.0433, 'hit@80': 0.2166, 'ndcg@80': 0.0524} 
2024-03-28 10:08:57.643 | INFO     | trainer:_train_one_epoch:134 - test 56 cost time 11.24s, result: {'hit@10': 0.08, 'ndcg@10': 0.038, 'hit@20': 0.1435, 'ndcg@20': 0.054, 'hit@50': 0.292, 'ndcg@50': 0.0832, 'hit@80': 0.3897, 'ndcg@80': 0.0995} 
2024-03-28 10:10:39.131 | INFO     | trainer:_train_one_epoch:117 - epoch 57 101.49s Train loss is [0.0712] 
2024-03-28 10:11:18.760 | INFO     | trainer:_train_one_epoch:126 - validate 57 cost time 39.63s, result: {'hit@10': 0.0369, 'ndcg@10': 0.0172, 'hit@20': 0.0721, 'ndcg@20': 0.026, 'hit@50': 0.1622, 'ndcg@50': 0.0438, 'hit@80': 0.2169, 'ndcg@80': 0.0528} 
2024-03-28 10:11:22.890 | INFO     | trainer:_train_one_epoch:134 - test 57 cost time 4.13s, result: {'hit@10': 0.0782, 'ndcg@10': 0.0375, 'hit@20': 0.1432, 'ndcg@20': 0.0538, 'hit@50': 0.2877, 'ndcg@50': 0.0823, 'hit@80': 0.3885, 'ndcg@80': 0.099} 
2024-03-28 10:13:06.801 | INFO     | trainer:_train_one_epoch:117 - epoch 58 103.91s Train loss is [0.0696] 
2024-03-28 10:14:12.982 | INFO     | trainer:_train_one_epoch:126 - validate 58 cost time 66.18s, result: {'hit@10': 0.0354, 'ndcg@10': 0.0164, 'hit@20': 0.0719, 'ndcg@20': 0.0255, 'hit@50': 0.1645, 'ndcg@50': 0.0438, 'hit@80': 0.2208, 'ndcg@80': 0.0532} 
2024-03-28 10:14:22.112 | INFO     | trainer:_train_one_epoch:134 - test 58 cost time 9.13s, result: {'hit@10': 0.079, 'ndcg@10': 0.0376, 'hit@20': 0.1414, 'ndcg@20': 0.0532, 'hit@50': 0.2868, 'ndcg@50': 0.0819, 'hit@80': 0.389, 'ndcg@80': 0.0989} 
2024-03-28 10:16:07.799 | INFO     | trainer:_train_one_epoch:117 - epoch 59 105.69s Train loss is [0.0707] 
2024-03-28 10:17:22.154 | INFO     | trainer:_train_one_epoch:126 - validate 59 cost time 74.35s, result: {'hit@10': 0.0355, 'ndcg@10': 0.0165, 'hit@20': 0.0713, 'ndcg@20': 0.0254, 'hit@50': 0.1618, 'ndcg@50': 0.0433, 'hit@80': 0.2186, 'ndcg@80': 0.0528} 
2024-03-28 10:17:30.361 | INFO     | trainer:_train_one_epoch:134 - test 59 cost time 8.21s, result: {'hit@10': 0.0783, 'ndcg@10': 0.0375, 'hit@20': 0.1399, 'ndcg@20': 0.0529, 'hit@50': 0.2871, 'ndcg@50': 0.082, 'hit@80': 0.387, 'ndcg@80': 0.0986} 
2024-03-28 10:19:14.567 | INFO     | trainer:_train_one_epoch:117 - epoch 60 104.20s Train loss is [0.0710] 
2024-03-28 10:20:25.307 | INFO     | trainer:_train_one_epoch:126 - validate 60 cost time 70.74s, result: {'hit@10': 0.0373, 'ndcg@10': 0.0173, 'hit@20': 0.0739, 'ndcg@20': 0.0264, 'hit@50': 0.163, 'ndcg@50': 0.0441, 'hit@80': 0.2199, 'ndcg@80': 0.0535} 
2024-03-28 10:20:36.065 | INFO     | trainer:_train_one_epoch:134 - test 60 cost time 10.76s, result: {'hit@10': 0.0782, 'ndcg@10': 0.0373, 'hit@20': 0.1393, 'ndcg@20': 0.0527, 'hit@50': 0.2875, 'ndcg@50': 0.0819, 'hit@80': 0.3848, 'ndcg@80': 0.098} 
2024-03-28 10:20:36.066 | INFO     | trainer:train_model:88 - training end, best iteration 50, results: {'hit@10': 0.04, 'ndcg@10': 0.0188, 'hit@20': 0.0754, 'ndcg@20': 0.0276, 'hit@50': 0.1645, 'ndcg@50': 0.0452, 'hit@80': 0.2194, 'ndcg@80': 0.0543}
2024-03-28 10:20:36.066 | INFO     | trainer:train_model:90 - final test result is:  {'hit@10': 0.0766, 'ndcg@10': 0.0368, 'hit@20': 0.1441, 'ndcg@20': 0.0537, 'hit@50': 0.2905, 'ndcg@50': 0.0825, 'hit@80': 0.386, 'ndcg@80': 0.0984}
2024-03-28 10:20:36.131 | INFO     | __main__:<module>:109 - train end total cost time: 10956.827819347382
