2024-06-15 23:27:27.752 | INFO     | __main__:<module>:97 - Namespace(TIME='2024-06-15 23_25_39', batch_size=1024, behaviors=['click', 'collect', 'cart', 'buy'], beta=0.3, check_point='', data_name='tmall', data_path='../data/Tmall', decay=0.0, device='cuda:5', embedding_size=64, epochs=200, gpu_no=1, if_load_model=False, lamb=0.5, layers=2, log_name='tmall', loss_type='bpr', lr=0.001, metrics=['hit', 'ndcg'], min_epoch=5, model_name='model_var', model_path='./check_point', neg_count=10, reg_weight=0.001, test_batch_size=1024, topk=[10, 20, 50, 80])
2024-06-15 23:27:27.754 | INFO     | __main__:<module>:98 - UIPL(
  (user_embedding): Embedding(41739, 64, padding_idx=0)
  (item_embedding): Embedding(11954, 64, padding_idx=0)
  (global_Graph): LightGCN()
  (behavior_Graphs): ModuleList(
    (0): LightGCN()
    (1): LightGCN()
    (2): LightGCN()
    (3): LightGCN()
  )
  (M): Sequential(
    (0): Linear(in_features=64, out_features=64, bias=True)
    (1): Tanh()
    (2): Linear(in_features=64, out_features=64, bias=True)
    (3): Tanh()
  )
  (bpr_loss): BPRLoss()
  (emb_loss): EmbLoss()
  (cross_loss): BCELoss()
)
2024-06-15 23:28:42.392 | INFO     | trainer:_train_one_epoch:118 - epoch 1 74.64s Train loss is [0.3953] 
2024-06-15 23:29:01.740 | INFO     | trainer:_train_one_epoch:127 - validate 1 cost time 19.35s, result: {'hit@10': 0.0849, 'ndcg@10': 0.0349, 'hit@20': 0.1249, 'ndcg@20': 0.0424, 'hit@50': 0.1988, 'ndcg@50': 0.0533, 'hit@80': 0.2513, 'ndcg@80': 0.0603} 
2024-06-15 23:29:15.639 | INFO     | trainer:_train_one_epoch:135 - test 1 cost time 13.90s, result: {'hit@10': 0.0518, 'ndcg@10': 0.0278, 'hit@20': 0.0768, 'ndcg@20': 0.0338, 'hit@50': 0.1256, 'ndcg@50': 0.0431, 'hit@80': 0.1612, 'ndcg@80': 0.0489} 
2024-06-15 23:30:26.734 | INFO     | trainer:_train_one_epoch:118 - epoch 2 70.95s Train loss is [0.3153] 
2024-06-15 23:30:46.635 | INFO     | trainer:_train_one_epoch:127 - validate 2 cost time 19.90s, result: {'hit@10': 0.1139, 'ndcg@10': 0.0473, 'hit@20': 0.1634, 'ndcg@20': 0.0567, 'hit@50': 0.251, 'ndcg@50': 0.0705, 'hit@80': 0.3096, 'ndcg@80': 0.0785} 
2024-06-15 23:31:00.612 | INFO     | trainer:_train_one_epoch:135 - test 2 cost time 13.98s, result: {'hit@10': 0.0689, 'ndcg@10': 0.0366, 'hit@20': 0.1008, 'ndcg@20': 0.0443, 'hit@50': 0.1623, 'ndcg@50': 0.0561, 'hit@80': 0.2039, 'ndcg@80': 0.0628} 
2024-06-15 23:32:14.294 | INFO     | trainer:_train_one_epoch:118 - epoch 3 73.35s Train loss is [0.2824] 
2024-06-15 23:32:41.513 | INFO     | trainer:_train_one_epoch:127 - validate 3 cost time 27.21s, result: {'hit@10': 0.1267, 'ndcg@10': 0.053, 'hit@20': 0.1797, 'ndcg@20': 0.0633, 'hit@50': 0.2742, 'ndcg@50': 0.0781, 'hit@80': 0.3352, 'ndcg@80': 0.0867} 
2024-06-15 23:33:00.637 | INFO     | trainer:_train_one_epoch:135 - test 3 cost time 19.12s, result: {'hit@10': 0.0775, 'ndcg@10': 0.0404, 'hit@20': 0.111, 'ndcg@20': 0.0486, 'hit@50': 0.1769, 'ndcg@50': 0.0613, 'hit@80': 0.2217, 'ndcg@80': 0.0685} 
2024-06-15 23:34:14.779 | INFO     | trainer:_train_one_epoch:118 - epoch 4 73.91s Train loss is [0.2633] 
2024-06-15 23:34:35.110 | INFO     | trainer:_train_one_epoch:127 - validate 4 cost time 20.33s, result: {'hit@10': 0.1375, 'ndcg@10': 0.0576, 'hit@20': 0.1937, 'ndcg@20': 0.0686, 'hit@50': 0.2913, 'ndcg@50': 0.084, 'hit@80': 0.3539, 'ndcg@80': 0.0928} 
2024-06-15 23:34:48.815 | INFO     | trainer:_train_one_epoch:135 - test 4 cost time 13.70s, result: {'hit@10': 0.0835, 'ndcg@10': 0.0449, 'hit@20': 0.1213, 'ndcg@20': 0.0541, 'hit@50': 0.1901, 'ndcg@50': 0.0674, 'hit@80': 0.236, 'ndcg@80': 0.0748} 
2024-06-15 23:36:00.745 | INFO     | trainer:_train_one_epoch:118 - epoch 5 71.74s Train loss is [0.2487] 
2024-06-15 23:36:19.394 | INFO     | trainer:_train_one_epoch:127 - validate 5 cost time 18.65s, result: {'hit@10': 0.1482, 'ndcg@10': 0.062, 'hit@20': 0.2085, 'ndcg@20': 0.0738, 'hit@50': 0.3109, 'ndcg@50': 0.0902, 'hit@80': 0.3739, 'ndcg@80': 0.0992} 
2024-06-15 23:36:33.801 | INFO     | trainer:_train_one_epoch:135 - test 5 cost time 14.41s, result: {'hit@10': 0.0897, 'ndcg@10': 0.0477, 'hit@20': 0.1311, 'ndcg@20': 0.0578, 'hit@50': 0.2036, 'ndcg@50': 0.0717, 'hit@80': 0.249, 'ndcg@80': 0.0791} 
2024-06-15 23:37:42.338 | INFO     | trainer:_train_one_epoch:118 - epoch 6 68.38s Train loss is [0.2392] 
2024-06-15 23:38:01.406 | INFO     | trainer:_train_one_epoch:127 - validate 6 cost time 19.06s, result: {'hit@10': 0.1584, 'ndcg@10': 0.0669, 'hit@20': 0.218, 'ndcg@20': 0.0787, 'hit@50': 0.323, 'ndcg@50': 0.0956, 'hit@80': 0.3856, 'ndcg@80': 0.1046} 
2024-06-15 23:38:15.147 | INFO     | trainer:_train_one_epoch:135 - test 6 cost time 13.74s, result: {'hit@10': 0.095, 'ndcg@10': 0.0507, 'hit@20': 0.1384, 'ndcg@20': 0.0612, 'hit@50': 0.2125, 'ndcg@50': 0.0755, 'hit@80': 0.2609, 'ndcg@80': 0.0833} 
2024-06-15 23:39:28.919 | INFO     | trainer:_train_one_epoch:118 - epoch 7 73.53s Train loss is [0.2304] 
2024-06-15 23:39:47.946 | INFO     | trainer:_train_one_epoch:127 - validate 7 cost time 19.03s, result: {'hit@10': 0.163, 'ndcg@10': 0.0692, 'hit@20': 0.2257, 'ndcg@20': 0.0816, 'hit@50': 0.3311, 'ndcg@50': 0.0986, 'hit@80': 0.3955, 'ndcg@80': 0.1079} 
2024-06-15 23:40:01.276 | INFO     | trainer:_train_one_epoch:135 - test 7 cost time 13.32s, result: {'hit@10': 0.0982, 'ndcg@10': 0.0523, 'hit@20': 0.141, 'ndcg@20': 0.0626, 'hit@50': 0.2159, 'ndcg@50': 0.077, 'hit@80': 0.2652, 'ndcg@80': 0.085} 
2024-06-15 23:41:11.481 | INFO     | trainer:_train_one_epoch:118 - epoch 8 70.06s Train loss is [0.2246] 
2024-06-15 23:41:37.456 | INFO     | trainer:_train_one_epoch:127 - validate 8 cost time 25.97s, result: {'hit@10': 0.1688, 'ndcg@10': 0.0723, 'hit@20': 0.2324, 'ndcg@20': 0.0849, 'hit@50': 0.3387, 'ndcg@50': 0.1023, 'hit@80': 0.4044, 'ndcg@80': 0.1117} 
2024-06-15 23:41:56.588 | INFO     | trainer:_train_one_epoch:135 - test 8 cost time 19.13s, result: {'hit@10': 0.1015, 'ndcg@10': 0.0538, 'hit@20': 0.1462, 'ndcg@20': 0.0647, 'hit@50': 0.2243, 'ndcg@50': 0.0797, 'hit@80': 0.2742, 'ndcg@80': 0.0878} 
2024-06-15 23:43:12.031 | INFO     | trainer:_train_one_epoch:118 - epoch 9 75.27s Train loss is [0.2202] 
2024-06-15 23:43:32.982 | INFO     | trainer:_train_one_epoch:127 - validate 9 cost time 20.95s, result: {'hit@10': 0.1741, 'ndcg@10': 0.0742, 'hit@20': 0.2393, 'ndcg@20': 0.0872, 'hit@50': 0.3471, 'ndcg@50': 0.1048, 'hit@80': 0.411, 'ndcg@80': 0.1141} 
2024-06-15 23:43:47.191 | INFO     | trainer:_train_one_epoch:135 - test 9 cost time 14.21s, result: {'hit@10': 0.1032, 'ndcg@10': 0.0555, 'hit@20': 0.1475, 'ndcg@20': 0.0664, 'hit@50': 0.2274, 'ndcg@50': 0.0817, 'hit@80': 0.2784, 'ndcg@80': 0.09} 
2024-06-15 23:44:58.176 | INFO     | trainer:_train_one_epoch:118 - epoch 10 70.85s Train loss is [0.2143] 
2024-06-15 23:45:18.007 | INFO     | trainer:_train_one_epoch:127 - validate 10 cost time 19.83s, result: {'hit@10': 0.1768, 'ndcg@10': 0.0757, 'hit@20': 0.2431, 'ndcg@20': 0.089, 'hit@50': 0.3533, 'ndcg@50': 0.1069, 'hit@80': 0.4188, 'ndcg@80': 0.1167} 
2024-06-15 23:45:32.083 | INFO     | trainer:_train_one_epoch:135 - test 10 cost time 14.07s, result: {'hit@10': 0.1062, 'ndcg@10': 0.0569, 'hit@20': 0.151, 'ndcg@20': 0.0678, 'hit@50': 0.2315, 'ndcg@50': 0.0832, 'hit@80': 0.2825, 'ndcg@80': 0.0915} 
2024-06-15 23:46:44.403 | INFO     | trainer:_train_one_epoch:118 - epoch 11 72.15s Train loss is [0.2105] 
2024-06-15 23:47:10.841 | INFO     | trainer:_train_one_epoch:127 - validate 11 cost time 26.44s, result: {'hit@10': 0.1788, 'ndcg@10': 0.0765, 'hit@20': 0.247, 'ndcg@20': 0.0898, 'hit@50': 0.3557, 'ndcg@50': 0.1079, 'hit@80': 0.4224, 'ndcg@80': 0.1177} 
2024-06-15 23:47:25.257 | INFO     | trainer:_train_one_epoch:135 - test 11 cost time 14.41s, result: {'hit@10': 0.1066, 'ndcg@10': 0.0575, 'hit@20': 0.1524, 'ndcg@20': 0.0687, 'hit@50': 0.2348, 'ndcg@50': 0.0845, 'hit@80': 0.2874, 'ndcg@80': 0.093} 
2024-06-15 23:48:38.855 | INFO     | trainer:_train_one_epoch:118 - epoch 12 73.43s Train loss is [0.2080] 
2024-06-15 23:48:59.087 | INFO     | trainer:_train_one_epoch:127 - validate 12 cost time 20.23s, result: {'hit@10': 0.1846, 'ndcg@10': 0.0787, 'hit@20': 0.252, 'ndcg@20': 0.0922, 'hit@50': 0.3615, 'ndcg@50': 0.1105, 'hit@80': 0.4281, 'ndcg@80': 0.1202} 
2024-06-15 23:49:12.722 | INFO     | trainer:_train_one_epoch:135 - test 12 cost time 13.63s, result: {'hit@10': 0.11, 'ndcg@10': 0.0596, 'hit@20': 0.1565, 'ndcg@20': 0.0709, 'hit@50': 0.2378, 'ndcg@50': 0.0865, 'hit@80': 0.2902, 'ndcg@80': 0.095} 
2024-06-15 23:50:23.339 | INFO     | trainer:_train_one_epoch:118 - epoch 13 70.37s Train loss is [0.2043] 
2024-06-15 23:50:43.109 | INFO     | trainer:_train_one_epoch:127 - validate 13 cost time 19.77s, result: {'hit@10': 0.1869, 'ndcg@10': 0.0798, 'hit@20': 0.2543, 'ndcg@20': 0.0934, 'hit@50': 0.368, 'ndcg@50': 0.1122, 'hit@80': 0.4335, 'ndcg@80': 0.1219} 
2024-06-15 23:51:00.349 | INFO     | trainer:_train_one_epoch:135 - test 13 cost time 17.24s, result: {'hit@10': 0.1106, 'ndcg@10': 0.0598, 'hit@20': 0.1588, 'ndcg@20': 0.0716, 'hit@50': 0.2414, 'ndcg@50': 0.0875, 'hit@80': 0.2947, 'ndcg@80': 0.0961} 
2024-06-15 23:52:13.695 | INFO     | trainer:_train_one_epoch:118 - epoch 14 73.19s Train loss is [0.2021] 
2024-06-15 23:52:33.454 | INFO     | trainer:_train_one_epoch:127 - validate 14 cost time 19.76s, result: {'hit@10': 0.1873, 'ndcg@10': 0.0803, 'hit@20': 0.2564, 'ndcg@20': 0.0943, 'hit@50': 0.3669, 'ndcg@50': 0.1127, 'hit@80': 0.4345, 'ndcg@80': 0.1227} 
2024-06-15 23:52:46.957 | INFO     | trainer:_train_one_epoch:135 - test 14 cost time 13.50s, result: {'hit@10': 0.1115, 'ndcg@10': 0.0598, 'hit@20': 0.1585, 'ndcg@20': 0.0714, 'hit@50': 0.2428, 'ndcg@50': 0.0876, 'hit@80': 0.2958, 'ndcg@80': 0.0961} 
2024-06-15 23:53:58.382 | INFO     | trainer:_train_one_epoch:118 - epoch 15 71.25s Train loss is [0.2004] 
2024-06-15 23:54:19.423 | INFO     | trainer:_train_one_epoch:127 - validate 15 cost time 21.04s, result: {'hit@10': 0.1915, 'ndcg@10': 0.0822, 'hit@20': 0.2598, 'ndcg@20': 0.096, 'hit@50': 0.3745, 'ndcg@50': 0.115, 'hit@80': 0.4401, 'ndcg@80': 0.1248} 
2024-06-15 23:54:33.324 | INFO     | trainer:_train_one_epoch:135 - test 15 cost time 13.90s, result: {'hit@10': 0.1138, 'ndcg@10': 0.0616, 'hit@20': 0.1625, 'ndcg@20': 0.0734, 'hit@50': 0.2458, 'ndcg@50': 0.0895, 'hit@80': 0.2989, 'ndcg@80': 0.0981} 
2024-06-15 23:55:47.154 | INFO     | trainer:_train_one_epoch:118 - epoch 16 73.68s Train loss is [0.1976] 
2024-06-15 23:56:14.326 | INFO     | trainer:_train_one_epoch:127 - validate 16 cost time 27.17s, result: {'hit@10': 0.1926, 'ndcg@10': 0.0826, 'hit@20': 0.2605, 'ndcg@20': 0.0963, 'hit@50': 0.3748, 'ndcg@50': 0.1153, 'hit@80': 0.4409, 'ndcg@80': 0.1252} 
2024-06-15 23:56:33.909 | INFO     | trainer:_train_one_epoch:135 - test 16 cost time 19.58s, result: {'hit@10': 0.1139, 'ndcg@10': 0.0614, 'hit@20': 0.1614, 'ndcg@20': 0.073, 'hit@50': 0.2473, 'ndcg@50': 0.0894, 'hit@80': 0.3009, 'ndcg@80': 0.0981} 
2024-06-15 23:57:43.176 | INFO     | trainer:_train_one_epoch:118 - epoch 17 69.07s Train loss is [0.1952] 
2024-06-15 23:58:02.684 | INFO     | trainer:_train_one_epoch:127 - validate 17 cost time 19.51s, result: {'hit@10': 0.1927, 'ndcg@10': 0.082, 'hit@20': 0.2633, 'ndcg@20': 0.0962, 'hit@50': 0.3775, 'ndcg@50': 0.1153, 'hit@80': 0.4435, 'ndcg@80': 0.1251} 
2024-06-15 23:58:17.447 | INFO     | trainer:_train_one_epoch:135 - test 17 cost time 14.76s, result: {'hit@10': 0.1144, 'ndcg@10': 0.0613, 'hit@20': 0.163, 'ndcg@20': 0.0732, 'hit@50': 0.2473, 'ndcg@50': 0.0894, 'hit@80': 0.3024, 'ndcg@80': 0.0983} 
2024-06-15 23:59:28.742 | INFO     | trainer:_train_one_epoch:118 - epoch 18 71.12s Train loss is [0.1949] 
2024-06-15 23:59:48.809 | INFO     | trainer:_train_one_epoch:127 - validate 18 cost time 20.07s, result: {'hit@10': 0.1961, 'ndcg@10': 0.0837, 'hit@20': 0.2667, 'ndcg@20': 0.098, 'hit@50': 0.3821, 'ndcg@50': 0.1172, 'hit@80': 0.4502, 'ndcg@80': 0.1274} 
2024-06-16 00:00:02.406 | INFO     | trainer:_train_one_epoch:135 - test 18 cost time 13.60s, result: {'hit@10': 0.1174, 'ndcg@10': 0.0628, 'hit@20': 0.1674, 'ndcg@20': 0.0751, 'hit@50': 0.2535, 'ndcg@50': 0.0916, 'hit@80': 0.3069, 'ndcg@80': 0.1004} 
2024-06-16 00:01:14.311 | INFO     | trainer:_train_one_epoch:118 - epoch 19 71.74s Train loss is [0.1930] 
2024-06-16 00:01:34.466 | INFO     | trainer:_train_one_epoch:127 - validate 19 cost time 20.15s, result: {'hit@10': 0.1958, 'ndcg@10': 0.0838, 'hit@20': 0.2667, 'ndcg@20': 0.098, 'hit@50': 0.3817, 'ndcg@50': 0.1171, 'hit@80': 0.4499, 'ndcg@80': 0.1274} 
2024-06-16 00:01:48.641 | INFO     | trainer:_train_one_epoch:135 - test 19 cost time 14.17s, result: {'hit@10': 0.1157, 'ndcg@10': 0.0625, 'hit@20': 0.1663, 'ndcg@20': 0.0748, 'hit@50': 0.253, 'ndcg@50': 0.0916, 'hit@80': 0.3082, 'ndcg@80': 0.1005} 
2024-06-16 00:03:01.045 | INFO     | trainer:_train_one_epoch:118 - epoch 20 72.40s Train loss is [0.1923] 
2024-06-16 00:03:20.431 | INFO     | trainer:_train_one_epoch:127 - validate 20 cost time 19.39s, result: {'hit@10': 0.1969, 'ndcg@10': 0.0849, 'hit@20': 0.2704, 'ndcg@20': 0.0999, 'hit@50': 0.3855, 'ndcg@50': 0.119, 'hit@80': 0.4535, 'ndcg@80': 0.1292} 
2024-06-16 00:03:34.264 | INFO     | trainer:_train_one_epoch:135 - test 20 cost time 13.83s, result: {'hit@10': 0.1187, 'ndcg@10': 0.0644, 'hit@20': 0.1689, 'ndcg@20': 0.0766, 'hit@50': 0.2555, 'ndcg@50': 0.0933, 'hit@80': 0.3103, 'ndcg@80': 0.1022} 
2024-06-16 00:04:48.680 | INFO     | trainer:_train_one_epoch:118 - epoch 21 74.31s Train loss is [0.1913] 
2024-06-16 00:05:13.225 | INFO     | trainer:_train_one_epoch:127 - validate 21 cost time 24.54s, result: {'hit@10': 0.1994, 'ndcg@10': 0.0851, 'hit@20': 0.2714, 'ndcg@20': 0.0998, 'hit@50': 0.3878, 'ndcg@50': 0.1192, 'hit@80': 0.4538, 'ndcg@80': 0.1291} 
2024-06-16 00:05:32.229 | INFO     | trainer:_train_one_epoch:135 - test 21 cost time 19.00s, result: {'hit@10': 0.1206, 'ndcg@10': 0.0648, 'hit@20': 0.1703, 'ndcg@20': 0.0769, 'hit@50': 0.2557, 'ndcg@50': 0.0935, 'hit@80': 0.3109, 'ndcg@80': 0.1024} 
2024-06-16 00:06:47.176 | INFO     | trainer:_train_one_epoch:118 - epoch 22 74.74s Train loss is [0.1898] 
2024-06-16 00:07:07.090 | INFO     | trainer:_train_one_epoch:127 - validate 22 cost time 19.91s, result: {'hit@10': 0.201, 'ndcg@10': 0.0864, 'hit@20': 0.274, 'ndcg@20': 0.1014, 'hit@50': 0.3904, 'ndcg@50': 0.1209, 'hit@80': 0.4585, 'ndcg@80': 0.1312} 
2024-06-16 00:07:20.810 | INFO     | trainer:_train_one_epoch:135 - test 22 cost time 13.72s, result: {'hit@10': 0.1199, 'ndcg@10': 0.0649, 'hit@20': 0.172, 'ndcg@20': 0.0777, 'hit@50': 0.2585, 'ndcg@50': 0.0944, 'hit@80': 0.3135, 'ndcg@80': 0.1033} 
2024-06-16 00:08:36.878 | INFO     | trainer:_train_one_epoch:118 - epoch 23 75.87s Train loss is [0.1879] 
2024-06-16 00:08:56.892 | INFO     | trainer:_train_one_epoch:127 - validate 23 cost time 20.00s, result: {'hit@10': 0.2007, 'ndcg@10': 0.086, 'hit@20': 0.2744, 'ndcg@20': 0.101, 'hit@50': 0.3921, 'ndcg@50': 0.1209, 'hit@80': 0.458, 'ndcg@80': 0.1308} 
2024-06-16 00:09:10.185 | INFO     | trainer:_train_one_epoch:135 - test 23 cost time 13.29s, result: {'hit@10': 0.12, 'ndcg@10': 0.0648, 'hit@20': 0.1728, 'ndcg@20': 0.0776, 'hit@50': 0.2592, 'ndcg@50': 0.0944, 'hit@80': 0.3149, 'ndcg@80': 0.1035} 
2024-06-16 00:10:24.375 | INFO     | trainer:_train_one_epoch:118 - epoch 24 74.02s Train loss is [0.1870] 
2024-06-16 00:10:48.898 | INFO     | trainer:_train_one_epoch:127 - validate 24 cost time 24.52s, result: {'hit@10': 0.2047, 'ndcg@10': 0.088, 'hit@20': 0.2785, 'ndcg@20': 0.1028, 'hit@50': 0.3934, 'ndcg@50': 0.1221, 'hit@80': 0.4612, 'ndcg@80': 0.1323} 
2024-06-16 00:11:02.321 | INFO     | trainer:_train_one_epoch:135 - test 24 cost time 13.41s, result: {'hit@10': 0.1221, 'ndcg@10': 0.0661, 'hit@20': 0.1723, 'ndcg@20': 0.0783, 'hit@50': 0.2621, 'ndcg@50': 0.0957, 'hit@80': 0.3179, 'ndcg@80': 0.1048} 
2024-06-16 00:12:14.720 | INFO     | trainer:_train_one_epoch:118 - epoch 25 72.25s Train loss is [0.1858] 
2024-06-16 00:12:34.494 | INFO     | trainer:_train_one_epoch:127 - validate 25 cost time 19.77s, result: {'hit@10': 0.205, 'ndcg@10': 0.0877, 'hit@20': 0.2789, 'ndcg@20': 0.1026, 'hit@50': 0.3934, 'ndcg@50': 0.122, 'hit@80': 0.4616, 'ndcg@80': 0.1322} 
2024-06-16 00:12:47.947 | INFO     | trainer:_train_one_epoch:135 - test 25 cost time 13.45s, result: {'hit@10': 0.1227, 'ndcg@10': 0.0662, 'hit@20': 0.1724, 'ndcg@20': 0.0783, 'hit@50': 0.2613, 'ndcg@50': 0.0954, 'hit@80': 0.3171, 'ndcg@80': 0.1045} 
2024-06-16 00:14:01.075 | INFO     | trainer:_train_one_epoch:118 - epoch 26 72.88s Train loss is [0.1843] 
2024-06-16 00:14:22.013 | INFO     | trainer:_train_one_epoch:127 - validate 26 cost time 20.93s, result: {'hit@10': 0.2038, 'ndcg@10': 0.0875, 'hit@20': 0.2782, 'ndcg@20': 0.1024, 'hit@50': 0.3963, 'ndcg@50': 0.1224, 'hit@80': 0.466, 'ndcg@80': 0.1329} 
2024-06-16 00:14:40.926 | INFO     | trainer:_train_one_epoch:135 - test 26 cost time 18.91s, result: {'hit@10': 0.1247, 'ndcg@10': 0.0675, 'hit@20': 0.175, 'ndcg@20': 0.0798, 'hit@50': 0.2625, 'ndcg@50': 0.0967, 'hit@80': 0.3197, 'ndcg@80': 0.106} 
2024-06-16 00:15:55.604 | INFO     | trainer:_train_one_epoch:118 - epoch 27 74.68s Train loss is [0.1848] 
2024-06-16 00:16:16.114 | INFO     | trainer:_train_one_epoch:127 - validate 27 cost time 20.51s, result: {'hit@10': 0.204, 'ndcg@10': 0.0879, 'hit@20': 0.2772, 'ndcg@20': 0.1025, 'hit@50': 0.3962, 'ndcg@50': 0.1226, 'hit@80': 0.464, 'ndcg@80': 0.1329} 
2024-06-16 00:16:29.786 | INFO     | trainer:_train_one_epoch:135 - test 27 cost time 13.67s, result: {'hit@10': 0.1223, 'ndcg@10': 0.066, 'hit@20': 0.1741, 'ndcg@20': 0.0785, 'hit@50': 0.2651, 'ndcg@50': 0.0962, 'hit@80': 0.3209, 'ndcg@80': 0.1052} 
2024-06-16 00:17:44.097 | INFO     | trainer:_train_one_epoch:118 - epoch 28 74.31s Train loss is [0.1829] 
2024-06-16 00:18:04.441 | INFO     | trainer:_train_one_epoch:127 - validate 28 cost time 20.34s, result: {'hit@10': 0.2091, 'ndcg@10': 0.0896, 'hit@20': 0.2831, 'ndcg@20': 0.1048, 'hit@50': 0.3985, 'ndcg@50': 0.1244, 'hit@80': 0.4662, 'ndcg@80': 0.1346} 
2024-06-16 00:18:19.079 | INFO     | trainer:_train_one_epoch:135 - test 28 cost time 14.64s, result: {'hit@10': 0.1272, 'ndcg@10': 0.068, 'hit@20': 0.1793, 'ndcg@20': 0.0807, 'hit@50': 0.2673, 'ndcg@50': 0.0977, 'hit@80': 0.322, 'ndcg@80': 0.1066} 
2024-06-16 00:19:32.067 | INFO     | trainer:_train_one_epoch:118 - epoch 29 72.76s Train loss is [0.1822] 
2024-06-16 00:19:59.100 | INFO     | trainer:_train_one_epoch:127 - validate 29 cost time 27.03s, result: {'hit@10': 0.2065, 'ndcg@10': 0.0887, 'hit@20': 0.2819, 'ndcg@20': 0.1039, 'hit@50': 0.398, 'ndcg@50': 0.1237, 'hit@80': 0.4664, 'ndcg@80': 0.1341} 
2024-06-16 00:20:15.025 | INFO     | trainer:_train_one_epoch:135 - test 29 cost time 15.92s, result: {'hit@10': 0.1242, 'ndcg@10': 0.0666, 'hit@20': 0.1759, 'ndcg@20': 0.0791, 'hit@50': 0.2644, 'ndcg@50': 0.0963, 'hit@80': 0.3214, 'ndcg@80': 0.1055} 
2024-06-16 00:21:27.163 | INFO     | trainer:_train_one_epoch:118 - epoch 30 72.14s Train loss is [0.1823] 
2024-06-16 00:21:46.595 | INFO     | trainer:_train_one_epoch:127 - validate 30 cost time 19.43s, result: {'hit@10': 0.2077, 'ndcg@10': 0.0891, 'hit@20': 0.2827, 'ndcg@20': 0.1044, 'hit@50': 0.4007, 'ndcg@50': 0.1244, 'hit@80': 0.4688, 'ndcg@80': 0.1348} 
2024-06-16 00:22:00.681 | INFO     | trainer:_train_one_epoch:135 - test 30 cost time 14.08s, result: {'hit@10': 0.1249, 'ndcg@10': 0.0667, 'hit@20': 0.1774, 'ndcg@20': 0.0795, 'hit@50': 0.2665, 'ndcg@50': 0.0967, 'hit@80': 0.3239, 'ndcg@80': 0.1061} 
2024-06-16 00:23:10.475 | INFO     | trainer:_train_one_epoch:118 - epoch 31 69.79s Train loss is [0.1806] 
2024-06-16 00:23:29.063 | INFO     | trainer:_train_one_epoch:127 - validate 31 cost time 18.58s, result: {'hit@10': 0.2078, 'ndcg@10': 0.0894, 'hit@20': 0.2839, 'ndcg@20': 0.1049, 'hit@50': 0.4, 'ndcg@50': 0.1246, 'hit@80': 0.4681, 'ndcg@80': 0.135} 
2024-06-16 00:23:42.026 | INFO     | trainer:_train_one_epoch:135 - test 31 cost time 12.96s, result: {'hit@10': 0.1262, 'ndcg@10': 0.0672, 'hit@20': 0.1779, 'ndcg@20': 0.0798, 'hit@50': 0.267, 'ndcg@50': 0.097, 'hit@80': 0.3223, 'ndcg@80': 0.1061} 
2024-06-16 00:24:51.730 | INFO     | trainer:_train_one_epoch:118 - epoch 32 69.50s Train loss is [0.1803] 
2024-06-16 00:25:10.707 | INFO     | trainer:_train_one_epoch:127 - validate 32 cost time 18.98s, result: {'hit@10': 0.2107, 'ndcg@10': 0.0907, 'hit@20': 0.2835, 'ndcg@20': 0.1057, 'hit@50': 0.4015, 'ndcg@50': 0.1256, 'hit@80': 0.4684, 'ndcg@80': 0.1358} 
2024-06-16 00:25:23.592 | INFO     | trainer:_train_one_epoch:135 - test 32 cost time 12.88s, result: {'hit@10': 0.1264, 'ndcg@10': 0.0684, 'hit@20': 0.1823, 'ndcg@20': 0.0821, 'hit@50': 0.2684, 'ndcg@50': 0.0987, 'hit@80': 0.3248, 'ndcg@80': 0.1078} 
2024-06-16 00:26:32.575 | INFO     | trainer:_train_one_epoch:118 - epoch 33 68.98s Train loss is [0.1795] 
2024-06-16 00:26:53.422 | INFO     | trainer:_train_one_epoch:127 - validate 33 cost time 20.85s, result: {'hit@10': 0.2115, 'ndcg@10': 0.0908, 'hit@20': 0.2861, 'ndcg@20': 0.1061, 'hit@50': 0.4032, 'ndcg@50': 0.1259, 'hit@80': 0.4719, 'ndcg@80': 0.1364} 
2024-06-16 00:27:07.091 | INFO     | trainer:_train_one_epoch:135 - test 33 cost time 13.67s, result: {'hit@10': 0.1278, 'ndcg@10': 0.0683, 'hit@20': 0.1805, 'ndcg@20': 0.0811, 'hit@50': 0.2699, 'ndcg@50': 0.0984, 'hit@80': 0.327, 'ndcg@80': 0.1076} 
2024-06-16 00:28:23.774 | INFO     | trainer:_train_one_epoch:118 - epoch 34 76.50s Train loss is [0.1789] 
2024-06-16 00:28:49.696 | INFO     | trainer:_train_one_epoch:127 - validate 34 cost time 25.91s, result: {'hit@10': 0.213, 'ndcg@10': 0.0918, 'hit@20': 0.2881, 'ndcg@20': 0.1071, 'hit@50': 0.4045, 'ndcg@50': 0.1269, 'hit@80': 0.4734, 'ndcg@80': 0.1373} 
2024-06-16 00:29:08.767 | INFO     | trainer:_train_one_epoch:135 - test 34 cost time 19.07s, result: {'hit@10': 0.1287, 'ndcg@10': 0.0692, 'hit@20': 0.1808, 'ndcg@20': 0.0819, 'hit@50': 0.2722, 'ndcg@50': 0.0995, 'hit@80': 0.3294, 'ndcg@80': 0.1089} 
2024-06-16 00:30:16.193 | INFO     | trainer:_train_one_epoch:118 - epoch 35 67.24s Train loss is [0.1783] 
2024-06-16 00:30:38.826 | INFO     | trainer:_train_one_epoch:127 - validate 35 cost time 22.62s, result: {'hit@10': 0.2128, 'ndcg@10': 0.0912, 'hit@20': 0.2869, 'ndcg@20': 0.1064, 'hit@50': 0.4045, 'ndcg@50': 0.1263, 'hit@80': 0.4724, 'ndcg@80': 0.1368} 
2024-06-16 00:30:53.899 | INFO     | trainer:_train_one_epoch:135 - test 35 cost time 15.07s, result: {'hit@10': 0.1269, 'ndcg@10': 0.0687, 'hit@20': 0.1805, 'ndcg@20': 0.0819, 'hit@50': 0.2716, 'ndcg@50': 0.0994, 'hit@80': 0.3264, 'ndcg@80': 0.1084} 
2024-06-16 00:32:07.108 | INFO     | trainer:_train_one_epoch:118 - epoch 36 73.21s Train loss is [0.1782] 
2024-06-16 00:32:27.969 | INFO     | trainer:_train_one_epoch:127 - validate 36 cost time 20.86s, result: {'hit@10': 0.2149, 'ndcg@10': 0.0919, 'hit@20': 0.2882, 'ndcg@20': 0.1071, 'hit@50': 0.4075, 'ndcg@50': 0.1274, 'hit@80': 0.4741, 'ndcg@80': 0.1377} 
2024-06-16 00:32:41.390 | INFO     | trainer:_train_one_epoch:135 - test 36 cost time 13.42s, result: {'hit@10': 0.1294, 'ndcg@10': 0.0699, 'hit@20': 0.1828, 'ndcg@20': 0.083, 'hit@50': 0.2724, 'ndcg@50': 0.1003, 'hit@80': 0.3303, 'ndcg@80': 0.1097} 
2024-06-16 00:33:49.592 | INFO     | trainer:_train_one_epoch:118 - epoch 37 68.02s Train loss is [0.1765] 
2024-06-16 00:34:13.766 | INFO     | trainer:_train_one_epoch:127 - validate 37 cost time 24.17s, result: {'hit@10': 0.214, 'ndcg@10': 0.0918, 'hit@20': 0.2877, 'ndcg@20': 0.1071, 'hit@50': 0.4037, 'ndcg@50': 0.1269, 'hit@80': 0.4737, 'ndcg@80': 0.1375} 
2024-06-16 00:34:26.837 | INFO     | trainer:_train_one_epoch:135 - test 37 cost time 13.07s, result: {'hit@10': 0.127, 'ndcg@10': 0.0683, 'hit@20': 0.182, 'ndcg@20': 0.0818, 'hit@50': 0.2715, 'ndcg@50': 0.099, 'hit@80': 0.3298, 'ndcg@80': 0.1084} 
2024-06-16 00:35:35.759 | INFO     | trainer:_train_one_epoch:118 - epoch 38 68.92s Train loss is [0.1768] 
2024-06-16 00:35:55.586 | INFO     | trainer:_train_one_epoch:127 - validate 38 cost time 19.83s, result: {'hit@10': 0.2153, 'ndcg@10': 0.0927, 'hit@20': 0.2887, 'ndcg@20': 0.1077, 'hit@50': 0.4069, 'ndcg@50': 0.1278, 'hit@80': 0.4751, 'ndcg@80': 0.1384} 
2024-06-16 00:36:09.181 | INFO     | trainer:_train_one_epoch:135 - test 38 cost time 13.59s, result: {'hit@10': 0.1299, 'ndcg@10': 0.07, 'hit@20': 0.1825, 'ndcg@20': 0.0829, 'hit@50': 0.272, 'ndcg@50': 0.1001, 'hit@80': 0.329, 'ndcg@80': 0.1094} 
2024-06-16 00:37:21.054 | INFO     | trainer:_train_one_epoch:118 - epoch 39 71.66s Train loss is [0.1759] 
2024-06-16 00:37:40.968 | INFO     | trainer:_train_one_epoch:127 - validate 39 cost time 19.91s, result: {'hit@10': 0.2148, 'ndcg@10': 0.0924, 'hit@20': 0.2903, 'ndcg@20': 0.1079, 'hit@50': 0.4077, 'ndcg@50': 0.1278, 'hit@80': 0.4766, 'ndcg@80': 0.1384} 
2024-06-16 00:37:58.681 | INFO     | trainer:_train_one_epoch:135 - test 39 cost time 17.71s, result: {'hit@10': 0.1292, 'ndcg@10': 0.0694, 'hit@20': 0.182, 'ndcg@20': 0.0823, 'hit@50': 0.2739, 'ndcg@50': 0.1001, 'hit@80': 0.33, 'ndcg@80': 0.1092} 
2024-06-16 00:39:07.794 | INFO     | trainer:_train_one_epoch:118 - epoch 40 68.98s Train loss is [0.1756] 
2024-06-16 00:39:27.114 | INFO     | trainer:_train_one_epoch:127 - validate 40 cost time 19.32s, result: {'hit@10': 0.2158, 'ndcg@10': 0.0929, 'hit@20': 0.2913, 'ndcg@20': 0.1084, 'hit@50': 0.4108, 'ndcg@50': 0.1287, 'hit@80': 0.4773, 'ndcg@80': 0.1389} 
2024-06-16 00:39:40.166 | INFO     | trainer:_train_one_epoch:135 - test 40 cost time 13.05s, result: {'hit@10': 0.1302, 'ndcg@10': 0.0698, 'hit@20': 0.1837, 'ndcg@20': 0.0829, 'hit@50': 0.2761, 'ndcg@50': 0.1007, 'hit@80': 0.3317, 'ndcg@80': 0.1098} 
2024-06-16 00:40:52.860 | INFO     | trainer:_train_one_epoch:118 - epoch 41 72.44s Train loss is [0.1751] 
2024-06-16 00:41:12.341 | INFO     | trainer:_train_one_epoch:127 - validate 41 cost time 19.47s, result: {'hit@10': 0.2143, 'ndcg@10': 0.0919, 'hit@20': 0.2906, 'ndcg@20': 0.1075, 'hit@50': 0.411, 'ndcg@50': 0.1279, 'hit@80': 0.4783, 'ndcg@80': 0.1382} 
2024-06-16 00:41:25.672 | INFO     | trainer:_train_one_epoch:135 - test 41 cost time 13.33s, result: {'hit@10': 0.1307, 'ndcg@10': 0.0705, 'hit@20': 0.1852, 'ndcg@20': 0.0838, 'hit@50': 0.2748, 'ndcg@50': 0.1011, 'hit@80': 0.3329, 'ndcg@80': 0.1105} 
2024-06-16 00:42:36.762 | INFO     | trainer:_train_one_epoch:118 - epoch 42 71.09s Train loss is [0.1745] 
2024-06-16 00:43:04.378 | INFO     | trainer:_train_one_epoch:127 - validate 42 cost time 27.61s, result: {'hit@10': 0.2131, 'ndcg@10': 0.0922, 'hit@20': 0.2916, 'ndcg@20': 0.1082, 'hit@50': 0.41, 'ndcg@50': 0.1283, 'hit@80': 0.4772, 'ndcg@80': 0.1385} 
2024-06-16 00:43:22.834 | INFO     | trainer:_train_one_epoch:135 - test 42 cost time 18.45s, result: {'hit@10': 0.1311, 'ndcg@10': 0.0702, 'hit@20': 0.183, 'ndcg@20': 0.0829, 'hit@50': 0.2752, 'ndcg@50': 0.1007, 'hit@80': 0.3315, 'ndcg@80': 0.1098} 
2024-06-16 00:44:32.754 | INFO     | trainer:_train_one_epoch:118 - epoch 43 69.80s Train loss is [0.1742] 
2024-06-16 00:44:51.759 | INFO     | trainer:_train_one_epoch:127 - validate 43 cost time 19.00s, result: {'hit@10': 0.2138, 'ndcg@10': 0.092, 'hit@20': 0.2918, 'ndcg@20': 0.1079, 'hit@50': 0.411, 'ndcg@50': 0.1282, 'hit@80': 0.4773, 'ndcg@80': 0.1383} 
2024-06-16 00:45:05.091 | INFO     | trainer:_train_one_epoch:135 - test 43 cost time 13.33s, result: {'hit@10': 0.1304, 'ndcg@10': 0.07, 'hit@20': 0.1821, 'ndcg@20': 0.0827, 'hit@50': 0.2765, 'ndcg@50': 0.1009, 'hit@80': 0.3313, 'ndcg@80': 0.1099} 
2024-06-16 00:46:19.307 | INFO     | trainer:_train_one_epoch:118 - epoch 44 74.02s Train loss is [0.1738] 
2024-06-16 00:46:40.551 | INFO     | trainer:_train_one_epoch:127 - validate 44 cost time 21.24s, result: {'hit@10': 0.2185, 'ndcg@10': 0.0935, 'hit@20': 0.2957, 'ndcg@20': 0.1093, 'hit@50': 0.4146, 'ndcg@50': 0.1295, 'hit@80': 0.4831, 'ndcg@80': 0.1399} 
2024-06-16 00:46:54.207 | INFO     | trainer:_train_one_epoch:135 - test 44 cost time 13.65s, result: {'hit@10': 0.1329, 'ndcg@10': 0.0723, 'hit@20': 0.1846, 'ndcg@20': 0.085, 'hit@50': 0.2768, 'ndcg@50': 0.1027, 'hit@80': 0.3354, 'ndcg@80': 0.1123} 
2024-06-16 00:48:08.092 | INFO     | trainer:_train_one_epoch:118 - epoch 45 73.74s Train loss is [0.1734] 
2024-06-16 00:48:27.728 | INFO     | trainer:_train_one_epoch:127 - validate 45 cost time 19.63s, result: {'hit@10': 0.2169, 'ndcg@10': 0.0932, 'hit@20': 0.295, 'ndcg@20': 0.1092, 'hit@50': 0.4136, 'ndcg@50': 0.1292, 'hit@80': 0.4806, 'ndcg@80': 0.1398} 
2024-06-16 00:48:41.355 | INFO     | trainer:_train_one_epoch:135 - test 45 cost time 13.62s, result: {'hit@10': 0.1318, 'ndcg@10': 0.071, 'hit@20': 0.1859, 'ndcg@20': 0.0843, 'hit@50': 0.2788, 'ndcg@50': 0.1021, 'hit@80': 0.3344, 'ndcg@80': 0.1112} 
2024-06-16 00:49:52.140 | INFO     | trainer:_train_one_epoch:118 - epoch 46 70.78s Train loss is [0.1721] 
2024-06-16 00:50:11.061 | INFO     | trainer:_train_one_epoch:127 - validate 46 cost time 18.92s, result: {'hit@10': 0.2158, 'ndcg@10': 0.0924, 'hit@20': 0.2935, 'ndcg@20': 0.1084, 'hit@50': 0.4155, 'ndcg@50': 0.1291, 'hit@80': 0.4816, 'ndcg@80': 0.1394} 
2024-06-16 00:50:24.427 | INFO     | trainer:_train_one_epoch:135 - test 46 cost time 13.36s, result: {'hit@10': 0.1308, 'ndcg@10': 0.0713, 'hit@20': 0.1877, 'ndcg@20': 0.0853, 'hit@50': 0.2776, 'ndcg@50': 0.1025, 'hit@80': 0.3336, 'ndcg@80': 0.1117} 
2024-06-16 00:51:34.966 | INFO     | trainer:_train_one_epoch:118 - epoch 47 70.54s Train loss is [0.1722] 
2024-06-16 00:52:01.615 | INFO     | trainer:_train_one_epoch:127 - validate 47 cost time 26.65s, result: {'hit@10': 0.2157, 'ndcg@10': 0.0922, 'hit@20': 0.2933, 'ndcg@20': 0.1082, 'hit@50': 0.4123, 'ndcg@50': 0.1285, 'hit@80': 0.4809, 'ndcg@80': 0.1389} 
2024-06-16 00:52:21.052 | INFO     | trainer:_train_one_epoch:135 - test 47 cost time 19.43s, result: {'hit@10': 0.1306, 'ndcg@10': 0.0714, 'hit@20': 0.1875, 'ndcg@20': 0.0853, 'hit@50': 0.2782, 'ndcg@50': 0.1028, 'hit@80': 0.3343, 'ndcg@80': 0.112} 
2024-06-16 00:53:32.375 | INFO     | trainer:_train_one_epoch:118 - epoch 48 71.32s Train loss is [0.1713] 
2024-06-16 00:53:51.319 | INFO     | trainer:_train_one_epoch:127 - validate 48 cost time 18.94s, result: {'hit@10': 0.2191, 'ndcg@10': 0.0929, 'hit@20': 0.2969, 'ndcg@20': 0.1088, 'hit@50': 0.4158, 'ndcg@50': 0.1293, 'hit@80': 0.4842, 'ndcg@80': 0.1397} 
2024-06-16 00:54:04.559 | INFO     | trainer:_train_one_epoch:135 - test 48 cost time 13.24s, result: {'hit@10': 0.1323, 'ndcg@10': 0.072, 'hit@20': 0.1869, 'ndcg@20': 0.0854, 'hit@50': 0.2797, 'ndcg@50': 0.1033, 'hit@80': 0.3364, 'ndcg@80': 0.1125} 
2024-06-16 00:55:15.132 | INFO     | trainer:_train_one_epoch:118 - epoch 49 70.33s Train loss is [0.1707] 
2024-06-16 00:55:33.935 | INFO     | trainer:_train_one_epoch:127 - validate 49 cost time 18.80s, result: {'hit@10': 0.2169, 'ndcg@10': 0.0928, 'hit@20': 0.2934, 'ndcg@20': 0.1086, 'hit@50': 0.415, 'ndcg@50': 0.1295, 'hit@80': 0.4828, 'ndcg@80': 0.1398} 
2024-06-16 00:55:47.114 | INFO     | trainer:_train_one_epoch:135 - test 49 cost time 13.18s, result: {'hit@10': 0.1327, 'ndcg@10': 0.0718, 'hit@20': 0.1857, 'ndcg@20': 0.0848, 'hit@50': 0.2803, 'ndcg@50': 0.103, 'hit@80': 0.3342, 'ndcg@80': 0.1119} 
2024-06-16 00:56:58.234 | INFO     | trainer:_train_one_epoch:118 - epoch 50 71.12s Train loss is [0.1712] 
2024-06-16 00:57:18.883 | INFO     | trainer:_train_one_epoch:127 - validate 50 cost time 20.65s, result: {'hit@10': 0.2207, 'ndcg@10': 0.0942, 'hit@20': 0.296, 'ndcg@20': 0.1099, 'hit@50': 0.415, 'ndcg@50': 0.1302, 'hit@80': 0.4849, 'ndcg@80': 0.1408} 
2024-06-16 00:57:31.829 | INFO     | trainer:_train_one_epoch:135 - test 50 cost time 12.94s, result: {'hit@10': 0.1341, 'ndcg@10': 0.0724, 'hit@20': 0.1879, 'ndcg@20': 0.0856, 'hit@50': 0.2814, 'ndcg@50': 0.1036, 'hit@80': 0.3356, 'ndcg@80': 0.1125} 
2024-06-16 00:58:42.690 | INFO     | trainer:_train_one_epoch:118 - epoch 51 70.86s Train loss is [0.1705] 
2024-06-16 00:59:01.693 | INFO     | trainer:_train_one_epoch:127 - validate 51 cost time 19.00s, result: {'hit@10': 0.2184, 'ndcg@10': 0.0931, 'hit@20': 0.2952, 'ndcg@20': 0.1091, 'hit@50': 0.4163, 'ndcg@50': 0.1298, 'hit@80': 0.4846, 'ndcg@80': 0.1403} 
2024-06-16 00:59:15.026 | INFO     | trainer:_train_one_epoch:135 - test 51 cost time 13.33s, result: {'hit@10': 0.1329, 'ndcg@10': 0.0712, 'hit@20': 0.1873, 'ndcg@20': 0.0845, 'hit@50': 0.2813, 'ndcg@50': 0.1026, 'hit@80': 0.3374, 'ndcg@80': 0.1118} 
2024-06-16 01:00:23.916 | INFO     | trainer:_train_one_epoch:118 - epoch 52 68.89s Train loss is [0.1700] 
2024-06-16 01:00:42.355 | INFO     | trainer:_train_one_epoch:127 - validate 52 cost time 18.44s, result: {'hit@10': 0.2192, 'ndcg@10': 0.0934, 'hit@20': 0.2968, 'ndcg@20': 0.1093, 'hit@50': 0.417, 'ndcg@50': 0.1299, 'hit@80': 0.4849, 'ndcg@80': 0.1403} 
2024-06-16 01:01:00.212 | INFO     | trainer:_train_one_epoch:135 - test 52 cost time 17.86s, result: {'hit@10': 0.1324, 'ndcg@10': 0.071, 'hit@20': 0.1891, 'ndcg@20': 0.0848, 'hit@50': 0.2812, 'ndcg@50': 0.1027, 'hit@80': 0.3359, 'ndcg@80': 0.1116} 
2024-06-16 01:02:05.390 | INFO     | trainer:_train_one_epoch:118 - epoch 53 65.18s Train loss is [0.1698] 
2024-06-16 01:02:24.596 | INFO     | trainer:_train_one_epoch:127 - validate 53 cost time 19.20s, result: {'hit@10': 0.2177, 'ndcg@10': 0.0927, 'hit@20': 0.2966, 'ndcg@20': 0.109, 'hit@50': 0.4141, 'ndcg@50': 0.1291, 'hit@80': 0.484, 'ndcg@80': 0.1398} 
2024-06-16 01:02:37.797 | INFO     | trainer:_train_one_epoch:135 - test 53 cost time 13.19s, result: {'hit@10': 0.1313, 'ndcg@10': 0.0707, 'hit@20': 0.1867, 'ndcg@20': 0.0843, 'hit@50': 0.2761, 'ndcg@50': 0.1015, 'hit@80': 0.3355, 'ndcg@80': 0.1112} 
2024-06-16 01:03:48.586 | INFO     | trainer:_train_one_epoch:118 - epoch 54 70.78s Train loss is [0.1684] 
2024-06-16 01:04:07.420 | INFO     | trainer:_train_one_epoch:127 - validate 54 cost time 18.83s, result: {'hit@10': 0.2193, 'ndcg@10': 0.0936, 'hit@20': 0.2969, 'ndcg@20': 0.1098, 'hit@50': 0.4161, 'ndcg@50': 0.1303, 'hit@80': 0.4852, 'ndcg@80': 0.1408} 
2024-06-16 01:04:20.284 | INFO     | trainer:_train_one_epoch:135 - test 54 cost time 12.86s, result: {'hit@10': 0.131, 'ndcg@10': 0.0707, 'hit@20': 0.1868, 'ndcg@20': 0.0844, 'hit@50': 0.2799, 'ndcg@50': 0.1023, 'hit@80': 0.3365, 'ndcg@80': 0.1115} 
2024-06-16 01:05:30.796 | INFO     | trainer:_train_one_epoch:118 - epoch 55 70.51s Train loss is [0.1682] 
2024-06-16 01:05:57.153 | INFO     | trainer:_train_one_epoch:127 - validate 55 cost time 26.35s, result: {'hit@10': 0.2207, 'ndcg@10': 0.0942, 'hit@20': 0.2983, 'ndcg@20': 0.1104, 'hit@50': 0.4171, 'ndcg@50': 0.1308, 'hit@80': 0.486, 'ndcg@80': 0.1414} 
2024-06-16 01:06:16.696 | INFO     | trainer:_train_one_epoch:135 - test 55 cost time 19.54s, result: {'hit@10': 0.1327, 'ndcg@10': 0.0715, 'hit@20': 0.1879, 'ndcg@20': 0.085, 'hit@50': 0.2832, 'ndcg@50': 0.1034, 'hit@80': 0.3358, 'ndcg@80': 0.1118} 
2024-06-16 01:07:30.283 | INFO     | trainer:_train_one_epoch:118 - epoch 56 73.33s Train loss is [0.1683] 
2024-06-16 01:07:49.050 | INFO     | trainer:_train_one_epoch:127 - validate 56 cost time 18.76s, result: {'hit@10': 0.2217, 'ndcg@10': 0.0942, 'hit@20': 0.3006, 'ndcg@20': 0.1106, 'hit@50': 0.4186, 'ndcg@50': 0.131, 'hit@80': 0.4852, 'ndcg@80': 0.1413} 
2024-06-16 01:08:01.998 | INFO     | trainer:_train_one_epoch:135 - test 56 cost time 12.95s, result: {'hit@10': 0.1336, 'ndcg@10': 0.0721, 'hit@20': 0.1898, 'ndcg@20': 0.0857, 'hit@50': 0.2823, 'ndcg@50': 0.1037, 'hit@80': 0.3373, 'ndcg@80': 0.1126} 
2024-06-16 01:09:13.147 | INFO     | trainer:_train_one_epoch:118 - epoch 57 70.88s Train loss is [0.1679] 
2024-06-16 01:09:31.660 | INFO     | trainer:_train_one_epoch:127 - validate 57 cost time 18.51s, result: {'hit@10': 0.2213, 'ndcg@10': 0.0943, 'hit@20': 0.3002, 'ndcg@20': 0.1107, 'hit@50': 0.4197, 'ndcg@50': 0.1312, 'hit@80': 0.4865, 'ndcg@80': 0.1416} 
2024-06-16 01:09:44.708 | INFO     | trainer:_train_one_epoch:135 - test 57 cost time 13.05s, result: {'hit@10': 0.1334, 'ndcg@10': 0.0723, 'hit@20': 0.1894, 'ndcg@20': 0.086, 'hit@50': 0.2818, 'ndcg@50': 0.1038, 'hit@80': 0.3374, 'ndcg@80': 0.1128} 
2024-06-16 01:10:53.830 | INFO     | trainer:_train_one_epoch:118 - epoch 58 69.12s Train loss is [0.1676] 
2024-06-16 01:11:14.613 | INFO     | trainer:_train_one_epoch:127 - validate 58 cost time 20.78s, result: {'hit@10': 0.2175, 'ndcg@10': 0.0927, 'hit@20': 0.298, 'ndcg@20': 0.1091, 'hit@50': 0.4153, 'ndcg@50': 0.1294, 'hit@80': 0.4862, 'ndcg@80': 0.1402} 
2024-06-16 01:11:28.024 | INFO     | trainer:_train_one_epoch:135 - test 58 cost time 13.41s, result: {'hit@10': 0.132, 'ndcg@10': 0.0714, 'hit@20': 0.1865, 'ndcg@20': 0.0847, 'hit@50': 0.2797, 'ndcg@50': 0.1027, 'hit@80': 0.3378, 'ndcg@80': 0.1122} 
2024-06-16 01:12:42.131 | INFO     | trainer:_train_one_epoch:118 - epoch 59 74.10s Train loss is [0.1674] 
2024-06-16 01:13:02.366 | INFO     | trainer:_train_one_epoch:127 - validate 59 cost time 20.23s, result: {'hit@10': 0.2196, 'ndcg@10': 0.0935, 'hit@20': 0.298, 'ndcg@20': 0.1097, 'hit@50': 0.4191, 'ndcg@50': 0.1304, 'hit@80': 0.4876, 'ndcg@80': 0.141} 
2024-06-16 01:13:15.913 | INFO     | trainer:_train_one_epoch:135 - test 59 cost time 13.54s, result: {'hit@10': 0.1337, 'ndcg@10': 0.0717, 'hit@20': 0.1885, 'ndcg@20': 0.085, 'hit@50': 0.2827, 'ndcg@50': 0.1032, 'hit@80': 0.3375, 'ndcg@80': 0.1122} 
2024-06-16 01:14:30.476 | INFO     | trainer:_train_one_epoch:118 - epoch 60 74.56s Train loss is [0.1668] 
2024-06-16 01:14:55.527 | INFO     | trainer:_train_one_epoch:127 - validate 60 cost time 25.05s, result: {'hit@10': 0.2229, 'ndcg@10': 0.0946, 'hit@20': 0.3004, 'ndcg@20': 0.1106, 'hit@50': 0.4206, 'ndcg@50': 0.1313, 'hit@80': 0.4899, 'ndcg@80': 0.142} 
2024-06-16 01:15:14.452 | INFO     | trainer:_train_one_epoch:135 - test 60 cost time 18.92s, result: {'hit@10': 0.1344, 'ndcg@10': 0.0726, 'hit@20': 0.1909, 'ndcg@20': 0.0865, 'hit@50': 0.2837, 'ndcg@50': 0.1044, 'hit@80': 0.3401, 'ndcg@80': 0.1135} 
2024-06-16 01:16:28.946 | INFO     | trainer:_train_one_epoch:118 - epoch 61 74.49s Train loss is [0.1670] 
2024-06-16 01:16:48.430 | INFO     | trainer:_train_one_epoch:127 - validate 61 cost time 19.48s, result: {'hit@10': 0.2211, 'ndcg@10': 0.0936, 'hit@20': 0.2988, 'ndcg@20': 0.1097, 'hit@50': 0.4201, 'ndcg@50': 0.1305, 'hit@80': 0.4869, 'ndcg@80': 0.1408} 
2024-06-16 01:17:02.024 | INFO     | trainer:_train_one_epoch:135 - test 61 cost time 13.59s, result: {'hit@10': 0.1335, 'ndcg@10': 0.0722, 'hit@20': 0.1885, 'ndcg@20': 0.0856, 'hit@50': 0.2803, 'ndcg@50': 0.1034, 'hit@80': 0.3378, 'ndcg@80': 0.1127} 
2024-06-16 01:18:12.008 | INFO     | trainer:_train_one_epoch:118 - epoch 62 69.98s Train loss is [0.1656] 
2024-06-16 01:18:30.779 | INFO     | trainer:_train_one_epoch:127 - validate 62 cost time 18.77s, result: {'hit@10': 0.2204, 'ndcg@10': 0.0929, 'hit@20': 0.2977, 'ndcg@20': 0.1088, 'hit@50': 0.4171, 'ndcg@50': 0.1294, 'hit@80': 0.4865, 'ndcg@80': 0.14} 
2024-06-16 01:18:44.060 | INFO     | trainer:_train_one_epoch:135 - test 62 cost time 13.28s, result: {'hit@10': 0.1332, 'ndcg@10': 0.0709, 'hit@20': 0.1881, 'ndcg@20': 0.0843, 'hit@50': 0.2792, 'ndcg@50': 0.1019, 'hit@80': 0.3358, 'ndcg@80': 0.1111} 
2024-06-16 01:19:54.359 | INFO     | trainer:_train_one_epoch:118 - epoch 63 70.30s Train loss is [0.1661] 
2024-06-16 01:20:22.132 | INFO     | trainer:_train_one_epoch:127 - validate 63 cost time 27.77s, result: {'hit@10': 0.2217, 'ndcg@10': 0.0935, 'hit@20': 0.2999, 'ndcg@20': 0.1096, 'hit@50': 0.4205, 'ndcg@50': 0.1303, 'hit@80': 0.4899, 'ndcg@80': 0.141} 
2024-06-16 01:20:37.317 | INFO     | trainer:_train_one_epoch:135 - test 63 cost time 15.18s, result: {'hit@10': 0.1335, 'ndcg@10': 0.0716, 'hit@20': 0.1902, 'ndcg@20': 0.0855, 'hit@50': 0.2824, 'ndcg@50': 0.1032, 'hit@80': 0.3387, 'ndcg@80': 0.1124} 
2024-06-16 01:21:45.754 | INFO     | trainer:_train_one_epoch:118 - epoch 64 68.44s Train loss is [0.1654] 
2024-06-16 01:22:07.774 | INFO     | trainer:_train_one_epoch:127 - validate 64 cost time 22.02s, result: {'hit@10': 0.2214, 'ndcg@10': 0.0938, 'hit@20': 0.2988, 'ndcg@20': 0.1098, 'hit@50': 0.4211, 'ndcg@50': 0.1309, 'hit@80': 0.4891, 'ndcg@80': 0.1413} 
2024-06-16 01:22:21.438 | INFO     | trainer:_train_one_epoch:135 - test 64 cost time 13.66s, result: {'hit@10': 0.1344, 'ndcg@10': 0.0721, 'hit@20': 0.1912, 'ndcg@20': 0.0861, 'hit@50': 0.2833, 'ndcg@50': 0.1038, 'hit@80': 0.3406, 'ndcg@80': 0.1131} 
2024-06-16 01:23:30.694 | INFO     | trainer:_train_one_epoch:118 - epoch 65 69.25s Train loss is [0.1652] 
2024-06-16 01:23:50.424 | INFO     | trainer:_train_one_epoch:127 - validate 65 cost time 19.71s, result: {'hit@10': 0.2212, 'ndcg@10': 0.094, 'hit@20': 0.3014, 'ndcg@20': 0.1105, 'hit@50': 0.4198, 'ndcg@50': 0.1311, 'hit@80': 0.4874, 'ndcg@80': 0.1414} 
2024-06-16 01:24:04.328 | INFO     | trainer:_train_one_epoch:135 - test 65 cost time 13.90s, result: {'hit@10': 0.1342, 'ndcg@10': 0.0719, 'hit@20': 0.1916, 'ndcg@20': 0.0859, 'hit@50': 0.2837, 'ndcg@50': 0.1037, 'hit@80': 0.3408, 'ndcg@80': 0.1129} 
2024-06-16 01:25:17.056 | INFO     | trainer:_train_one_epoch:118 - epoch 66 72.54s Train loss is [0.1644] 
2024-06-16 01:25:36.567 | INFO     | trainer:_train_one_epoch:127 - validate 66 cost time 19.51s, result: {'hit@10': 0.2201, 'ndcg@10': 0.0932, 'hit@20': 0.3002, 'ndcg@20': 0.1099, 'hit@50': 0.4193, 'ndcg@50': 0.1303, 'hit@80': 0.4874, 'ndcg@80': 0.1408} 
2024-06-16 01:25:49.641 | INFO     | trainer:_train_one_epoch:135 - test 66 cost time 13.07s, result: {'hit@10': 0.1328, 'ndcg@10': 0.0713, 'hit@20': 0.1869, 'ndcg@20': 0.0846, 'hit@50': 0.2813, 'ndcg@50': 0.1028, 'hit@80': 0.3391, 'ndcg@80': 0.1122} 
2024-06-16 01:26:58.228 | INFO     | trainer:_train_one_epoch:118 - epoch 67 68.58s Train loss is [0.1648] 
2024-06-16 01:27:18.317 | INFO     | trainer:_train_one_epoch:127 - validate 67 cost time 20.09s, result: {'hit@10': 0.2255, 'ndcg@10': 0.0959, 'hit@20': 0.3039, 'ndcg@20': 0.1122, 'hit@50': 0.4223, 'ndcg@50': 0.1326, 'hit@80': 0.4918, 'ndcg@80': 0.1432} 
2024-06-16 01:27:32.058 | INFO     | trainer:_train_one_epoch:135 - test 67 cost time 13.74s, result: {'hit@10': 0.1368, 'ndcg@10': 0.074, 'hit@20': 0.1922, 'ndcg@20': 0.0876, 'hit@50': 0.2855, 'ndcg@50': 0.1056, 'hit@80': 0.3424, 'ndcg@80': 0.1148} 
2024-06-16 01:28:46.409 | INFO     | trainer:_train_one_epoch:118 - epoch 68 74.15s Train loss is [0.1641] 
2024-06-16 01:29:13.300 | INFO     | trainer:_train_one_epoch:127 - validate 68 cost time 26.89s, result: {'hit@10': 0.2241, 'ndcg@10': 0.0951, 'hit@20': 0.3019, 'ndcg@20': 0.1113, 'hit@50': 0.4213, 'ndcg@50': 0.1317, 'hit@80': 0.491, 'ndcg@80': 0.1425} 
2024-06-16 01:29:32.958 | INFO     | trainer:_train_one_epoch:135 - test 68 cost time 19.66s, result: {'hit@10': 0.1358, 'ndcg@10': 0.073, 'hit@20': 0.1901, 'ndcg@20': 0.0864, 'hit@50': 0.2841, 'ndcg@50': 0.1045, 'hit@80': 0.3409, 'ndcg@80': 0.1138} 
2024-06-16 01:30:46.476 | INFO     | trainer:_train_one_epoch:118 - epoch 69 73.51s Train loss is [0.1636] 
2024-06-16 01:31:06.410 | INFO     | trainer:_train_one_epoch:127 - validate 69 cost time 19.93s, result: {'hit@10': 0.2239, 'ndcg@10': 0.0953, 'hit@20': 0.3021, 'ndcg@20': 0.1114, 'hit@50': 0.4218, 'ndcg@50': 0.1322, 'hit@80': 0.4895, 'ndcg@80': 0.1426} 
2024-06-16 01:31:20.127 | INFO     | trainer:_train_one_epoch:135 - test 69 cost time 13.71s, result: {'hit@10': 0.1357, 'ndcg@10': 0.0725, 'hit@20': 0.1914, 'ndcg@20': 0.0861, 'hit@50': 0.2848, 'ndcg@50': 0.1041, 'hit@80': 0.3416, 'ndcg@80': 0.1134} 
2024-06-16 01:32:31.139 | INFO     | trainer:_train_one_epoch:118 - epoch 70 71.01s Train loss is [0.1638] 
2024-06-16 01:32:50.515 | INFO     | trainer:_train_one_epoch:127 - validate 70 cost time 19.37s, result: {'hit@10': 0.2252, 'ndcg@10': 0.0959, 'hit@20': 0.3034, 'ndcg@20': 0.1121, 'hit@50': 0.4243, 'ndcg@50': 0.1329, 'hit@80': 0.4913, 'ndcg@80': 0.1433} 
2024-06-16 01:33:03.953 | INFO     | trainer:_train_one_epoch:135 - test 70 cost time 13.44s, result: {'hit@10': 0.1358, 'ndcg@10': 0.0726, 'hit@20': 0.193, 'ndcg@20': 0.0866, 'hit@50': 0.2867, 'ndcg@50': 0.1046, 'hit@80': 0.3431, 'ndcg@80': 0.1138} 
2024-06-16 01:34:17.085 | INFO     | trainer:_train_one_epoch:118 - epoch 71 73.13s Train loss is [0.1631] 
2024-06-16 01:34:36.470 | INFO     | trainer:_train_one_epoch:127 - validate 71 cost time 19.38s, result: {'hit@10': 0.2223, 'ndcg@10': 0.0944, 'hit@20': 0.3009, 'ndcg@20': 0.1105, 'hit@50': 0.4217, 'ndcg@50': 0.1315, 'hit@80': 0.4901, 'ndcg@80': 0.1421} 
2024-06-16 01:34:49.711 | INFO     | trainer:_train_one_epoch:135 - test 71 cost time 13.24s, result: {'hit@10': 0.136, 'ndcg@10': 0.0722, 'hit@20': 0.1913, 'ndcg@20': 0.0857, 'hit@50': 0.2857, 'ndcg@50': 0.104, 'hit@80': 0.3415, 'ndcg@80': 0.1131} 
2024-06-16 01:36:01.304 | INFO     | trainer:_train_one_epoch:118 - epoch 72 71.59s Train loss is [0.1627] 
2024-06-16 01:36:20.244 | INFO     | trainer:_train_one_epoch:127 - validate 72 cost time 18.94s, result: {'hit@10': 0.223, 'ndcg@10': 0.0948, 'hit@20': 0.3018, 'ndcg@20': 0.111, 'hit@50': 0.4223, 'ndcg@50': 0.1318, 'hit@80': 0.4907, 'ndcg@80': 0.1424} 
2024-06-16 01:36:33.315 | INFO     | trainer:_train_one_epoch:135 - test 72 cost time 13.07s, result: {'hit@10': 0.1357, 'ndcg@10': 0.0718, 'hit@20': 0.1918, 'ndcg@20': 0.0855, 'hit@50': 0.2854, 'ndcg@50': 0.1036, 'hit@80': 0.3449, 'ndcg@80': 0.1133} 
2024-06-16 01:37:43.803 | INFO     | trainer:_train_one_epoch:118 - epoch 73 70.49s Train loss is [0.1615] 
2024-06-16 01:38:11.651 | INFO     | trainer:_train_one_epoch:127 - validate 73 cost time 27.85s, result: {'hit@10': 0.2208, 'ndcg@10': 0.0938, 'hit@20': 0.3013, 'ndcg@20': 0.1104, 'hit@50': 0.4199, 'ndcg@50': 0.1308, 'hit@80': 0.4885, 'ndcg@80': 0.1415} 
2024-06-16 01:38:31.353 | INFO     | trainer:_train_one_epoch:135 - test 73 cost time 19.70s, result: {'hit@10': 0.1336, 'ndcg@10': 0.0709, 'hit@20': 0.1913, 'ndcg@20': 0.0851, 'hit@50': 0.2833, 'ndcg@50': 0.1029, 'hit@80': 0.3434, 'ndcg@80': 0.1126} 
2024-06-16 01:39:46.747 | INFO     | trainer:_train_one_epoch:118 - epoch 74 75.39s Train loss is [0.1625] 
2024-06-16 01:40:06.642 | INFO     | trainer:_train_one_epoch:127 - validate 74 cost time 19.89s, result: {'hit@10': 0.2237, 'ndcg@10': 0.0948, 'hit@20': 0.3024, 'ndcg@20': 0.111, 'hit@50': 0.4232, 'ndcg@50': 0.1318, 'hit@80': 0.4918, 'ndcg@80': 0.1424} 
2024-06-16 01:40:20.251 | INFO     | trainer:_train_one_epoch:135 - test 74 cost time 13.61s, result: {'hit@10': 0.1342, 'ndcg@10': 0.0716, 'hit@20': 0.1902, 'ndcg@20': 0.0853, 'hit@50': 0.2859, 'ndcg@50': 0.1038, 'hit@80': 0.3433, 'ndcg@80': 0.1132} 
2024-06-16 01:41:32.321 | INFO     | trainer:_train_one_epoch:118 - epoch 75 72.07s Train loss is [0.1623] 
2024-06-16 01:41:52.331 | INFO     | trainer:_train_one_epoch:127 - validate 75 cost time 20.01s, result: {'hit@10': 0.2228, 'ndcg@10': 0.0945, 'hit@20': 0.3011, 'ndcg@20': 0.1109, 'hit@50': 0.4232, 'ndcg@50': 0.1319, 'hit@80': 0.4903, 'ndcg@80': 0.1424} 
2024-06-16 01:42:05.721 | INFO     | trainer:_train_one_epoch:135 - test 75 cost time 13.39s, result: {'hit@10': 0.1357, 'ndcg@10': 0.0724, 'hit@20': 0.192, 'ndcg@20': 0.0861, 'hit@50': 0.2859, 'ndcg@50': 0.1043, 'hit@80': 0.3419, 'ndcg@80': 0.1134} 
2024-06-16 01:43:17.758 | INFO     | trainer:_train_one_epoch:118 - epoch 76 72.03s Train loss is [0.1619] 
2024-06-16 01:43:37.498 | INFO     | trainer:_train_one_epoch:127 - validate 76 cost time 19.74s, result: {'hit@10': 0.2218, 'ndcg@10': 0.0941, 'hit@20': 0.3003, 'ndcg@20': 0.1103, 'hit@50': 0.4238, 'ndcg@50': 0.1316, 'hit@80': 0.4905, 'ndcg@80': 0.1421} 
2024-06-16 01:43:51.568 | INFO     | trainer:_train_one_epoch:135 - test 76 cost time 14.07s, result: {'hit@10': 0.1366, 'ndcg@10': 0.0725, 'hit@20': 0.1932, 'ndcg@20': 0.0863, 'hit@50': 0.2847, 'ndcg@50': 0.104, 'hit@80': 0.3404, 'ndcg@80': 0.1131} 
2024-06-16 01:45:05.346 | INFO     | trainer:_train_one_epoch:118 - epoch 77 73.78s Train loss is [0.1614] 
2024-06-16 01:45:25.190 | INFO     | trainer:_train_one_epoch:127 - validate 77 cost time 19.84s, result: {'hit@10': 0.2234, 'ndcg@10': 0.0946, 'hit@20': 0.3028, 'ndcg@20': 0.111, 'hit@50': 0.4238, 'ndcg@50': 0.1318, 'hit@80': 0.4917, 'ndcg@80': 0.1424} 
2024-06-16 01:45:39.708 | INFO     | trainer:_train_one_epoch:135 - test 77 cost time 14.52s, result: {'hit@10': 0.1357, 'ndcg@10': 0.0724, 'hit@20': 0.194, 'ndcg@20': 0.0866, 'hit@50': 0.2868, 'ndcg@50': 0.1045, 'hit@80': 0.3411, 'ndcg@80': 0.1134} 
2024-06-16 01:45:39.788 | INFO     | trainer:train_model:89 - training end, best iteration 67, results: {'hit@10': 0.2255, 'ndcg@10': 0.0959, 'hit@20': 0.3039, 'ndcg@20': 0.1122, 'hit@50': 0.4223, 'ndcg@50': 0.1326, 'hit@80': 0.4918, 'ndcg@80': 0.1432}
2024-06-16 01:45:39.788 | INFO     | trainer:train_model:91 - final test result is:  {'hit@10': 0.1368, 'ndcg@10': 0.074, 'hit@20': 0.1922, 'ndcg@20': 0.0876, 'hit@50': 0.2855, 'ndcg@50': 0.1056, 'hit@80': 0.3424, 'ndcg@80': 0.1148}
2024-06-16 01:45:39.830 | INFO     | __main__:<module>:102 - train end total cost time: 8400.753355026245
