2024-03-27 08:45:32.576 | INFO     | __main__:<module>:104 - Namespace(TIME='2024-03-27 08_44_41', batch_size=1024, behaviors=['click', 'collect', 'cart', 'buy'], beta=0.5, check_point='', data_name='tmall', data_path='../data/Tmall', decay=0.0, device='cuda:3', embedding_size=64, epochs=200, gpu_no=1, if_load_model=False, lamb=0.5, layers=2, log_name='tmall', loss_type='bpr', lr=0.001, metrics=['hit', 'ndcg'], min_epoch=5, model_name='Tanh_ini_lamb_beta', model_path='./check_point', neg_count=10, reg_weight=0.001, test_batch_size=1024, topk=[10, 20, 50, 80])
2024-03-27 08:45:32.577 | INFO     | __main__:<module>:105 - UIPL(
  (user_embedding): Embedding(41739, 64, padding_idx=0)
  (item_embedding): Embedding(11954, 64, padding_idx=0)
  (global_Graph): LightGCN()
  (behavior_Graphs): ModuleList(
    (0): LightGCN()
    (1): LightGCN()
    (2): LightGCN()
    (3): LightGCN()
  )
  (M): Sequential(
    (0): Linear(in_features=64, out_features=64, bias=True)
    (1): Tanh()
    (2): Linear(in_features=64, out_features=64, bias=True)
    (3): Tanh()
  )
  (bpr_loss): BPRLoss()
  (emb_loss): EmbLoss()
  (cross_loss): BCELoss()
)
2024-03-27 08:46:20.274 | INFO     | trainer:_train_one_epoch:117 - epoch 1 47.70s Train loss is [0.3664] 
2024-03-27 08:46:57.793 | INFO     | trainer:_train_one_epoch:126 - validate 1 cost time 37.52s, result: {'hit@10': 0.0831, 'ndcg@10': 0.0336, 'hit@20': 0.1216, 'ndcg@20': 0.0408, 'hit@50': 0.1959, 'ndcg@50': 0.052, 'hit@80': 0.2464, 'ndcg@80': 0.0586} 
2024-03-27 08:47:33.523 | INFO     | trainer:_train_one_epoch:134 - test 1 cost time 35.73s, result: {'hit@10': 0.0487, 'ndcg@10': 0.0251, 'hit@20': 0.0743, 'ndcg@20': 0.0312, 'hit@50': 0.1248, 'ndcg@50': 0.0409, 'hit@80': 0.1588, 'ndcg@80': 0.0464} 
2024-03-27 08:48:23.003 | INFO     | trainer:_train_one_epoch:117 - epoch 2 49.32s Train loss is [0.2779] 
2024-03-27 08:49:27.270 | INFO     | trainer:_train_one_epoch:126 - validate 2 cost time 64.27s, result: {'hit@10': 0.1074, 'ndcg@10': 0.0434, 'hit@20': 0.1569, 'ndcg@20': 0.0529, 'hit@50': 0.2441, 'ndcg@50': 0.0665, 'hit@80': 0.3011, 'ndcg@80': 0.0741} 
2024-03-27 08:50:06.119 | INFO     | trainer:_train_one_epoch:134 - test 2 cost time 38.85s, result: {'hit@10': 0.0639, 'ndcg@10': 0.0329, 'hit@20': 0.0962, 'ndcg@20': 0.0407, 'hit@50': 0.1551, 'ndcg@50': 0.052, 'hit@80': 0.1947, 'ndcg@80': 0.0584} 
2024-03-27 08:50:52.499 | INFO     | trainer:_train_one_epoch:117 - epoch 3 46.25s Train loss is [0.2455] 
2024-03-27 08:51:36.953 | INFO     | trainer:_train_one_epoch:126 - validate 3 cost time 44.45s, result: {'hit@10': 0.123, 'ndcg@10': 0.0503, 'hit@20': 0.1762, 'ndcg@20': 0.0607, 'hit@50': 0.2719, 'ndcg@50': 0.0755, 'hit@80': 0.3304, 'ndcg@80': 0.0837} 
2024-03-27 08:52:06.413 | INFO     | trainer:_train_one_epoch:134 - test 3 cost time 29.46s, result: {'hit@10': 0.0748, 'ndcg@10': 0.0384, 'hit@20': 0.1093, 'ndcg@20': 0.0468, 'hit@50': 0.1727, 'ndcg@50': 0.0589, 'hit@80': 0.2191, 'ndcg@80': 0.0664} 
2024-03-27 08:52:57.476 | INFO     | trainer:_train_one_epoch:117 - epoch 4 50.93s Train loss is [0.2279] 
2024-03-27 08:53:53.905 | INFO     | trainer:_train_one_epoch:126 - validate 4 cost time 56.43s, result: {'hit@10': 0.1336, 'ndcg@10': 0.0545, 'hit@20': 0.1884, 'ndcg@20': 0.0654, 'hit@50': 0.288, 'ndcg@50': 0.0811, 'hit@80': 0.3508, 'ndcg@80': 0.0899} 
2024-03-27 08:54:36.375 | INFO     | trainer:_train_one_epoch:134 - test 4 cost time 42.47s, result: {'hit@10': 0.0802, 'ndcg@10': 0.0425, 'hit@20': 0.1177, 'ndcg@20': 0.0515, 'hit@50': 0.1877, 'ndcg@50': 0.065, 'hit@80': 0.2342, 'ndcg@80': 0.0725} 
2024-03-27 08:55:25.235 | INFO     | trainer:_train_one_epoch:117 - epoch 5 48.62s Train loss is [0.2157] 
2024-03-27 08:56:11.030 | INFO     | trainer:_train_one_epoch:126 - validate 5 cost time 45.79s, result: {'hit@10': 0.1406, 'ndcg@10': 0.0572, 'hit@20': 0.1989, 'ndcg@20': 0.0688, 'hit@50': 0.3025, 'ndcg@50': 0.0851, 'hit@80': 0.3674, 'ndcg@80': 0.0942} 
2024-03-27 08:56:41.682 | INFO     | trainer:_train_one_epoch:134 - test 5 cost time 30.65s, result: {'hit@10': 0.085, 'ndcg@10': 0.0448, 'hit@20': 0.1251, 'ndcg@20': 0.0545, 'hit@50': 0.1963, 'ndcg@50': 0.0682, 'hit@80': 0.2416, 'ndcg@80': 0.0755} 
2024-03-27 08:57:32.331 | INFO     | trainer:_train_one_epoch:117 - epoch 6 50.46s Train loss is [0.2072] 
2024-03-27 08:58:31.827 | INFO     | trainer:_train_one_epoch:126 - validate 6 cost time 59.50s, result: {'hit@10': 0.1482, 'ndcg@10': 0.0613, 'hit@20': 0.2074, 'ndcg@20': 0.0728, 'hit@50': 0.3131, 'ndcg@50': 0.0898, 'hit@80': 0.3777, 'ndcg@80': 0.099} 
2024-03-27 08:59:09.350 | INFO     | trainer:_train_one_epoch:134 - test 6 cost time 37.52s, result: {'hit@10': 0.089, 'ndcg@10': 0.0468, 'hit@20': 0.1284, 'ndcg@20': 0.0563, 'hit@50': 0.2021, 'ndcg@50': 0.0704, 'hit@80': 0.2513, 'ndcg@80': 0.0784} 
2024-03-27 08:59:58.088 | INFO     | trainer:_train_one_epoch:117 - epoch 7 48.48s Train loss is [0.2010] 
2024-03-27 09:00:43.919 | INFO     | trainer:_train_one_epoch:126 - validate 7 cost time 45.83s, result: {'hit@10': 0.1527, 'ndcg@10': 0.0631, 'hit@20': 0.2168, 'ndcg@20': 0.0757, 'hit@50': 0.3222, 'ndcg@50': 0.0928, 'hit@80': 0.3891, 'ndcg@80': 0.1023} 
2024-03-27 09:01:14.762 | INFO     | trainer:_train_one_epoch:134 - test 7 cost time 30.84s, result: {'hit@10': 0.0918, 'ndcg@10': 0.0481, 'hit@20': 0.1334, 'ndcg@20': 0.0582, 'hit@50': 0.212, 'ndcg@50': 0.0733, 'hit@80': 0.2616, 'ndcg@80': 0.0813} 
2024-03-27 09:02:04.548 | INFO     | trainer:_train_one_epoch:117 - epoch 8 49.62s Train loss is [0.1953] 
2024-03-27 09:03:01.677 | INFO     | trainer:_train_one_epoch:126 - validate 8 cost time 57.13s, result: {'hit@10': 0.1579, 'ndcg@10': 0.0652, 'hit@20': 0.2225, 'ndcg@20': 0.0779, 'hit@50': 0.3304, 'ndcg@50': 0.0955, 'hit@80': 0.3967, 'ndcg@80': 0.105} 
2024-03-27 09:03:42.962 | INFO     | trainer:_train_one_epoch:134 - test 8 cost time 41.28s, result: {'hit@10': 0.0928, 'ndcg@10': 0.0485, 'hit@20': 0.1373, 'ndcg@20': 0.0593, 'hit@50': 0.2159, 'ndcg@50': 0.0743, 'hit@80': 0.2665, 'ndcg@80': 0.0826} 
2024-03-27 09:04:36.211 | INFO     | trainer:_train_one_epoch:117 - epoch 9 53.15s Train loss is [0.1902] 
2024-03-27 09:05:15.411 | INFO     | trainer:_train_one_epoch:126 - validate 9 cost time 39.20s, result: {'hit@10': 0.1629, 'ndcg@10': 0.0671, 'hit@20': 0.2292, 'ndcg@20': 0.0803, 'hit@50': 0.3369, 'ndcg@50': 0.0977, 'hit@80': 0.4044, 'ndcg@80': 0.1075} 
2024-03-27 09:05:54.661 | INFO     | trainer:_train_one_epoch:134 - test 9 cost time 39.25s, result: {'hit@10': 0.0961, 'ndcg@10': 0.0507, 'hit@20': 0.1393, 'ndcg@20': 0.0612, 'hit@50': 0.219, 'ndcg@50': 0.0765, 'hit@80': 0.2701, 'ndcg@80': 0.0848} 
2024-03-27 09:06:49.498 | INFO     | trainer:_train_one_epoch:117 - epoch 10 54.70s Train loss is [0.1852] 
2024-03-27 09:07:45.942 | INFO     | trainer:_train_one_epoch:126 - validate 10 cost time 56.44s, result: {'hit@10': 0.1643, 'ndcg@10': 0.0682, 'hit@20': 0.2311, 'ndcg@20': 0.0814, 'hit@50': 0.342, 'ndcg@50': 0.0994, 'hit@80': 0.4095, 'ndcg@80': 0.1092} 
2024-03-27 09:08:26.139 | INFO     | trainer:_train_one_epoch:134 - test 10 cost time 40.20s, result: {'hit@10': 0.0974, 'ndcg@10': 0.0512, 'hit@20': 0.1424, 'ndcg@20': 0.062, 'hit@50': 0.2234, 'ndcg@50': 0.0777, 'hit@80': 0.2762, 'ndcg@80': 0.0863} 
2024-03-27 09:09:26.239 | INFO     | trainer:_train_one_epoch:117 - epoch 11 60.02s Train loss is [0.1803] 
2024-03-27 09:10:09.691 | INFO     | trainer:_train_one_epoch:126 - validate 11 cost time 43.45s, result: {'hit@10': 0.1685, 'ndcg@10': 0.07, 'hit@20': 0.235, 'ndcg@20': 0.0833, 'hit@50': 0.3461, 'ndcg@50': 0.1014, 'hit@80': 0.4141, 'ndcg@80': 0.1114} 
2024-03-27 09:10:50.269 | INFO     | trainer:_train_one_epoch:134 - test 11 cost time 40.58s, result: {'hit@10': 0.0982, 'ndcg@10': 0.0514, 'hit@20': 0.1446, 'ndcg@20': 0.0627, 'hit@50': 0.2276, 'ndcg@50': 0.0787, 'hit@80': 0.2793, 'ndcg@80': 0.0871} 
2024-03-27 09:11:45.510 | INFO     | trainer:_train_one_epoch:117 - epoch 12 55.02s Train loss is [0.1782] 
2024-03-27 09:12:42.920 | INFO     | trainer:_train_one_epoch:126 - validate 12 cost time 57.41s, result: {'hit@10': 0.1714, 'ndcg@10': 0.0713, 'hit@20': 0.2396, 'ndcg@20': 0.085, 'hit@50': 0.3514, 'ndcg@50': 0.1033, 'hit@80': 0.4184, 'ndcg@80': 0.1132} 
2024-03-27 09:13:16.891 | INFO     | trainer:_train_one_epoch:134 - test 12 cost time 33.97s, result: {'hit@10': 0.0998, 'ndcg@10': 0.0531, 'hit@20': 0.1448, 'ndcg@20': 0.064, 'hit@50': 0.228, 'ndcg@50': 0.08, 'hit@80': 0.2834, 'ndcg@80': 0.089} 
2024-03-27 09:14:17.908 | INFO     | trainer:_train_one_epoch:117 - epoch 13 60.87s Train loss is [0.1758] 
2024-03-27 09:15:05.394 | INFO     | trainer:_train_one_epoch:126 - validate 13 cost time 47.48s, result: {'hit@10': 0.1739, 'ndcg@10': 0.0719, 'hit@20': 0.2424, 'ndcg@20': 0.0855, 'hit@50': 0.3551, 'ndcg@50': 0.1039, 'hit@80': 0.4222, 'ndcg@80': 0.114} 
2024-03-27 09:15:54.063 | INFO     | trainer:_train_one_epoch:134 - test 13 cost time 48.67s, result: {'hit@10': 0.1017, 'ndcg@10': 0.0537, 'hit@20': 0.1495, 'ndcg@20': 0.0653, 'hit@50': 0.2314, 'ndcg@50': 0.0811, 'hit@80': 0.2882, 'ndcg@80': 0.0903} 
2024-03-27 09:16:44.524 | INFO     | trainer:_train_one_epoch:117 - epoch 14 50.39s Train loss is [0.1736] 
2024-03-27 09:17:31.212 | INFO     | trainer:_train_one_epoch:126 - validate 14 cost time 46.69s, result: {'hit@10': 0.1765, 'ndcg@10': 0.0731, 'hit@20': 0.2448, 'ndcg@20': 0.0868, 'hit@50': 0.3584, 'ndcg@50': 0.1054, 'hit@80': 0.4258, 'ndcg@80': 0.1154} 
2024-03-27 09:18:09.544 | INFO     | trainer:_train_one_epoch:134 - test 14 cost time 38.33s, result: {'hit@10': 0.1029, 'ndcg@10': 0.0546, 'hit@20': 0.1496, 'ndcg@20': 0.066, 'hit@50': 0.2328, 'ndcg@50': 0.0821, 'hit@80': 0.2884, 'ndcg@80': 0.0912} 
2024-03-27 09:19:00.312 | INFO     | trainer:_train_one_epoch:117 - epoch 15 50.69s Train loss is [0.1709] 
2024-03-27 09:20:05.002 | INFO     | trainer:_train_one_epoch:126 - validate 15 cost time 64.69s, result: {'hit@10': 0.1791, 'ndcg@10': 0.0742, 'hit@20': 0.2476, 'ndcg@20': 0.088, 'hit@50': 0.3603, 'ndcg@50': 0.1064, 'hit@80': 0.4305, 'ndcg@80': 0.1167} 
2024-03-27 09:20:45.192 | INFO     | trainer:_train_one_epoch:134 - test 15 cost time 40.19s, result: {'hit@10': 0.1045, 'ndcg@10': 0.0557, 'hit@20': 0.153, 'ndcg@20': 0.0675, 'hit@50': 0.2385, 'ndcg@50': 0.084, 'hit@80': 0.2935, 'ndcg@80': 0.0929} 
2024-03-27 09:21:28.870 | INFO     | trainer:_train_one_epoch:117 - epoch 16 43.58s Train loss is [0.1685] 
2024-03-27 09:22:26.050 | INFO     | trainer:_train_one_epoch:126 - validate 16 cost time 57.18s, result: {'hit@10': 0.1814, 'ndcg@10': 0.0756, 'hit@20': 0.2519, 'ndcg@20': 0.0897, 'hit@50': 0.3649, 'ndcg@50': 0.1085, 'hit@80': 0.4345, 'ndcg@80': 0.1187} 
2024-03-27 09:22:55.313 | INFO     | trainer:_train_one_epoch:134 - test 16 cost time 29.26s, result: {'hit@10': 0.1068, 'ndcg@10': 0.056, 'hit@20': 0.155, 'ndcg@20': 0.0678, 'hit@50': 0.2401, 'ndcg@50': 0.0841, 'hit@80': 0.2943, 'ndcg@80': 0.0929} 
2024-03-27 09:23:45.713 | INFO     | trainer:_train_one_epoch:117 - epoch 17 50.33s Train loss is [0.1668] 
2024-03-27 09:24:41.632 | INFO     | trainer:_train_one_epoch:126 - validate 17 cost time 55.92s, result: {'hit@10': 0.1828, 'ndcg@10': 0.0759, 'hit@20': 0.2551, 'ndcg@20': 0.0905, 'hit@50': 0.3694, 'ndcg@50': 0.1094, 'hit@80': 0.4391, 'ndcg@80': 0.1197} 
2024-03-27 09:25:23.024 | INFO     | trainer:_train_one_epoch:134 - test 17 cost time 41.39s, result: {'hit@10': 0.1086, 'ndcg@10': 0.0575, 'hit@20': 0.1561, 'ndcg@20': 0.0691, 'hit@50': 0.2418, 'ndcg@50': 0.0856, 'hit@80': 0.2966, 'ndcg@80': 0.0945} 
2024-03-27 09:26:10.813 | INFO     | trainer:_train_one_epoch:117 - epoch 18 47.73s Train loss is [0.1656] 
2024-03-27 09:27:00.439 | INFO     | trainer:_train_one_epoch:126 - validate 18 cost time 49.62s, result: {'hit@10': 0.1852, 'ndcg@10': 0.0771, 'hit@20': 0.2573, 'ndcg@20': 0.0918, 'hit@50': 0.3732, 'ndcg@50': 0.1109, 'hit@80': 0.4421, 'ndcg@80': 0.1212} 
2024-03-27 09:27:33.910 | INFO     | trainer:_train_one_epoch:134 - test 18 cost time 33.47s, result: {'hit@10': 0.1094, 'ndcg@10': 0.0575, 'hit@20': 0.1575, 'ndcg@20': 0.0692, 'hit@50': 0.2454, 'ndcg@50': 0.0861, 'hit@80': 0.2987, 'ndcg@80': 0.0948} 
2024-03-27 09:28:18.817 | INFO     | trainer:_train_one_epoch:117 - epoch 19 44.80s Train loss is [0.1630] 
2024-03-27 09:29:20.967 | INFO     | trainer:_train_one_epoch:126 - validate 19 cost time 62.15s, result: {'hit@10': 0.1872, 'ndcg@10': 0.078, 'hit@20': 0.2607, 'ndcg@20': 0.0929, 'hit@50': 0.3772, 'ndcg@50': 0.1122, 'hit@80': 0.4453, 'ndcg@80': 0.1224} 
2024-03-27 09:30:16.368 | INFO     | trainer:_train_one_epoch:134 - test 19 cost time 55.40s, result: {'hit@10': 0.1107, 'ndcg@10': 0.0584, 'hit@20': 0.161, 'ndcg@20': 0.0706, 'hit@50': 0.2475, 'ndcg@50': 0.0873, 'hit@80': 0.3024, 'ndcg@80': 0.0963} 
2024-03-27 09:31:03.023 | INFO     | trainer:_train_one_epoch:117 - epoch 20 46.58s Train loss is [0.1612] 
2024-03-27 09:31:42.593 | INFO     | trainer:_train_one_epoch:126 - validate 20 cost time 39.57s, result: {'hit@10': 0.188, 'ndcg@10': 0.0787, 'hit@20': 0.261, 'ndcg@20': 0.0935, 'hit@50': 0.3783, 'ndcg@50': 0.113, 'hit@80': 0.449, 'ndcg@80': 0.1235} 
2024-03-27 09:32:26.392 | INFO     | trainer:_train_one_epoch:134 - test 20 cost time 43.80s, result: {'hit@10': 0.1118, 'ndcg@10': 0.0585, 'hit@20': 0.161, 'ndcg@20': 0.0704, 'hit@50': 0.2492, 'ndcg@50': 0.0875, 'hit@80': 0.3043, 'ndcg@80': 0.0964} 
2024-03-27 09:33:16.348 | INFO     | trainer:_train_one_epoch:117 - epoch 21 49.85s Train loss is [0.1605] 
2024-03-27 09:34:19.884 | INFO     | trainer:_train_one_epoch:126 - validate 21 cost time 63.54s, result: {'hit@10': 0.1893, 'ndcg@10': 0.0793, 'hit@20': 0.2627, 'ndcg@20': 0.0943, 'hit@50': 0.3812, 'ndcg@50': 0.1141, 'hit@80': 0.4509, 'ndcg@80': 0.1244} 
2024-03-27 09:34:57.047 | INFO     | trainer:_train_one_epoch:134 - test 21 cost time 37.16s, result: {'hit@10': 0.1142, 'ndcg@10': 0.0597, 'hit@20': 0.1633, 'ndcg@20': 0.0716, 'hit@50': 0.2519, 'ndcg@50': 0.0887, 'hit@80': 0.3089, 'ndcg@80': 0.098} 
2024-03-27 09:35:43.275 | INFO     | trainer:_train_one_epoch:117 - epoch 22 46.14s Train loss is [0.1588] 
2024-03-27 09:36:41.147 | INFO     | trainer:_train_one_epoch:126 - validate 22 cost time 57.87s, result: {'hit@10': 0.1916, 'ndcg@10': 0.0799, 'hit@20': 0.2654, 'ndcg@20': 0.0949, 'hit@50': 0.3842, 'ndcg@50': 0.1148, 'hit@80': 0.452, 'ndcg@80': 0.125} 
2024-03-27 09:37:28.942 | INFO     | trainer:_train_one_epoch:134 - test 22 cost time 47.79s, result: {'hit@10': 0.113, 'ndcg@10': 0.0595, 'hit@20': 0.1638, 'ndcg@20': 0.072, 'hit@50': 0.2532, 'ndcg@50': 0.0892, 'hit@80': 0.3102, 'ndcg@80': 0.0985} 
2024-03-27 09:38:12.463 | INFO     | trainer:_train_one_epoch:117 - epoch 23 43.43s Train loss is [0.1590] 
2024-03-27 09:39:07.777 | INFO     | trainer:_train_one_epoch:126 - validate 23 cost time 55.31s, result: {'hit@10': 0.195, 'ndcg@10': 0.0814, 'hit@20': 0.2658, 'ndcg@20': 0.0959, 'hit@50': 0.3858, 'ndcg@50': 0.1159, 'hit@80': 0.4561, 'ndcg@80': 0.1265} 
2024-03-27 09:39:40.740 | INFO     | trainer:_train_one_epoch:134 - test 23 cost time 32.96s, result: {'hit@10': 0.1152, 'ndcg@10': 0.0605, 'hit@20': 0.1659, 'ndcg@20': 0.0729, 'hit@50': 0.2561, 'ndcg@50': 0.0903, 'hit@80': 0.3122, 'ndcg@80': 0.0994} 
2024-03-27 09:40:28.472 | INFO     | trainer:_train_one_epoch:117 - epoch 24 47.67s Train loss is [0.1575] 
2024-03-27 09:41:20.176 | INFO     | trainer:_train_one_epoch:126 - validate 24 cost time 51.70s, result: {'hit@10': 0.1936, 'ndcg@10': 0.0811, 'hit@20': 0.268, 'ndcg@20': 0.0961, 'hit@50': 0.3878, 'ndcg@50': 0.1163, 'hit@80': 0.4573, 'ndcg@80': 0.1268} 
2024-03-27 09:41:58.717 | INFO     | trainer:_train_one_epoch:134 - test 24 cost time 38.54s, result: {'hit@10': 0.1176, 'ndcg@10': 0.0617, 'hit@20': 0.1681, 'ndcg@20': 0.074, 'hit@50': 0.2586, 'ndcg@50': 0.0915, 'hit@80': 0.3132, 'ndcg@80': 0.1004} 
2024-03-27 09:42:44.041 | INFO     | trainer:_train_one_epoch:117 - epoch 25 45.21s Train loss is [0.1558] 
2024-03-27 09:43:42.695 | INFO     | trainer:_train_one_epoch:126 - validate 25 cost time 58.65s, result: {'hit@10': 0.1928, 'ndcg@10': 0.0809, 'hit@20': 0.2667, 'ndcg@20': 0.0959, 'hit@50': 0.3877, 'ndcg@50': 0.1164, 'hit@80': 0.4578, 'ndcg@80': 0.127} 
2024-03-27 09:44:20.965 | INFO     | trainer:_train_one_epoch:134 - test 25 cost time 38.27s, result: {'hit@10': 0.1166, 'ndcg@10': 0.0616, 'hit@20': 0.1682, 'ndcg@20': 0.0742, 'hit@50': 0.2592, 'ndcg@50': 0.0917, 'hit@80': 0.3156, 'ndcg@80': 0.1009} 
2024-03-27 09:45:09.209 | INFO     | trainer:_train_one_epoch:117 - epoch 26 48.24s Train loss is [0.1550] 
2024-03-27 09:46:03.261 | INFO     | trainer:_train_one_epoch:126 - validate 26 cost time 54.05s, result: {'hit@10': 0.1946, 'ndcg@10': 0.0815, 'hit@20': 0.2699, 'ndcg@20': 0.0968, 'hit@50': 0.3905, 'ndcg@50': 0.1172, 'hit@80': 0.4604, 'ndcg@80': 0.1276} 
2024-03-27 09:46:49.234 | INFO     | trainer:_train_one_epoch:134 - test 26 cost time 45.97s, result: {'hit@10': 0.1176, 'ndcg@10': 0.0618, 'hit@20': 0.1689, 'ndcg@20': 0.0743, 'hit@50': 0.2586, 'ndcg@50': 0.0916, 'hit@80': 0.3167, 'ndcg@80': 0.1011} 
2024-03-27 09:47:38.964 | INFO     | trainer:_train_one_epoch:117 - epoch 27 49.64s Train loss is [0.1543] 
2024-03-27 09:48:27.545 | INFO     | trainer:_train_one_epoch:126 - validate 27 cost time 48.58s, result: {'hit@10': 0.1968, 'ndcg@10': 0.0825, 'hit@20': 0.2732, 'ndcg@20': 0.0979, 'hit@50': 0.3933, 'ndcg@50': 0.1183, 'hit@80': 0.4626, 'ndcg@80': 0.1287} 
2024-03-27 09:49:03.289 | INFO     | trainer:_train_one_epoch:134 - test 27 cost time 35.74s, result: {'hit@10': 0.118, 'ndcg@10': 0.0623, 'hit@20': 0.1705, 'ndcg@20': 0.0751, 'hit@50': 0.2601, 'ndcg@50': 0.0924, 'hit@80': 0.3171, 'ndcg@80': 0.1017} 
2024-03-27 09:49:47.933 | INFO     | trainer:_train_one_epoch:117 - epoch 28 44.58s Train loss is [0.1539] 
2024-03-27 09:50:59.460 | INFO     | trainer:_train_one_epoch:126 - validate 28 cost time 71.53s, result: {'hit@10': 0.1953, 'ndcg@10': 0.0818, 'hit@20': 0.2729, 'ndcg@20': 0.0975, 'hit@50': 0.3935, 'ndcg@50': 0.1179, 'hit@80': 0.4633, 'ndcg@80': 0.1285} 
2024-03-27 09:51:50.959 | INFO     | trainer:_train_one_epoch:134 - test 28 cost time 51.50s, result: {'hit@10': 0.1178, 'ndcg@10': 0.0623, 'hit@20': 0.172, 'ndcg@20': 0.0755, 'hit@50': 0.2604, 'ndcg@50': 0.0926, 'hit@80': 0.3173, 'ndcg@80': 0.1019} 
2024-03-27 09:52:36.916 | INFO     | trainer:_train_one_epoch:117 - epoch 29 45.96s Train loss is [0.1529] 
2024-03-27 09:53:25.652 | INFO     | trainer:_train_one_epoch:126 - validate 29 cost time 48.73s, result: {'hit@10': 0.1963, 'ndcg@10': 0.0822, 'hit@20': 0.2716, 'ndcg@20': 0.0975, 'hit@50': 0.3944, 'ndcg@50': 0.1182, 'hit@80': 0.4643, 'ndcg@80': 0.1287} 
2024-03-27 09:54:09.845 | INFO     | trainer:_train_one_epoch:134 - test 29 cost time 44.19s, result: {'hit@10': 0.1174, 'ndcg@10': 0.062, 'hit@20': 0.1698, 'ndcg@20': 0.0748, 'hit@50': 0.2603, 'ndcg@50': 0.0923, 'hit@80': 0.317, 'ndcg@80': 0.1016} 
2024-03-27 09:54:56.855 | INFO     | trainer:_train_one_epoch:117 - epoch 30 47.01s Train loss is [0.1508] 
2024-03-27 09:55:53.692 | INFO     | trainer:_train_one_epoch:126 - validate 30 cost time 56.84s, result: {'hit@10': 0.1988, 'ndcg@10': 0.0832, 'hit@20': 0.2749, 'ndcg@20': 0.099, 'hit@50': 0.3959, 'ndcg@50': 0.1194, 'hit@80': 0.4658, 'ndcg@80': 0.1299} 
2024-03-27 09:56:30.259 | INFO     | trainer:_train_one_epoch:134 - test 30 cost time 36.57s, result: {'hit@10': 0.1199, 'ndcg@10': 0.0635, 'hit@20': 0.173, 'ndcg@20': 0.0764, 'hit@50': 0.2623, 'ndcg@50': 0.0936, 'hit@80': 0.3196, 'ndcg@80': 0.103} 
2024-03-27 09:57:19.310 | INFO     | trainer:_train_one_epoch:117 - epoch 31 48.99s Train loss is [0.1503] 
2024-03-27 09:58:03.228 | INFO     | trainer:_train_one_epoch:126 - validate 31 cost time 43.92s, result: {'hit@10': 0.1989, 'ndcg@10': 0.0838, 'hit@20': 0.276, 'ndcg@20': 0.0997, 'hit@50': 0.3965, 'ndcg@50': 0.12, 'hit@80': 0.4676, 'ndcg@80': 0.1307} 
2024-03-27 09:58:50.704 | INFO     | trainer:_train_one_epoch:134 - test 31 cost time 47.48s, result: {'hit@10': 0.1204, 'ndcg@10': 0.0635, 'hit@20': 0.1746, 'ndcg@20': 0.0768, 'hit@50': 0.2637, 'ndcg@50': 0.0939, 'hit@80': 0.32, 'ndcg@80': 0.1032} 
2024-03-27 09:59:33.825 | INFO     | trainer:_train_one_epoch:117 - epoch 32 43.04s Train loss is [0.1497] 
2024-03-27 10:00:30.854 | INFO     | trainer:_train_one_epoch:126 - validate 32 cost time 57.03s, result: {'hit@10': 0.2005, 'ndcg@10': 0.0843, 'hit@20': 0.277, 'ndcg@20': 0.1, 'hit@50': 0.3985, 'ndcg@50': 0.1207, 'hit@80': 0.4701, 'ndcg@80': 0.1314} 
2024-03-27 10:01:13.938 | INFO     | trainer:_train_one_epoch:134 - test 32 cost time 43.08s, result: {'hit@10': 0.1221, 'ndcg@10': 0.0645, 'hit@20': 0.174, 'ndcg@20': 0.0772, 'hit@50': 0.2674, 'ndcg@50': 0.0952, 'hit@80': 0.3205, 'ndcg@80': 0.1039} 
2024-03-27 10:02:03.645 | INFO     | trainer:_train_one_epoch:117 - epoch 33 49.64s Train loss is [0.1497] 
2024-03-27 10:02:56.759 | INFO     | trainer:_train_one_epoch:126 - validate 33 cost time 53.11s, result: {'hit@10': 0.2012, 'ndcg@10': 0.0846, 'hit@20': 0.279, 'ndcg@20': 0.1004, 'hit@50': 0.3995, 'ndcg@50': 0.1209, 'hit@80': 0.4696, 'ndcg@80': 0.1316} 
2024-03-27 10:03:38.630 | INFO     | trainer:_train_one_epoch:134 - test 33 cost time 41.87s, result: {'hit@10': 0.1194, 'ndcg@10': 0.0629, 'hit@20': 0.1743, 'ndcg@20': 0.0763, 'hit@50': 0.2664, 'ndcg@50': 0.094, 'hit@80': 0.3217, 'ndcg@80': 0.1031} 
2024-03-27 10:04:26.212 | INFO     | trainer:_train_one_epoch:117 - epoch 34 47.52s Train loss is [0.1492] 
2024-03-27 10:05:21.631 | INFO     | trainer:_train_one_epoch:126 - validate 34 cost time 55.42s, result: {'hit@10': 0.2017, 'ndcg@10': 0.0848, 'hit@20': 0.2795, 'ndcg@20': 0.1009, 'hit@50': 0.401, 'ndcg@50': 0.1215, 'hit@80': 0.471, 'ndcg@80': 0.1321} 
2024-03-27 10:05:57.131 | INFO     | trainer:_train_one_epoch:134 - test 34 cost time 35.50s, result: {'hit@10': 0.1209, 'ndcg@10': 0.0633, 'hit@20': 0.174, 'ndcg@20': 0.0762, 'hit@50': 0.2667, 'ndcg@50': 0.0941, 'hit@80': 0.3231, 'ndcg@80': 0.1033} 
2024-03-27 10:06:42.097 | INFO     | trainer:_train_one_epoch:117 - epoch 35 44.87s Train loss is [0.1483] 
2024-03-27 10:07:45.689 | INFO     | trainer:_train_one_epoch:126 - validate 35 cost time 63.59s, result: {'hit@10': 0.2016, 'ndcg@10': 0.0846, 'hit@20': 0.2799, 'ndcg@20': 0.1005, 'hit@50': 0.4008, 'ndcg@50': 0.1211, 'hit@80': 0.4711, 'ndcg@80': 0.1318} 
2024-03-27 10:08:36.041 | INFO     | trainer:_train_one_epoch:134 - test 35 cost time 50.35s, result: {'hit@10': 0.1207, 'ndcg@10': 0.0633, 'hit@20': 0.1725, 'ndcg@20': 0.0759, 'hit@50': 0.2671, 'ndcg@50': 0.0942, 'hit@80': 0.3244, 'ndcg@80': 0.1035} 
2024-03-27 10:09:25.360 | INFO     | trainer:_train_one_epoch:117 - epoch 36 49.24s Train loss is [0.1474] 
2024-03-27 10:10:11.325 | INFO     | trainer:_train_one_epoch:126 - validate 36 cost time 45.96s, result: {'hit@10': 0.2034, 'ndcg@10': 0.0853, 'hit@20': 0.2814, 'ndcg@20': 0.1012, 'hit@50': 0.4036, 'ndcg@50': 0.122, 'hit@80': 0.4736, 'ndcg@80': 0.1326} 
2024-03-27 10:10:37.167 | INFO     | trainer:_train_one_epoch:134 - test 36 cost time 25.84s, result: {'hit@10': 0.1205, 'ndcg@10': 0.0637, 'hit@20': 0.175, 'ndcg@20': 0.0769, 'hit@50': 0.2668, 'ndcg@50': 0.0946, 'hit@80': 0.3274, 'ndcg@80': 0.1045} 
2024-03-27 10:11:25.804 | INFO     | trainer:_train_one_epoch:117 - epoch 37 48.56s Train loss is [0.1471] 
2024-03-27 10:12:35.432 | INFO     | trainer:_train_one_epoch:126 - validate 37 cost time 69.63s, result: {'hit@10': 0.2047, 'ndcg@10': 0.0855, 'hit@20': 0.2805, 'ndcg@20': 0.1012, 'hit@50': 0.4049, 'ndcg@50': 0.1222, 'hit@80': 0.4754, 'ndcg@80': 0.1329} 
2024-03-27 10:13:13.912 | INFO     | trainer:_train_one_epoch:134 - test 37 cost time 38.48s, result: {'hit@10': 0.1213, 'ndcg@10': 0.0643, 'hit@20': 0.1758, 'ndcg@20': 0.0775, 'hit@50': 0.2682, 'ndcg@50': 0.0954, 'hit@80': 0.3267, 'ndcg@80': 0.1049} 
2024-03-27 10:14:00.851 | INFO     | trainer:_train_one_epoch:117 - epoch 38 46.94s Train loss is [0.1462] 
2024-03-27 10:14:50.945 | INFO     | trainer:_train_one_epoch:126 - validate 38 cost time 50.09s, result: {'hit@10': 0.2047, 'ndcg@10': 0.0856, 'hit@20': 0.2826, 'ndcg@20': 0.1015, 'hit@50': 0.4047, 'ndcg@50': 0.1221, 'hit@80': 0.4747, 'ndcg@80': 0.1328} 
2024-03-27 10:15:26.923 | INFO     | trainer:_train_one_epoch:134 - test 38 cost time 35.98s, result: {'hit@10': 0.1201, 'ndcg@10': 0.0642, 'hit@20': 0.1739, 'ndcg@20': 0.0774, 'hit@50': 0.2698, 'ndcg@50': 0.0958, 'hit@80': 0.3271, 'ndcg@80': 0.1052} 
2024-03-27 10:16:16.531 | INFO     | trainer:_train_one_epoch:117 - epoch 39 49.54s Train loss is [0.1464] 
2024-03-27 10:17:09.331 | INFO     | trainer:_train_one_epoch:126 - validate 39 cost time 52.80s, result: {'hit@10': 0.2051, 'ndcg@10': 0.0861, 'hit@20': 0.2851, 'ndcg@20': 0.1024, 'hit@50': 0.4066, 'ndcg@50': 0.123, 'hit@80': 0.4762, 'ndcg@80': 0.1336} 
2024-03-27 10:17:51.651 | INFO     | trainer:_train_one_epoch:134 - test 39 cost time 42.32s, result: {'hit@10': 0.1215, 'ndcg@10': 0.0643, 'hit@20': 0.176, 'ndcg@20': 0.0777, 'hit@50': 0.2714, 'ndcg@50': 0.096, 'hit@80': 0.3297, 'ndcg@80': 0.1056} 
2024-03-27 10:18:40.571 | INFO     | trainer:_train_one_epoch:117 - epoch 40 48.85s Train loss is [0.1457] 
2024-03-27 10:19:29.797 | INFO     | trainer:_train_one_epoch:126 - validate 40 cost time 49.23s, result: {'hit@10': 0.2055, 'ndcg@10': 0.0858, 'hit@20': 0.2839, 'ndcg@20': 0.1019, 'hit@50': 0.4061, 'ndcg@50': 0.1227, 'hit@80': 0.4781, 'ndcg@80': 0.1336} 
2024-03-27 10:20:09.880 | INFO     | trainer:_train_one_epoch:134 - test 40 cost time 40.08s, result: {'hit@10': 0.1214, 'ndcg@10': 0.0648, 'hit@20': 0.1758, 'ndcg@20': 0.0781, 'hit@50': 0.2692, 'ndcg@50': 0.0961, 'hit@80': 0.3295, 'ndcg@80': 0.1059} 
2024-03-27 10:20:55.005 | INFO     | trainer:_train_one_epoch:117 - epoch 41 45.12s Train loss is [0.1451] 
2024-03-27 10:21:55.965 | INFO     | trainer:_train_one_epoch:126 - validate 41 cost time 60.96s, result: {'hit@10': 0.2055, 'ndcg@10': 0.0864, 'hit@20': 0.2852, 'ndcg@20': 0.1027, 'hit@50': 0.4085, 'ndcg@50': 0.1236, 'hit@80': 0.4789, 'ndcg@80': 0.1344} 
2024-03-27 10:22:44.624 | INFO     | trainer:_train_one_epoch:134 - test 41 cost time 48.66s, result: {'hit@10': 0.1223, 'ndcg@10': 0.0656, 'hit@20': 0.1772, 'ndcg@20': 0.079, 'hit@50': 0.2706, 'ndcg@50': 0.097, 'hit@80': 0.3308, 'ndcg@80': 0.1068} 
2024-03-27 10:23:43.725 | INFO     | trainer:_train_one_epoch:117 - epoch 42 58.77s Train loss is [0.1441] 
2024-03-27 10:24:23.309 | INFO     | trainer:_train_one_epoch:126 - validate 42 cost time 39.58s, result: {'hit@10': 0.2078, 'ndcg@10': 0.0868, 'hit@20': 0.2861, 'ndcg@20': 0.1028, 'hit@50': 0.4097, 'ndcg@50': 0.1239, 'hit@80': 0.4819, 'ndcg@80': 0.1349} 
2024-03-27 10:25:01.401 | INFO     | trainer:_train_one_epoch:134 - test 42 cost time 38.09s, result: {'hit@10': 0.1243, 'ndcg@10': 0.0659, 'hit@20': 0.1785, 'ndcg@20': 0.0791, 'hit@50': 0.2735, 'ndcg@50': 0.0974, 'hit@80': 0.3318, 'ndcg@80': 0.1069} 
2024-03-27 10:25:56.666 | INFO     | trainer:_train_one_epoch:117 - epoch 43 55.14s Train loss is [0.1438] 
2024-03-27 10:26:57.882 | INFO     | trainer:_train_one_epoch:126 - validate 43 cost time 61.21s, result: {'hit@10': 0.2082, 'ndcg@10': 0.0871, 'hit@20': 0.2863, 'ndcg@20': 0.1031, 'hit@50': 0.4114, 'ndcg@50': 0.1244, 'hit@80': 0.4814, 'ndcg@80': 0.1351} 
2024-03-27 10:27:36.871 | INFO     | trainer:_train_one_epoch:134 - test 43 cost time 38.99s, result: {'hit@10': 0.1243, 'ndcg@10': 0.0664, 'hit@20': 0.1789, 'ndcg@20': 0.0798, 'hit@50': 0.2747, 'ndcg@50': 0.0982, 'hit@80': 0.3333, 'ndcg@80': 0.1078} 
2024-03-27 10:28:26.006 | INFO     | trainer:_train_one_epoch:117 - epoch 44 48.95s Train loss is [0.1433] 
2024-03-27 10:29:05.176 | INFO     | trainer:_train_one_epoch:126 - validate 44 cost time 39.17s, result: {'hit@10': 0.2063, 'ndcg@10': 0.0867, 'hit@20': 0.2866, 'ndcg@20': 0.1031, 'hit@50': 0.4107, 'ndcg@50': 0.1242, 'hit@80': 0.4818, 'ndcg@80': 0.1352} 
2024-03-27 10:29:42.959 | INFO     | trainer:_train_one_epoch:134 - test 44 cost time 37.78s, result: {'hit@10': 0.1259, 'ndcg@10': 0.0668, 'hit@20': 0.1793, 'ndcg@20': 0.0799, 'hit@50': 0.2741, 'ndcg@50': 0.0981, 'hit@80': 0.3326, 'ndcg@80': 0.1077} 
2024-03-27 10:30:35.316 | INFO     | trainer:_train_one_epoch:117 - epoch 45 52.26s Train loss is [0.1423] 
2024-03-27 10:31:38.367 | INFO     | trainer:_train_one_epoch:126 - validate 45 cost time 63.05s, result: {'hit@10': 0.2082, 'ndcg@10': 0.087, 'hit@20': 0.2869, 'ndcg@20': 0.1031, 'hit@50': 0.4129, 'ndcg@50': 0.1245, 'hit@80': 0.4841, 'ndcg@80': 0.1354} 
2024-03-27 10:32:10.263 | INFO     | trainer:_train_one_epoch:134 - test 45 cost time 31.90s, result: {'hit@10': 0.1246, 'ndcg@10': 0.0662, 'hit@20': 0.1785, 'ndcg@20': 0.0793, 'hit@50': 0.2744, 'ndcg@50': 0.0978, 'hit@80': 0.3344, 'ndcg@80': 0.1076} 
2024-03-27 10:33:04.409 | INFO     | trainer:_train_one_epoch:117 - epoch 46 54.03s Train loss is [0.1421] 
2024-03-27 10:33:52.042 | INFO     | trainer:_train_one_epoch:126 - validate 46 cost time 47.63s, result: {'hit@10': 0.2101, 'ndcg@10': 0.0878, 'hit@20': 0.2886, 'ndcg@20': 0.104, 'hit@50': 0.4158, 'ndcg@50': 0.1256, 'hit@80': 0.4858, 'ndcg@80': 0.1364} 
2024-03-27 10:34:32.611 | INFO     | trainer:_train_one_epoch:134 - test 46 cost time 40.57s, result: {'hit@10': 0.1265, 'ndcg@10': 0.0674, 'hit@20': 0.1793, 'ndcg@20': 0.0802, 'hit@50': 0.2759, 'ndcg@50': 0.0989, 'hit@80': 0.3348, 'ndcg@80': 0.1085} 
2024-03-27 10:35:29.068 | INFO     | trainer:_train_one_epoch:117 - epoch 47 56.34s Train loss is [0.1416] 
2024-03-27 10:36:24.433 | INFO     | trainer:_train_one_epoch:126 - validate 47 cost time 55.36s, result: {'hit@10': 0.2092, 'ndcg@10': 0.0874, 'hit@20': 0.2896, 'ndcg@20': 0.1039, 'hit@50': 0.4135, 'ndcg@50': 0.1251, 'hit@80': 0.4844, 'ndcg@80': 0.1359} 
2024-03-27 10:36:53.089 | INFO     | trainer:_train_one_epoch:134 - test 47 cost time 28.65s, result: {'hit@10': 0.1272, 'ndcg@10': 0.0673, 'hit@20': 0.1805, 'ndcg@20': 0.0803, 'hit@50': 0.275, 'ndcg@50': 0.0986, 'hit@80': 0.3355, 'ndcg@80': 0.1084} 
2024-03-27 10:37:50.657 | INFO     | trainer:_train_one_epoch:117 - epoch 48 57.44s Train loss is [0.1418] 
2024-03-27 10:38:38.975 | INFO     | trainer:_train_one_epoch:126 - validate 48 cost time 48.32s, result: {'hit@10': 0.212, 'ndcg@10': 0.0884, 'hit@20': 0.2915, 'ndcg@20': 0.1047, 'hit@50': 0.4157, 'ndcg@50': 0.126, 'hit@80': 0.4863, 'ndcg@80': 0.1369} 
2024-03-27 10:39:22.319 | INFO     | trainer:_train_one_epoch:134 - test 48 cost time 43.34s, result: {'hit@10': 0.1264, 'ndcg@10': 0.0671, 'hit@20': 0.1805, 'ndcg@20': 0.0803, 'hit@50': 0.2767, 'ndcg@50': 0.0989, 'hit@80': 0.3365, 'ndcg@80': 0.1087} 
2024-03-27 10:40:14.152 | INFO     | trainer:_train_one_epoch:117 - epoch 49 51.75s Train loss is [0.1413] 
2024-03-27 10:41:07.434 | INFO     | trainer:_train_one_epoch:126 - validate 49 cost time 53.28s, result: {'hit@10': 0.2102, 'ndcg@10': 0.088, 'hit@20': 0.2907, 'ndcg@20': 0.1046, 'hit@50': 0.4157, 'ndcg@50': 0.1259, 'hit@80': 0.4883, 'ndcg@80': 0.137} 
2024-03-27 10:41:34.221 | INFO     | trainer:_train_one_epoch:134 - test 49 cost time 26.79s, result: {'hit@10': 0.1259, 'ndcg@10': 0.0669, 'hit@20': 0.1803, 'ndcg@20': 0.0801, 'hit@50': 0.2778, 'ndcg@50': 0.099, 'hit@80': 0.3387, 'ndcg@80': 0.1089} 
2024-03-27 10:42:34.167 | INFO     | trainer:_train_one_epoch:117 - epoch 50 59.94s Train loss is [0.1417] 
2024-03-27 10:43:24.915 | INFO     | trainer:_train_one_epoch:126 - validate 50 cost time 50.74s, result: {'hit@10': 0.2113, 'ndcg@10': 0.0887, 'hit@20': 0.292, 'ndcg@20': 0.1053, 'hit@50': 0.4172, 'ndcg@50': 0.1268, 'hit@80': 0.4888, 'ndcg@80': 0.1378} 
2024-03-27 10:44:09.301 | INFO     | trainer:_train_one_epoch:134 - test 50 cost time 44.38s, result: {'hit@10': 0.1285, 'ndcg@10': 0.0681, 'hit@20': 0.1824, 'ndcg@20': 0.0812, 'hit@50': 0.2794, 'ndcg@50': 0.0999, 'hit@80': 0.3381, 'ndcg@80': 0.1095} 
2024-03-27 10:45:01.727 | INFO     | trainer:_train_one_epoch:117 - epoch 51 52.34s Train loss is [0.1399] 
2024-03-27 10:45:51.116 | INFO     | trainer:_train_one_epoch:126 - validate 51 cost time 49.39s, result: {'hit@10': 0.2126, 'ndcg@10': 0.0891, 'hit@20': 0.2918, 'ndcg@20': 0.1055, 'hit@50': 0.4177, 'ndcg@50': 0.1271, 'hit@80': 0.4868, 'ndcg@80': 0.1378} 
2024-03-27 10:46:19.451 | INFO     | trainer:_train_one_epoch:134 - test 51 cost time 28.33s, result: {'hit@10': 0.1257, 'ndcg@10': 0.0675, 'hit@20': 0.1815, 'ndcg@20': 0.0811, 'hit@50': 0.2792, 'ndcg@50': 0.1, 'hit@80': 0.3392, 'ndcg@80': 0.1098} 
2024-03-27 10:47:17.116 | INFO     | trainer:_train_one_epoch:117 - epoch 52 57.66s Train loss is [0.1395] 
2024-03-27 10:48:13.243 | INFO     | trainer:_train_one_epoch:126 - validate 52 cost time 56.13s, result: {'hit@10': 0.2122, 'ndcg@10': 0.0894, 'hit@20': 0.2931, 'ndcg@20': 0.106, 'hit@50': 0.4171, 'ndcg@50': 0.1274, 'hit@80': 0.4889, 'ndcg@80': 0.1383} 
2024-03-27 10:48:54.917 | INFO     | trainer:_train_one_epoch:134 - test 52 cost time 41.67s, result: {'hit@10': 0.1274, 'ndcg@10': 0.068, 'hit@20': 0.183, 'ndcg@20': 0.0815, 'hit@50': 0.2805, 'ndcg@50': 0.1004, 'hit@80': 0.34, 'ndcg@80': 0.1101} 
2024-03-27 10:49:45.273 | INFO     | trainer:_train_one_epoch:117 - epoch 53 50.22s Train loss is [0.1393] 
2024-03-27 10:50:32.774 | INFO     | trainer:_train_one_epoch:126 - validate 53 cost time 47.50s, result: {'hit@10': 0.2135, 'ndcg@10': 0.0892, 'hit@20': 0.2929, 'ndcg@20': 0.1057, 'hit@50': 0.4172, 'ndcg@50': 0.127, 'hit@80': 0.4883, 'ndcg@80': 0.138} 
2024-03-27 10:51:01.261 | INFO     | trainer:_train_one_epoch:134 - test 53 cost time 28.49s, result: {'hit@10': 0.1271, 'ndcg@10': 0.0678, 'hit@20': 0.1831, 'ndcg@20': 0.0814, 'hit@50': 0.2784, 'ndcg@50': 0.0999, 'hit@80': 0.3382, 'ndcg@80': 0.1097} 
2024-03-27 10:51:58.519 | INFO     | trainer:_train_one_epoch:117 - epoch 54 57.26s Train loss is [0.1393] 
2024-03-27 10:52:59.411 | INFO     | trainer:_train_one_epoch:126 - validate 54 cost time 60.89s, result: {'hit@10': 0.2136, 'ndcg@10': 0.0894, 'hit@20': 0.2947, 'ndcg@20': 0.1059, 'hit@50': 0.4174, 'ndcg@50': 0.1272, 'hit@80': 0.4887, 'ndcg@80': 0.1381} 
2024-03-27 10:53:38.591 | INFO     | trainer:_train_one_epoch:134 - test 54 cost time 39.18s, result: {'hit@10': 0.1277, 'ndcg@10': 0.0678, 'hit@20': 0.1838, 'ndcg@20': 0.0815, 'hit@50': 0.2799, 'ndcg@50': 0.1, 'hit@80': 0.3403, 'ndcg@80': 0.1099} 
2024-03-27 10:54:30.298 | INFO     | trainer:_train_one_epoch:117 - epoch 55 51.58s Train loss is [0.1395] 
2024-03-27 10:55:20.593 | INFO     | trainer:_train_one_epoch:126 - validate 55 cost time 50.29s, result: {'hit@10': 0.214, 'ndcg@10': 0.0892, 'hit@20': 0.2945, 'ndcg@20': 0.1058, 'hit@50': 0.4199, 'ndcg@50': 0.1273, 'hit@80': 0.4909, 'ndcg@80': 0.1384} 
2024-03-27 10:55:50.340 | INFO     | trainer:_train_one_epoch:134 - test 55 cost time 29.75s, result: {'hit@10': 0.129, 'ndcg@10': 0.0683, 'hit@20': 0.1843, 'ndcg@20': 0.0818, 'hit@50': 0.2823, 'ndcg@50': 0.1008, 'hit@80': 0.3388, 'ndcg@80': 0.11} 
2024-03-27 10:56:46.879 | INFO     | trainer:_train_one_epoch:117 - epoch 56 56.54s Train loss is [0.1385] 
2024-03-27 10:57:47.579 | INFO     | trainer:_train_one_epoch:126 - validate 56 cost time 60.70s, result: {'hit@10': 0.2155, 'ndcg@10': 0.0898, 'hit@20': 0.2955, 'ndcg@20': 0.1064, 'hit@50': 0.4219, 'ndcg@50': 0.1281, 'hit@80': 0.4917, 'ndcg@80': 0.139} 
2024-03-27 10:58:27.256 | INFO     | trainer:_train_one_epoch:134 - test 56 cost time 39.68s, result: {'hit@10': 0.1298, 'ndcg@10': 0.0691, 'hit@20': 0.1873, 'ndcg@20': 0.0831, 'hit@50': 0.2824, 'ndcg@50': 0.1015, 'hit@80': 0.3405, 'ndcg@80': 0.111} 
2024-03-27 10:59:22.235 | INFO     | trainer:_train_one_epoch:117 - epoch 57 54.88s Train loss is [0.1379] 
2024-03-27 11:00:12.381 | INFO     | trainer:_train_one_epoch:126 - validate 57 cost time 50.14s, result: {'hit@10': 0.2145, 'ndcg@10': 0.0896, 'hit@20': 0.2932, 'ndcg@20': 0.1059, 'hit@50': 0.421, 'ndcg@50': 0.1279, 'hit@80': 0.4921, 'ndcg@80': 0.1389} 
2024-03-27 11:00:40.795 | INFO     | trainer:_train_one_epoch:134 - test 57 cost time 28.41s, result: {'hit@10': 0.1289, 'ndcg@10': 0.0684, 'hit@20': 0.1854, 'ndcg@20': 0.0822, 'hit@50': 0.2822, 'ndcg@50': 0.1009, 'hit@80': 0.3393, 'ndcg@80': 0.1103} 
2024-03-27 11:01:35.039 | INFO     | trainer:_train_one_epoch:117 - epoch 58 54.24s Train loss is [0.1376] 
2024-03-27 11:02:32.258 | INFO     | trainer:_train_one_epoch:126 - validate 58 cost time 57.22s, result: {'hit@10': 0.2151, 'ndcg@10': 0.0898, 'hit@20': 0.2953, 'ndcg@20': 0.1064, 'hit@50': 0.422, 'ndcg@50': 0.1284, 'hit@80': 0.4919, 'ndcg@80': 0.1391} 
2024-03-27 11:03:10.514 | INFO     | trainer:_train_one_epoch:134 - test 58 cost time 38.26s, result: {'hit@10': 0.1299, 'ndcg@10': 0.0682, 'hit@20': 0.1852, 'ndcg@20': 0.0818, 'hit@50': 0.2817, 'ndcg@50': 0.1005, 'hit@80': 0.3409, 'ndcg@80': 0.1101} 
2024-03-27 11:04:01.389 | INFO     | trainer:_train_one_epoch:117 - epoch 59 50.87s Train loss is [0.1370] 
2024-03-27 11:04:44.752 | INFO     | trainer:_train_one_epoch:126 - validate 59 cost time 43.36s, result: {'hit@10': 0.2151, 'ndcg@10': 0.0898, 'hit@20': 0.2955, 'ndcg@20': 0.1063, 'hit@50': 0.422, 'ndcg@50': 0.1283, 'hit@80': 0.4935, 'ndcg@80': 0.1393} 
2024-03-27 11:05:27.770 | INFO     | trainer:_train_one_epoch:134 - test 59 cost time 43.02s, result: {'hit@10': 0.1305, 'ndcg@10': 0.0691, 'hit@20': 0.1864, 'ndcg@20': 0.0828, 'hit@50': 0.2836, 'ndcg@50': 0.1016, 'hit@80': 0.343, 'ndcg@80': 0.1113} 
2024-03-27 11:06:11.948 | INFO     | trainer:_train_one_epoch:117 - epoch 60 44.17s Train loss is [0.1376] 
2024-03-27 11:07:09.926 | INFO     | trainer:_train_one_epoch:126 - validate 60 cost time 57.98s, result: {'hit@10': 0.2147, 'ndcg@10': 0.0897, 'hit@20': 0.2951, 'ndcg@20': 0.1064, 'hit@50': 0.4218, 'ndcg@50': 0.1283, 'hit@80': 0.4944, 'ndcg@80': 0.1395} 
2024-03-27 11:08:01.075 | INFO     | trainer:_train_one_epoch:134 - test 60 cost time 51.15s, result: {'hit@10': 0.131, 'ndcg@10': 0.0692, 'hit@20': 0.1865, 'ndcg@20': 0.0827, 'hit@50': 0.2845, 'ndcg@50': 0.1017, 'hit@80': 0.3441, 'ndcg@80': 0.1115} 
2024-03-27 11:08:51.824 | INFO     | trainer:_train_one_epoch:117 - epoch 61 50.75s Train loss is [0.1369] 
2024-03-27 11:09:36.424 | INFO     | trainer:_train_one_epoch:126 - validate 61 cost time 44.60s, result: {'hit@10': 0.2147, 'ndcg@10': 0.0897, 'hit@20': 0.2971, 'ndcg@20': 0.1067, 'hit@50': 0.4228, 'ndcg@50': 0.1284, 'hit@80': 0.4943, 'ndcg@80': 0.1396} 
2024-03-27 11:10:13.132 | INFO     | trainer:_train_one_epoch:134 - test 61 cost time 36.71s, result: {'hit@10': 0.1312, 'ndcg@10': 0.0697, 'hit@20': 0.1879, 'ndcg@20': 0.0835, 'hit@50': 0.2844, 'ndcg@50': 0.1021, 'hit@80': 0.3435, 'ndcg@80': 0.1118} 
2024-03-27 11:11:00.212 | INFO     | trainer:_train_one_epoch:117 - epoch 62 47.01s Train loss is [0.1364] 
2024-03-27 11:12:13.612 | INFO     | trainer:_train_one_epoch:126 - validate 62 cost time 73.40s, result: {'hit@10': 0.2165, 'ndcg@10': 0.0903, 'hit@20': 0.2955, 'ndcg@20': 0.1067, 'hit@50': 0.4224, 'ndcg@50': 0.1287, 'hit@80': 0.4967, 'ndcg@80': 0.1402} 
2024-03-27 11:12:47.679 | INFO     | trainer:_train_one_epoch:134 - test 62 cost time 34.07s, result: {'hit@10': 0.1312, 'ndcg@10': 0.0697, 'hit@20': 0.1873, 'ndcg@20': 0.0834, 'hit@50': 0.2852, 'ndcg@50': 0.1024, 'hit@80': 0.3453, 'ndcg@80': 0.1122} 
2024-03-27 11:13:32.350 | INFO     | trainer:_train_one_epoch:117 - epoch 63 44.67s Train loss is [0.1363] 
2024-03-27 11:14:32.766 | INFO     | trainer:_train_one_epoch:126 - validate 63 cost time 60.42s, result: {'hit@10': 0.2143, 'ndcg@10': 0.0897, 'hit@20': 0.2962, 'ndcg@20': 0.1066, 'hit@50': 0.423, 'ndcg@50': 0.1285, 'hit@80': 0.4962, 'ndcg@80': 0.1398} 
2024-03-27 11:15:23.545 | INFO     | trainer:_train_one_epoch:134 - test 63 cost time 50.78s, result: {'hit@10': 0.1288, 'ndcg@10': 0.0685, 'hit@20': 0.1866, 'ndcg@20': 0.0827, 'hit@50': 0.2859, 'ndcg@50': 0.1019, 'hit@80': 0.3455, 'ndcg@80': 0.1117} 
2024-03-27 11:16:07.582 | INFO     | trainer:_train_one_epoch:117 - epoch 64 44.04s Train loss is [0.1355] 
2024-03-27 11:17:00.519 | INFO     | trainer:_train_one_epoch:126 - validate 64 cost time 52.94s, result: {'hit@10': 0.215, 'ndcg@10': 0.09, 'hit@20': 0.296, 'ndcg@20': 0.1067, 'hit@50': 0.424, 'ndcg@50': 0.1288, 'hit@80': 0.4981, 'ndcg@80': 0.1403} 
2024-03-27 11:17:29.383 | INFO     | trainer:_train_one_epoch:134 - test 64 cost time 28.86s, result: {'hit@10': 0.1295, 'ndcg@10': 0.0683, 'hit@20': 0.1876, 'ndcg@20': 0.0825, 'hit@50': 0.2858, 'ndcg@50': 0.1015, 'hit@80': 0.3456, 'ndcg@80': 0.1113} 
2024-03-27 11:18:19.066 | INFO     | trainer:_train_one_epoch:117 - epoch 65 49.68s Train loss is [0.1351] 
2024-03-27 11:19:11.565 | INFO     | trainer:_train_one_epoch:126 - validate 65 cost time 52.50s, result: {'hit@10': 0.2171, 'ndcg@10': 0.0904, 'hit@20': 0.2984, 'ndcg@20': 0.1073, 'hit@50': 0.4238, 'ndcg@50': 0.129, 'hit@80': 0.4982, 'ndcg@80': 0.1405} 
2024-03-27 11:19:52.051 | INFO     | trainer:_train_one_epoch:134 - test 65 cost time 40.49s, result: {'hit@10': 0.1289, 'ndcg@10': 0.0684, 'hit@20': 0.1883, 'ndcg@20': 0.0829, 'hit@50': 0.2871, 'ndcg@50': 0.102, 'hit@80': 0.3456, 'ndcg@80': 0.1116} 
2024-03-27 11:20:35.813 | INFO     | trainer:_train_one_epoch:117 - epoch 66 43.69s Train loss is [0.1342] 
2024-03-27 11:21:30.177 | INFO     | trainer:_train_one_epoch:126 - validate 66 cost time 54.36s, result: {'hit@10': 0.2164, 'ndcg@10': 0.0903, 'hit@20': 0.2974, 'ndcg@20': 0.1072, 'hit@50': 0.4254, 'ndcg@50': 0.1292, 'hit@80': 0.4978, 'ndcg@80': 0.1404} 
2024-03-27 11:22:10.020 | INFO     | trainer:_train_one_epoch:134 - test 66 cost time 39.84s, result: {'hit@10': 0.1306, 'ndcg@10': 0.0689, 'hit@20': 0.1869, 'ndcg@20': 0.0827, 'hit@50': 0.2858, 'ndcg@50': 0.1018, 'hit@80': 0.3474, 'ndcg@80': 0.1119} 
2024-03-27 11:22:58.189 | INFO     | trainer:_train_one_epoch:117 - epoch 67 48.17s Train loss is [0.1347] 
2024-03-27 11:23:48.569 | INFO     | trainer:_train_one_epoch:126 - validate 67 cost time 50.38s, result: {'hit@10': 0.2188, 'ndcg@10': 0.0915, 'hit@20': 0.299, 'ndcg@20': 0.1082, 'hit@50': 0.4268, 'ndcg@50': 0.1302, 'hit@80': 0.5023, 'ndcg@80': 0.1419} 
2024-03-27 11:24:30.164 | INFO     | trainer:_train_one_epoch:134 - test 67 cost time 41.59s, result: {'hit@10': 0.1318, 'ndcg@10': 0.0695, 'hit@20': 0.1888, 'ndcg@20': 0.0834, 'hit@50': 0.2869, 'ndcg@50': 0.1024, 'hit@80': 0.3465, 'ndcg@80': 0.1122} 
2024-03-27 11:25:18.427 | INFO     | trainer:_train_one_epoch:117 - epoch 68 48.20s Train loss is [0.1344] 
2024-03-27 11:26:13.915 | INFO     | trainer:_train_one_epoch:126 - validate 68 cost time 55.49s, result: {'hit@10': 0.2184, 'ndcg@10': 0.0912, 'hit@20': 0.2979, 'ndcg@20': 0.1078, 'hit@50': 0.4273, 'ndcg@50': 0.1302, 'hit@80': 0.5007, 'ndcg@80': 0.1416} 
2024-03-27 11:26:52.054 | INFO     | trainer:_train_one_epoch:134 - test 68 cost time 38.14s, result: {'hit@10': 0.1304, 'ndcg@10': 0.0692, 'hit@20': 0.1876, 'ndcg@20': 0.0832, 'hit@50': 0.2862, 'ndcg@50': 0.1023, 'hit@80': 0.3472, 'ndcg@80': 0.1123} 
2024-03-27 11:27:38.806 | INFO     | trainer:_train_one_epoch:117 - epoch 69 46.75s Train loss is [0.1341] 
2024-03-27 11:28:22.311 | INFO     | trainer:_train_one_epoch:126 - validate 69 cost time 43.50s, result: {'hit@10': 0.2173, 'ndcg@10': 0.0909, 'hit@20': 0.2988, 'ndcg@20': 0.1077, 'hit@50': 0.4265, 'ndcg@50': 0.1298, 'hit@80': 0.5, 'ndcg@80': 0.1412} 
2024-03-27 11:28:51.671 | INFO     | trainer:_train_one_epoch:134 - test 69 cost time 29.36s, result: {'hit@10': 0.13, 'ndcg@10': 0.0689, 'hit@20': 0.1887, 'ndcg@20': 0.0832, 'hit@50': 0.2854, 'ndcg@50': 0.1019, 'hit@80': 0.3449, 'ndcg@80': 0.1117} 
2024-03-27 11:29:34.770 | INFO     | trainer:_train_one_epoch:117 - epoch 70 43.10s Train loss is [0.1333] 
2024-03-27 11:30:07.898 | INFO     | trainer:_train_one_epoch:126 - validate 70 cost time 33.13s, result: {'hit@10': 0.2172, 'ndcg@10': 0.0911, 'hit@20': 0.2986, 'ndcg@20': 0.108, 'hit@50': 0.4254, 'ndcg@50': 0.1298, 'hit@80': 0.4986, 'ndcg@80': 0.1412} 
2024-03-27 11:30:24.933 | INFO     | trainer:_train_one_epoch:134 - test 70 cost time 17.03s, result: {'hit@10': 0.1311, 'ndcg@10': 0.0689, 'hit@20': 0.1884, 'ndcg@20': 0.0829, 'hit@50': 0.2855, 'ndcg@50': 0.1017, 'hit@80': 0.3459, 'ndcg@80': 0.1116} 
2024-03-27 11:31:08.959 | INFO     | trainer:_train_one_epoch:117 - epoch 71 44.03s Train loss is [0.1328] 
2024-03-27 11:31:44.625 | INFO     | trainer:_train_one_epoch:126 - validate 71 cost time 35.67s, result: {'hit@10': 0.2194, 'ndcg@10': 0.0918, 'hit@20': 0.3003, 'ndcg@20': 0.1086, 'hit@50': 0.4265, 'ndcg@50': 0.1305, 'hit@80': 0.4999, 'ndcg@80': 0.1419} 
2024-03-27 11:32:13.106 | INFO     | trainer:_train_one_epoch:134 - test 71 cost time 28.48s, result: {'hit@10': 0.1316, 'ndcg@10': 0.0693, 'hit@20': 0.1892, 'ndcg@20': 0.0834, 'hit@50': 0.2859, 'ndcg@50': 0.1021, 'hit@80': 0.3466, 'ndcg@80': 0.1121} 
2024-03-27 11:32:56.890 | INFO     | trainer:_train_one_epoch:117 - epoch 72 43.72s Train loss is [0.1325] 
2024-03-27 11:33:21.951 | INFO     | trainer:_train_one_epoch:126 - validate 72 cost time 25.06s, result: {'hit@10': 0.2201, 'ndcg@10': 0.0918, 'hit@20': 0.3009, 'ndcg@20': 0.1086, 'hit@50': 0.427, 'ndcg@50': 0.1305, 'hit@80': 0.5008, 'ndcg@80': 0.1419} 
2024-03-27 11:33:46.917 | INFO     | trainer:_train_one_epoch:134 - test 72 cost time 24.96s, result: {'hit@10': 0.1303, 'ndcg@10': 0.0688, 'hit@20': 0.1879, 'ndcg@20': 0.083, 'hit@50': 0.2856, 'ndcg@50': 0.1019, 'hit@80': 0.3464, 'ndcg@80': 0.1119} 
2024-03-27 11:34:31.040 | INFO     | trainer:_train_one_epoch:117 - epoch 73 44.05s Train loss is [0.1330] 
2024-03-27 11:34:59.766 | INFO     | trainer:_train_one_epoch:126 - validate 73 cost time 28.72s, result: {'hit@10': 0.2213, 'ndcg@10': 0.0926, 'hit@20': 0.3015, 'ndcg@20': 0.1092, 'hit@50': 0.4273, 'ndcg@50': 0.1311, 'hit@80': 0.5008, 'ndcg@80': 0.1425} 
2024-03-27 11:35:30.886 | INFO     | trainer:_train_one_epoch:134 - test 73 cost time 31.12s, result: {'hit@10': 0.1297, 'ndcg@10': 0.0687, 'hit@20': 0.1896, 'ndcg@20': 0.0834, 'hit@50': 0.2864, 'ndcg@50': 0.1022, 'hit@80': 0.3474, 'ndcg@80': 0.1121} 
2024-03-27 11:36:18.340 | INFO     | trainer:_train_one_epoch:117 - epoch 74 47.33s Train loss is [0.1318] 
2024-03-27 11:36:53.234 | INFO     | trainer:_train_one_epoch:126 - validate 74 cost time 34.88s, result: {'hit@10': 0.2202, 'ndcg@10': 0.0918, 'hit@20': 0.3017, 'ndcg@20': 0.1087, 'hit@50': 0.427, 'ndcg@50': 0.1306, 'hit@80': 0.4993, 'ndcg@80': 0.1419} 
2024-03-27 11:37:10.643 | INFO     | trainer:_train_one_epoch:134 - test 74 cost time 17.41s, result: {'hit@10': 0.1313, 'ndcg@10': 0.0695, 'hit@20': 0.1891, 'ndcg@20': 0.0836, 'hit@50': 0.2869, 'ndcg@50': 0.1026, 'hit@80': 0.3488, 'ndcg@80': 0.1127} 
2024-03-27 11:37:54.893 | INFO     | trainer:_train_one_epoch:117 - epoch 75 44.15s Train loss is [0.1322] 
2024-03-27 11:38:27.663 | INFO     | trainer:_train_one_epoch:126 - validate 75 cost time 32.77s, result: {'hit@10': 0.2201, 'ndcg@10': 0.0923, 'hit@20': 0.3022, 'ndcg@20': 0.1095, 'hit@50': 0.4278, 'ndcg@50': 0.1313, 'hit@80': 0.5012, 'ndcg@80': 0.1427} 
2024-03-27 11:38:51.904 | INFO     | trainer:_train_one_epoch:134 - test 75 cost time 24.24s, result: {'hit@10': 0.1315, 'ndcg@10': 0.0696, 'hit@20': 0.1889, 'ndcg@20': 0.0836, 'hit@50': 0.2868, 'ndcg@50': 0.1026, 'hit@80': 0.3492, 'ndcg@80': 0.1128} 
2024-03-27 11:39:35.510 | INFO     | trainer:_train_one_epoch:117 - epoch 76 43.54s Train loss is [0.1317] 
2024-03-27 11:40:14.409 | INFO     | trainer:_train_one_epoch:126 - validate 76 cost time 38.90s, result: {'hit@10': 0.2202, 'ndcg@10': 0.0921, 'hit@20': 0.3016, 'ndcg@20': 0.109, 'hit@50': 0.4283, 'ndcg@50': 0.131, 'hit@80': 0.5007, 'ndcg@80': 0.1423} 
2024-03-27 11:40:34.379 | INFO     | trainer:_train_one_epoch:134 - test 76 cost time 19.97s, result: {'hit@10': 0.1317, 'ndcg@10': 0.0698, 'hit@20': 0.188, 'ndcg@20': 0.0836, 'hit@50': 0.2865, 'ndcg@50': 0.1027, 'hit@80': 0.3478, 'ndcg@80': 0.1127} 
2024-03-27 11:41:19.105 | INFO     | trainer:_train_one_epoch:117 - epoch 77 44.72s Train loss is [0.1311] 
2024-03-27 11:41:45.100 | INFO     | trainer:_train_one_epoch:126 - validate 77 cost time 25.99s, result: {'hit@10': 0.2228, 'ndcg@10': 0.093, 'hit@20': 0.3042, 'ndcg@20': 0.11, 'hit@50': 0.4302, 'ndcg@50': 0.132, 'hit@80': 0.5043, 'ndcg@80': 0.1435} 
2024-03-27 11:42:09.503 | INFO     | trainer:_train_one_epoch:134 - test 77 cost time 24.40s, result: {'hit@10': 0.1322, 'ndcg@10': 0.0702, 'hit@20': 0.19, 'ndcg@20': 0.0843, 'hit@50': 0.2895, 'ndcg@50': 0.1036, 'hit@80': 0.3491, 'ndcg@80': 0.1134} 
2024-03-27 11:42:55.387 | INFO     | trainer:_train_one_epoch:117 - epoch 78 45.81s Train loss is [0.1316] 
2024-03-27 11:43:34.397 | INFO     | trainer:_train_one_epoch:126 - validate 78 cost time 39.01s, result: {'hit@10': 0.2216, 'ndcg@10': 0.0923, 'hit@20': 0.3036, 'ndcg@20': 0.1094, 'hit@50': 0.4301, 'ndcg@50': 0.1314, 'hit@80': 0.5032, 'ndcg@80': 0.1429} 
2024-03-27 11:44:00.946 | INFO     | trainer:_train_one_epoch:134 - test 78 cost time 26.55s, result: {'hit@10': 0.1313, 'ndcg@10': 0.0691, 'hit@20': 0.1899, 'ndcg@20': 0.0836, 'hit@50': 0.2873, 'ndcg@50': 0.1024, 'hit@80': 0.3488, 'ndcg@80': 0.1125} 
2024-03-27 11:44:45.075 | INFO     | trainer:_train_one_epoch:117 - epoch 79 44.13s Train loss is [0.1306] 
2024-03-27 11:45:12.138 | INFO     | trainer:_train_one_epoch:126 - validate 79 cost time 27.06s, result: {'hit@10': 0.2223, 'ndcg@10': 0.0923, 'hit@20': 0.3043, 'ndcg@20': 0.1094, 'hit@50': 0.4297, 'ndcg@50': 0.1312, 'hit@80': 0.5032, 'ndcg@80': 0.1426} 
2024-03-27 11:45:32.763 | INFO     | trainer:_train_one_epoch:134 - test 79 cost time 20.62s, result: {'hit@10': 0.1291, 'ndcg@10': 0.0684, 'hit@20': 0.1887, 'ndcg@20': 0.083, 'hit@50': 0.2875, 'ndcg@50': 0.1022, 'hit@80': 0.349, 'ndcg@80': 0.1122} 
2024-03-27 11:46:17.043 | INFO     | trainer:_train_one_epoch:117 - epoch 80 44.22s Train loss is [0.1306] 
2024-03-27 11:47:00.905 | INFO     | trainer:_train_one_epoch:126 - validate 80 cost time 43.86s, result: {'hit@10': 0.2228, 'ndcg@10': 0.0929, 'hit@20': 0.306, 'ndcg@20': 0.1102, 'hit@50': 0.4317, 'ndcg@50': 0.1322, 'hit@80': 0.5047, 'ndcg@80': 0.1435} 
2024-03-27 11:47:24.613 | INFO     | trainer:_train_one_epoch:134 - test 80 cost time 23.71s, result: {'hit@10': 0.1302, 'ndcg@10': 0.0695, 'hit@20': 0.1905, 'ndcg@20': 0.0843, 'hit@50': 0.2902, 'ndcg@50': 0.1035, 'hit@80': 0.3516, 'ndcg@80': 0.1136} 
2024-03-27 11:48:07.836 | INFO     | trainer:_train_one_epoch:117 - epoch 81 43.14s Train loss is [0.1292] 
2024-03-27 11:48:40.565 | INFO     | trainer:_train_one_epoch:126 - validate 81 cost time 32.73s, result: {'hit@10': 0.224, 'ndcg@10': 0.0934, 'hit@20': 0.3058, 'ndcg@20': 0.1104, 'hit@50': 0.4319, 'ndcg@50': 0.1323, 'hit@80': 0.5037, 'ndcg@80': 0.1437} 
2024-03-27 11:48:57.574 | INFO     | trainer:_train_one_epoch:134 - test 81 cost time 17.01s, result: {'hit@10': 0.1318, 'ndcg@10': 0.07, 'hit@20': 0.1888, 'ndcg@20': 0.0839, 'hit@50': 0.291, 'ndcg@50': 0.1037, 'hit@80': 0.353, 'ndcg@80': 0.1138} 
2024-03-27 11:49:42.400 | INFO     | trainer:_train_one_epoch:117 - epoch 82 44.83s Train loss is [0.1301] 
2024-03-27 11:50:24.800 | INFO     | trainer:_train_one_epoch:126 - validate 82 cost time 42.40s, result: {'hit@10': 0.2221, 'ndcg@10': 0.093, 'hit@20': 0.3045, 'ndcg@20': 0.1102, 'hit@50': 0.4331, 'ndcg@50': 0.1324, 'hit@80': 0.5054, 'ndcg@80': 0.1438} 
2024-03-27 11:50:52.071 | INFO     | trainer:_train_one_epoch:134 - test 82 cost time 27.27s, result: {'hit@10': 0.131, 'ndcg@10': 0.0695, 'hit@20': 0.1878, 'ndcg@20': 0.0834, 'hit@50': 0.2887, 'ndcg@50': 0.103, 'hit@80': 0.3521, 'ndcg@80': 0.1134} 
2024-03-27 11:51:36.590 | INFO     | trainer:_train_one_epoch:117 - epoch 83 44.52s Train loss is [0.1295] 
2024-03-27 11:52:06.209 | INFO     | trainer:_train_one_epoch:126 - validate 83 cost time 29.62s, result: {'hit@10': 0.2226, 'ndcg@10': 0.0929, 'hit@20': 0.3044, 'ndcg@20': 0.1099, 'hit@50': 0.432, 'ndcg@50': 0.1321, 'hit@80': 0.5061, 'ndcg@80': 0.1437} 
2024-03-27 11:52:26.796 | INFO     | trainer:_train_one_epoch:134 - test 83 cost time 20.59s, result: {'hit@10': 0.1314, 'ndcg@10': 0.0699, 'hit@20': 0.1884, 'ndcg@20': 0.0838, 'hit@50': 0.2889, 'ndcg@50': 0.1033, 'hit@80': 0.3517, 'ndcg@80': 0.1136} 
2024-03-27 11:53:09.909 | INFO     | trainer:_train_one_epoch:117 - epoch 84 43.11s Train loss is [0.1295] 
2024-03-27 11:53:49.559 | INFO     | trainer:_train_one_epoch:126 - validate 84 cost time 39.65s, result: {'hit@10': 0.2244, 'ndcg@10': 0.0934, 'hit@20': 0.3066, 'ndcg@20': 0.1105, 'hit@50': 0.4341, 'ndcg@50': 0.1327, 'hit@80': 0.5085, 'ndcg@80': 0.1444} 
2024-03-27 11:54:21.213 | INFO     | trainer:_train_one_epoch:134 - test 84 cost time 31.65s, result: {'hit@10': 0.1314, 'ndcg@10': 0.0698, 'hit@20': 0.1891, 'ndcg@20': 0.0839, 'hit@50': 0.2896, 'ndcg@50': 0.1034, 'hit@80': 0.3531, 'ndcg@80': 0.1138} 
2024-03-27 11:55:08.236 | INFO     | trainer:_train_one_epoch:117 - epoch 85 46.95s Train loss is [0.1289] 
2024-03-27 11:55:34.287 | INFO     | trainer:_train_one_epoch:126 - validate 85 cost time 26.05s, result: {'hit@10': 0.2233, 'ndcg@10': 0.0931, 'hit@20': 0.3057, 'ndcg@20': 0.1102, 'hit@50': 0.4349, 'ndcg@50': 0.1326, 'hit@80': 0.507, 'ndcg@80': 0.1441} 
2024-03-27 11:55:59.456 | INFO     | trainer:_train_one_epoch:134 - test 85 cost time 25.17s, result: {'hit@10': 0.1315, 'ndcg@10': 0.0699, 'hit@20': 0.1902, 'ndcg@20': 0.0843, 'hit@50': 0.2894, 'ndcg@50': 0.1035, 'hit@80': 0.3511, 'ndcg@80': 0.1137} 
2024-03-27 11:56:44.191 | INFO     | trainer:_train_one_epoch:117 - epoch 86 44.73s Train loss is [0.1293] 
2024-03-27 11:57:21.195 | INFO     | trainer:_train_one_epoch:126 - validate 86 cost time 37.00s, result: {'hit@10': 0.223, 'ndcg@10': 0.093, 'hit@20': 0.3062, 'ndcg@20': 0.1103, 'hit@50': 0.4335, 'ndcg@50': 0.1325, 'hit@80': 0.5058, 'ndcg@80': 0.144} 
2024-03-27 11:57:46.514 | INFO     | trainer:_train_one_epoch:134 - test 86 cost time 25.32s, result: {'hit@10': 0.1319, 'ndcg@10': 0.0699, 'hit@20': 0.19, 'ndcg@20': 0.0841, 'hit@50': 0.2893, 'ndcg@50': 0.1034, 'hit@80': 0.3506, 'ndcg@80': 0.1134} 
2024-03-27 11:58:30.867 | INFO     | trainer:_train_one_epoch:117 - epoch 87 44.35s Train loss is [0.1290] 
2024-03-27 11:58:55.667 | INFO     | trainer:_train_one_epoch:126 - validate 87 cost time 24.80s, result: {'hit@10': 0.2249, 'ndcg@10': 0.0935, 'hit@20': 0.3067, 'ndcg@20': 0.1105, 'hit@50': 0.434, 'ndcg@50': 0.1327, 'hit@80': 0.5067, 'ndcg@80': 0.1443} 
2024-03-27 11:59:21.294 | INFO     | trainer:_train_one_epoch:134 - test 87 cost time 25.63s, result: {'hit@10': 0.1324, 'ndcg@10': 0.0699, 'hit@20': 0.189, 'ndcg@20': 0.0837, 'hit@50': 0.289, 'ndcg@50': 0.1031, 'hit@80': 0.3505, 'ndcg@80': 0.1132} 
2024-03-27 12:00:03.746 | INFO     | trainer:_train_one_epoch:117 - epoch 88 42.35s Train loss is [0.1281] 
2024-03-27 12:00:43.930 | INFO     | trainer:_train_one_epoch:126 - validate 88 cost time 40.18s, result: {'hit@10': 0.2253, 'ndcg@10': 0.0937, 'hit@20': 0.3073, 'ndcg@20': 0.1108, 'hit@50': 0.4361, 'ndcg@50': 0.1332, 'hit@80': 0.5084, 'ndcg@80': 0.1446} 
2024-03-27 12:01:15.182 | INFO     | trainer:_train_one_epoch:134 - test 88 cost time 31.25s, result: {'hit@10': 0.1334, 'ndcg@10': 0.0706, 'hit@20': 0.1898, 'ndcg@20': 0.0843, 'hit@50': 0.2891, 'ndcg@50': 0.1035, 'hit@80': 0.3509, 'ndcg@80': 0.1137} 
2024-03-27 12:01:58.921 | INFO     | trainer:_train_one_epoch:117 - epoch 89 43.67s Train loss is [0.1274] 
2024-03-27 12:02:30.612 | INFO     | trainer:_train_one_epoch:126 - validate 89 cost time 31.69s, result: {'hit@10': 0.2259, 'ndcg@10': 0.0938, 'hit@20': 0.3074, 'ndcg@20': 0.1108, 'hit@50': 0.4352, 'ndcg@50': 0.1331, 'hit@80': 0.5072, 'ndcg@80': 0.1446} 
2024-03-27 12:02:47.820 | INFO     | trainer:_train_one_epoch:134 - test 89 cost time 17.21s, result: {'hit@10': 0.134, 'ndcg@10': 0.0707, 'hit@20': 0.1907, 'ndcg@20': 0.0845, 'hit@50': 0.2909, 'ndcg@50': 0.1038, 'hit@80': 0.3517, 'ndcg@80': 0.1138} 
2024-03-27 12:03:31.169 | INFO     | trainer:_train_one_epoch:117 - epoch 90 43.28s Train loss is [0.1269] 
2024-03-27 12:04:05.650 | INFO     | trainer:_train_one_epoch:126 - validate 90 cost time 34.48s, result: {'hit@10': 0.2242, 'ndcg@10': 0.0932, 'hit@20': 0.3076, 'ndcg@20': 0.1106, 'hit@50': 0.4355, 'ndcg@50': 0.1329, 'hit@80': 0.5068, 'ndcg@80': 0.1442} 
2024-03-27 12:04:35.480 | INFO     | trainer:_train_one_epoch:134 - test 90 cost time 29.83s, result: {'hit@10': 0.1335, 'ndcg@10': 0.0705, 'hit@20': 0.1904, 'ndcg@20': 0.0844, 'hit@50': 0.2893, 'ndcg@50': 0.1036, 'hit@80': 0.3513, 'ndcg@80': 0.1138} 
2024-03-27 12:05:19.359 | INFO     | trainer:_train_one_epoch:117 - epoch 91 43.82s Train loss is [0.1273] 
2024-03-27 12:05:46.057 | INFO     | trainer:_train_one_epoch:126 - validate 91 cost time 26.70s, result: {'hit@10': 0.2255, 'ndcg@10': 0.0937, 'hit@20': 0.3079, 'ndcg@20': 0.1108, 'hit@50': 0.4355, 'ndcg@50': 0.1332, 'hit@80': 0.5082, 'ndcg@80': 0.1446} 
2024-03-27 12:06:06.226 | INFO     | trainer:_train_one_epoch:134 - test 91 cost time 20.17s, result: {'hit@10': 0.1333, 'ndcg@10': 0.0707, 'hit@20': 0.192, 'ndcg@20': 0.0851, 'hit@50': 0.2901, 'ndcg@50': 0.1041, 'hit@80': 0.3524, 'ndcg@80': 0.1144} 
2024-03-27 12:06:52.742 | INFO     | trainer:_train_one_epoch:117 - epoch 92 46.45s Train loss is [0.1271] 
2024-03-27 12:07:26.751 | INFO     | trainer:_train_one_epoch:126 - validate 92 cost time 34.01s, result: {'hit@10': 0.2246, 'ndcg@10': 0.0937, 'hit@20': 0.3059, 'ndcg@20': 0.1107, 'hit@50': 0.435, 'ndcg@50': 0.1332, 'hit@80': 0.5068, 'ndcg@80': 0.1445} 
2024-03-27 12:07:54.583 | INFO     | trainer:_train_one_epoch:134 - test 92 cost time 27.83s, result: {'hit@10': 0.135, 'ndcg@10': 0.0712, 'hit@20': 0.1905, 'ndcg@20': 0.0848, 'hit@50': 0.2908, 'ndcg@50': 0.1042, 'hit@80': 0.3543, 'ndcg@80': 0.1146} 
2024-03-27 12:08:44.447 | INFO     | trainer:_train_one_epoch:117 - epoch 93 49.86s Train loss is [0.1270] 
2024-03-27 12:09:20.853 | INFO     | trainer:_train_one_epoch:126 - validate 93 cost time 36.40s, result: {'hit@10': 0.2241, 'ndcg@10': 0.0936, 'hit@20': 0.3077, 'ndcg@20': 0.1109, 'hit@50': 0.4347, 'ndcg@50': 0.1333, 'hit@80': 0.5076, 'ndcg@80': 0.1446} 
2024-03-27 12:09:37.287 | INFO     | trainer:_train_one_epoch:134 - test 93 cost time 16.43s, result: {'hit@10': 0.1342, 'ndcg@10': 0.0704, 'hit@20': 0.1904, 'ndcg@20': 0.0842, 'hit@50': 0.2916, 'ndcg@50': 0.1039, 'hit@80': 0.3541, 'ndcg@80': 0.1142} 
2024-03-27 12:10:29.132 | INFO     | trainer:_train_one_epoch:117 - epoch 94 51.84s Train loss is [0.1269] 
2024-03-27 12:11:01.442 | INFO     | trainer:_train_one_epoch:126 - validate 94 cost time 32.31s, result: {'hit@10': 0.2242, 'ndcg@10': 0.0939, 'hit@20': 0.3076, 'ndcg@20': 0.1112, 'hit@50': 0.436, 'ndcg@50': 0.1337, 'hit@80': 0.5084, 'ndcg@80': 0.145} 
2024-03-27 12:11:28.908 | INFO     | trainer:_train_one_epoch:134 - test 94 cost time 27.47s, result: {'hit@10': 0.1343, 'ndcg@10': 0.0704, 'hit@20': 0.1932, 'ndcg@20': 0.0848, 'hit@50': 0.294, 'ndcg@50': 0.1043, 'hit@80': 0.3546, 'ndcg@80': 0.1143} 
2024-03-27 12:12:15.853 | INFO     | trainer:_train_one_epoch:117 - epoch 95 46.94s Train loss is [0.1259] 
2024-03-27 12:12:48.608 | INFO     | trainer:_train_one_epoch:126 - validate 95 cost time 32.75s, result: {'hit@10': 0.2239, 'ndcg@10': 0.0936, 'hit@20': 0.3089, 'ndcg@20': 0.1113, 'hit@50': 0.438, 'ndcg@50': 0.1337, 'hit@80': 0.5104, 'ndcg@80': 0.1451} 
2024-03-27 12:13:11.097 | INFO     | trainer:_train_one_epoch:134 - test 95 cost time 22.49s, result: {'hit@10': 0.1344, 'ndcg@10': 0.0705, 'hit@20': 0.1934, 'ndcg@20': 0.0848, 'hit@50': 0.2939, 'ndcg@50': 0.1043, 'hit@80': 0.3542, 'ndcg@80': 0.1142} 
2024-03-27 12:14:01.976 | INFO     | trainer:_train_one_epoch:117 - epoch 96 50.77s Train loss is [0.1262] 
2024-03-27 12:14:25.458 | INFO     | trainer:_train_one_epoch:126 - validate 96 cost time 23.48s, result: {'hit@10': 0.2232, 'ndcg@10': 0.0938, 'hit@20': 0.3083, 'ndcg@20': 0.1116, 'hit@50': 0.4361, 'ndcg@50': 0.1338, 'hit@80': 0.5113, 'ndcg@80': 0.1455} 
2024-03-27 12:14:51.128 | INFO     | trainer:_train_one_epoch:134 - test 96 cost time 25.67s, result: {'hit@10': 0.1335, 'ndcg@10': 0.07, 'hit@20': 0.193, 'ndcg@20': 0.0845, 'hit@50': 0.294, 'ndcg@50': 0.1041, 'hit@80': 0.3554, 'ndcg@80': 0.1142} 
2024-03-27 12:15:40.131 | INFO     | trainer:_train_one_epoch:117 - epoch 97 49.00s Train loss is [0.1258] 
2024-03-27 12:16:18.761 | INFO     | trainer:_train_one_epoch:126 - validate 97 cost time 38.63s, result: {'hit@10': 0.2245, 'ndcg@10': 0.0939, 'hit@20': 0.3084, 'ndcg@20': 0.1115, 'hit@50': 0.4382, 'ndcg@50': 0.1341, 'hit@80': 0.5115, 'ndcg@80': 0.1456} 
2024-03-27 12:16:36.654 | INFO     | trainer:_train_one_epoch:134 - test 97 cost time 17.89s, result: {'hit@10': 0.1352, 'ndcg@10': 0.0705, 'hit@20': 0.1933, 'ndcg@20': 0.0846, 'hit@50': 0.2947, 'ndcg@50': 0.1043, 'hit@80': 0.357, 'ndcg@80': 0.1145} 
2024-03-27 12:17:24.989 | INFO     | trainer:_train_one_epoch:117 - epoch 98 48.33s Train loss is [0.1254] 
2024-03-27 12:17:54.845 | INFO     | trainer:_train_one_epoch:126 - validate 98 cost time 29.85s, result: {'hit@10': 0.2234, 'ndcg@10': 0.0936, 'hit@20': 0.3091, 'ndcg@20': 0.1114, 'hit@50': 0.4398, 'ndcg@50': 0.1342, 'hit@80': 0.5135, 'ndcg@80': 0.1458} 
2024-03-27 12:18:16.634 | INFO     | trainer:_train_one_epoch:134 - test 98 cost time 21.79s, result: {'hit@10': 0.1353, 'ndcg@10': 0.0706, 'hit@20': 0.1936, 'ndcg@20': 0.0848, 'hit@50': 0.2958, 'ndcg@50': 0.1046, 'hit@80': 0.3562, 'ndcg@80': 0.1145} 
2024-03-27 12:19:09.028 | INFO     | trainer:_train_one_epoch:117 - epoch 99 52.27s Train loss is [0.1256] 
2024-03-27 12:19:44.384 | INFO     | trainer:_train_one_epoch:126 - validate 99 cost time 35.36s, result: {'hit@10': 0.2235, 'ndcg@10': 0.0937, 'hit@20': 0.3104, 'ndcg@20': 0.1116, 'hit@50': 0.4388, 'ndcg@50': 0.134, 'hit@80': 0.5137, 'ndcg@80': 0.1456} 
2024-03-27 12:20:10.035 | INFO     | trainer:_train_one_epoch:134 - test 99 cost time 25.65s, result: {'hit@10': 0.1354, 'ndcg@10': 0.071, 'hit@20': 0.1944, 'ndcg@20': 0.0854, 'hit@50': 0.2949, 'ndcg@50': 0.1049, 'hit@80': 0.3565, 'ndcg@80': 0.115} 
2024-03-27 12:20:58.852 | INFO     | trainer:_train_one_epoch:117 - epoch 100 48.68s Train loss is [0.1247] 
2024-03-27 12:21:27.878 | INFO     | trainer:_train_one_epoch:126 - validate 100 cost time 29.02s, result: {'hit@10': 0.2248, 'ndcg@10': 0.0942, 'hit@20': 0.3099, 'ndcg@20': 0.1119, 'hit@50': 0.4406, 'ndcg@50': 0.1346, 'hit@80': 0.5146, 'ndcg@80': 0.1463} 
2024-03-27 12:21:49.847 | INFO     | trainer:_train_one_epoch:134 - test 100 cost time 21.97s, result: {'hit@10': 0.1358, 'ndcg@10': 0.0715, 'hit@20': 0.1966, 'ndcg@20': 0.0863, 'hit@50': 0.2959, 'ndcg@50': 0.1056, 'hit@80': 0.3582, 'ndcg@80': 0.1158} 
2024-03-27 12:22:40.097 | INFO     | trainer:_train_one_epoch:117 - epoch 101 50.25s Train loss is [0.1246] 
2024-03-27 12:23:24.187 | INFO     | trainer:_train_one_epoch:126 - validate 101 cost time 44.09s, result: {'hit@10': 0.2239, 'ndcg@10': 0.0934, 'hit@20': 0.3095, 'ndcg@20': 0.1112, 'hit@50': 0.4389, 'ndcg@50': 0.1337, 'hit@80': 0.5133, 'ndcg@80': 0.1454} 
2024-03-27 12:23:42.227 | INFO     | trainer:_train_one_epoch:134 - test 101 cost time 18.04s, result: {'hit@10': 0.1346, 'ndcg@10': 0.0709, 'hit@20': 0.1959, 'ndcg@20': 0.0858, 'hit@50': 0.296, 'ndcg@50': 0.1053, 'hit@80': 0.3575, 'ndcg@80': 0.1154} 
2024-03-27 12:24:32.383 | INFO     | trainer:_train_one_epoch:117 - epoch 102 50.15s Train loss is [0.1243] 
2024-03-27 12:25:02.604 | INFO     | trainer:_train_one_epoch:126 - validate 102 cost time 30.22s, result: {'hit@10': 0.2259, 'ndcg@10': 0.0942, 'hit@20': 0.3089, 'ndcg@20': 0.1117, 'hit@50': 0.4396, 'ndcg@50': 0.1343, 'hit@80': 0.5138, 'ndcg@80': 0.146} 
2024-03-27 12:25:24.438 | INFO     | trainer:_train_one_epoch:134 - test 102 cost time 21.83s, result: {'hit@10': 0.1363, 'ndcg@10': 0.0715, 'hit@20': 0.1966, 'ndcg@20': 0.0862, 'hit@50': 0.2969, 'ndcg@50': 0.1057, 'hit@80': 0.3588, 'ndcg@80': 0.1159} 
2024-03-27 12:26:16.230 | INFO     | trainer:_train_one_epoch:117 - epoch 103 51.79s Train loss is [0.1250] 
2024-03-27 12:26:55.182 | INFO     | trainer:_train_one_epoch:126 - validate 103 cost time 38.95s, result: {'hit@10': 0.2263, 'ndcg@10': 0.0945, 'hit@20': 0.3114, 'ndcg@20': 0.1123, 'hit@50': 0.4405, 'ndcg@50': 0.1347, 'hit@80': 0.5135, 'ndcg@80': 0.1463} 
2024-03-27 12:27:19.075 | INFO     | trainer:_train_one_epoch:134 - test 103 cost time 23.89s, result: {'hit@10': 0.1351, 'ndcg@10': 0.0712, 'hit@20': 0.1958, 'ndcg@20': 0.086, 'hit@50': 0.2968, 'ndcg@50': 0.1056, 'hit@80': 0.3596, 'ndcg@80': 0.1159} 
2024-03-27 12:28:10.750 | INFO     | trainer:_train_one_epoch:117 - epoch 104 51.47s Train loss is [0.1241] 
2024-03-27 12:28:36.891 | INFO     | trainer:_train_one_epoch:126 - validate 104 cost time 26.14s, result: {'hit@10': 0.2252, 'ndcg@10': 0.0939, 'hit@20': 0.3096, 'ndcg@20': 0.1116, 'hit@50': 0.4415, 'ndcg@50': 0.1344, 'hit@80': 0.5154, 'ndcg@80': 0.146} 
2024-03-27 12:29:03.730 | INFO     | trainer:_train_one_epoch:134 - test 104 cost time 26.84s, result: {'hit@10': 0.1349, 'ndcg@10': 0.0714, 'hit@20': 0.1952, 'ndcg@20': 0.0861, 'hit@50': 0.2958, 'ndcg@50': 0.1057, 'hit@80': 0.3589, 'ndcg@80': 0.116} 
2024-03-27 12:29:56.460 | INFO     | trainer:_train_one_epoch:117 - epoch 105 52.73s Train loss is [0.1237] 
2024-03-27 12:30:35.024 | INFO     | trainer:_train_one_epoch:126 - validate 105 cost time 38.56s, result: {'hit@10': 0.2255, 'ndcg@10': 0.0943, 'hit@20': 0.3094, 'ndcg@20': 0.1118, 'hit@50': 0.4405, 'ndcg@50': 0.1346, 'hit@80': 0.5153, 'ndcg@80': 0.1464} 
2024-03-27 12:30:54.877 | INFO     | trainer:_train_one_epoch:134 - test 105 cost time 19.85s, result: {'hit@10': 0.1344, 'ndcg@10': 0.0714, 'hit@20': 0.1962, 'ndcg@20': 0.0865, 'hit@50': 0.2981, 'ndcg@50': 0.1062, 'hit@80': 0.3576, 'ndcg@80': 0.116} 
2024-03-27 12:31:44.245 | INFO     | trainer:_train_one_epoch:117 - epoch 106 49.37s Train loss is [0.1237] 
2024-03-27 12:32:18.094 | INFO     | trainer:_train_one_epoch:126 - validate 106 cost time 33.85s, result: {'hit@10': 0.2257, 'ndcg@10': 0.0944, 'hit@20': 0.3109, 'ndcg@20': 0.1123, 'hit@50': 0.4408, 'ndcg@50': 0.135, 'hit@80': 0.5167, 'ndcg@80': 0.1468} 
2024-03-27 12:32:39.235 | INFO     | trainer:_train_one_epoch:134 - test 106 cost time 21.14s, result: {'hit@10': 0.1358, 'ndcg@10': 0.0715, 'hit@20': 0.1953, 'ndcg@20': 0.0861, 'hit@50': 0.2981, 'ndcg@50': 0.1061, 'hit@80': 0.3601, 'ndcg@80': 0.1162} 
2024-03-27 12:33:30.266 | INFO     | trainer:_train_one_epoch:117 - epoch 107 51.03s Train loss is [0.1232] 
2024-03-27 12:34:11.580 | INFO     | trainer:_train_one_epoch:126 - validate 107 cost time 41.31s, result: {'hit@10': 0.2261, 'ndcg@10': 0.0942, 'hit@20': 0.3116, 'ndcg@20': 0.1121, 'hit@50': 0.4431, 'ndcg@50': 0.1352, 'hit@80': 0.5166, 'ndcg@80': 0.1467} 
2024-03-27 12:34:32.373 | INFO     | trainer:_train_one_epoch:134 - test 107 cost time 20.79s, result: {'hit@10': 0.1344, 'ndcg@10': 0.0713, 'hit@20': 0.1944, 'ndcg@20': 0.086, 'hit@50': 0.2978, 'ndcg@50': 0.1061, 'hit@80': 0.3587, 'ndcg@80': 0.1161} 
2024-03-27 12:35:19.132 | INFO     | trainer:_train_one_epoch:117 - epoch 108 46.63s Train loss is [0.1232] 
2024-03-27 12:35:44.992 | INFO     | trainer:_train_one_epoch:126 - validate 108 cost time 25.86s, result: {'hit@10': 0.2256, 'ndcg@10': 0.0944, 'hit@20': 0.3099, 'ndcg@20': 0.1121, 'hit@50': 0.444, 'ndcg@50': 0.1353, 'hit@80': 0.5155, 'ndcg@80': 0.1467} 
2024-03-27 12:36:10.482 | INFO     | trainer:_train_one_epoch:134 - test 108 cost time 25.49s, result: {'hit@10': 0.1338, 'ndcg@10': 0.0707, 'hit@20': 0.1944, 'ndcg@20': 0.0856, 'hit@50': 0.2979, 'ndcg@50': 0.1058, 'hit@80': 0.3594, 'ndcg@80': 0.1159} 
2024-03-27 12:37:02.173 | INFO     | trainer:_train_one_epoch:117 - epoch 109 51.69s Train loss is [0.1232] 
2024-03-27 12:37:43.367 | INFO     | trainer:_train_one_epoch:126 - validate 109 cost time 41.19s, result: {'hit@10': 0.225, 'ndcg@10': 0.0944, 'hit@20': 0.3114, 'ndcg@20': 0.1124, 'hit@50': 0.4436, 'ndcg@50': 0.1354, 'hit@80': 0.5158, 'ndcg@80': 0.147} 
2024-03-27 12:38:06.626 | INFO     | trainer:_train_one_epoch:134 - test 109 cost time 23.26s, result: {'hit@10': 0.1338, 'ndcg@10': 0.0708, 'hit@20': 0.1953, 'ndcg@20': 0.0858, 'hit@50': 0.2987, 'ndcg@50': 0.1059, 'hit@80': 0.3582, 'ndcg@80': 0.1157} 
2024-03-27 12:38:56.459 | INFO     | trainer:_train_one_epoch:117 - epoch 110 49.83s Train loss is [0.1227] 
2024-03-27 12:39:29.100 | INFO     | trainer:_train_one_epoch:126 - validate 110 cost time 32.64s, result: {'hit@10': 0.2252, 'ndcg@10': 0.0943, 'hit@20': 0.3127, 'ndcg@20': 0.1125, 'hit@50': 0.4417, 'ndcg@50': 0.1352, 'hit@80': 0.5159, 'ndcg@80': 0.1469} 
2024-03-27 12:39:48.396 | INFO     | trainer:_train_one_epoch:134 - test 110 cost time 19.30s, result: {'hit@10': 0.1355, 'ndcg@10': 0.0714, 'hit@20': 0.1956, 'ndcg@20': 0.0861, 'hit@50': 0.2993, 'ndcg@50': 0.1062, 'hit@80': 0.3597, 'ndcg@80': 0.1161} 
2024-03-27 12:40:34.870 | INFO     | trainer:_train_one_epoch:117 - epoch 111 46.36s Train loss is [0.1221] 
2024-03-27 12:41:17.583 | INFO     | trainer:_train_one_epoch:126 - validate 111 cost time 42.71s, result: {'hit@10': 0.2246, 'ndcg@10': 0.0944, 'hit@20': 0.3113, 'ndcg@20': 0.1126, 'hit@50': 0.4437, 'ndcg@50': 0.1356, 'hit@80': 0.5165, 'ndcg@80': 0.1472} 
2024-03-27 12:41:39.759 | INFO     | trainer:_train_one_epoch:134 - test 111 cost time 22.17s, result: {'hit@10': 0.1357, 'ndcg@10': 0.0713, 'hit@20': 0.1948, 'ndcg@20': 0.0857, 'hit@50': 0.299, 'ndcg@50': 0.106, 'hit@80': 0.361, 'ndcg@80': 0.1161} 
2024-03-27 12:42:32.567 | INFO     | trainer:_train_one_epoch:117 - epoch 112 52.80s Train loss is [0.1219] 
2024-03-27 12:42:59.639 | INFO     | trainer:_train_one_epoch:126 - validate 112 cost time 27.07s, result: {'hit@10': 0.2253, 'ndcg@10': 0.0945, 'hit@20': 0.3105, 'ndcg@20': 0.1123, 'hit@50': 0.4442, 'ndcg@50': 0.1356, 'hit@80': 0.5175, 'ndcg@80': 0.1473} 
2024-03-27 12:43:23.568 | INFO     | trainer:_train_one_epoch:134 - test 112 cost time 23.93s, result: {'hit@10': 0.135, 'ndcg@10': 0.0707, 'hit@20': 0.1954, 'ndcg@20': 0.0855, 'hit@50': 0.2983, 'ndcg@50': 0.1055, 'hit@80': 0.3593, 'ndcg@80': 0.1155} 
2024-03-27 12:44:13.417 | INFO     | trainer:_train_one_epoch:117 - epoch 113 49.85s Train loss is [0.1223] 
2024-03-27 12:44:52.490 | INFO     | trainer:_train_one_epoch:126 - validate 113 cost time 39.07s, result: {'hit@10': 0.2245, 'ndcg@10': 0.0944, 'hit@20': 0.3106, 'ndcg@20': 0.1125, 'hit@50': 0.4437, 'ndcg@50': 0.1357, 'hit@80': 0.5172, 'ndcg@80': 0.1474} 
2024-03-27 12:45:20.614 | INFO     | trainer:_train_one_epoch:134 - test 113 cost time 28.12s, result: {'hit@10': 0.1341, 'ndcg@10': 0.0703, 'hit@20': 0.1952, 'ndcg@20': 0.0853, 'hit@50': 0.2974, 'ndcg@50': 0.1051, 'hit@80': 0.3586, 'ndcg@80': 0.1151} 
2024-03-27 12:46:11.315 | INFO     | trainer:_train_one_epoch:117 - epoch 114 50.70s Train loss is [0.1215] 
2024-03-27 12:46:38.535 | INFO     | trainer:_train_one_epoch:126 - validate 114 cost time 27.22s, result: {'hit@10': 0.225, 'ndcg@10': 0.0944, 'hit@20': 0.3118, 'ndcg@20': 0.1126, 'hit@50': 0.445, 'ndcg@50': 0.1359, 'hit@80': 0.5175, 'ndcg@80': 0.1475} 
2024-03-27 12:46:59.786 | INFO     | trainer:_train_one_epoch:134 - test 114 cost time 21.25s, result: {'hit@10': 0.1353, 'ndcg@10': 0.071, 'hit@20': 0.1954, 'ndcg@20': 0.0858, 'hit@50': 0.2978, 'ndcg@50': 0.1057, 'hit@80': 0.3592, 'ndcg@80': 0.1157} 
2024-03-27 12:47:44.749 | INFO     | trainer:_train_one_epoch:117 - epoch 115 44.96s Train loss is [0.1212] 
2024-03-27 12:48:28.881 | INFO     | trainer:_train_one_epoch:126 - validate 115 cost time 44.13s, result: {'hit@10': 0.2257, 'ndcg@10': 0.0945, 'hit@20': 0.3115, 'ndcg@20': 0.1125, 'hit@50': 0.4438, 'ndcg@50': 0.1357, 'hit@80': 0.5179, 'ndcg@80': 0.1474} 
2024-03-27 12:48:49.288 | INFO     | trainer:_train_one_epoch:134 - test 115 cost time 20.41s, result: {'hit@10': 0.1346, 'ndcg@10': 0.0705, 'hit@20': 0.1961, 'ndcg@20': 0.0856, 'hit@50': 0.2971, 'ndcg@50': 0.1052, 'hit@80': 0.3593, 'ndcg@80': 0.1154} 
2024-03-27 12:49:32.559 | INFO     | trainer:_train_one_epoch:117 - epoch 116 43.27s Train loss is [0.1212] 
2024-03-27 12:50:02.280 | INFO     | trainer:_train_one_epoch:126 - validate 116 cost time 29.72s, result: {'hit@10': 0.2256, 'ndcg@10': 0.0944, 'hit@20': 0.3122, 'ndcg@20': 0.1126, 'hit@50': 0.4439, 'ndcg@50': 0.1356, 'hit@80': 0.5182, 'ndcg@80': 0.1473} 
2024-03-27 12:50:21.565 | INFO     | trainer:_train_one_epoch:134 - test 116 cost time 19.28s, result: {'hit@10': 0.1348, 'ndcg@10': 0.0708, 'hit@20': 0.1957, 'ndcg@20': 0.0858, 'hit@50': 0.2965, 'ndcg@50': 0.1052, 'hit@80': 0.359, 'ndcg@80': 0.1155} 
2024-03-27 12:51:06.315 | INFO     | trainer:_train_one_epoch:117 - epoch 117 44.75s Train loss is [0.1208] 
2024-03-27 12:51:44.100 | INFO     | trainer:_train_one_epoch:126 - validate 117 cost time 37.78s, result: {'hit@10': 0.2258, 'ndcg@10': 0.0949, 'hit@20': 0.3107, 'ndcg@20': 0.1127, 'hit@50': 0.4439, 'ndcg@50': 0.136, 'hit@80': 0.5178, 'ndcg@80': 0.1476} 
2024-03-27 12:52:17.110 | INFO     | trainer:_train_one_epoch:134 - test 117 cost time 33.01s, result: {'hit@10': 0.1352, 'ndcg@10': 0.0706, 'hit@20': 0.196, 'ndcg@20': 0.0854, 'hit@50': 0.2973, 'ndcg@50': 0.1051, 'hit@80': 0.3591, 'ndcg@80': 0.1152} 
2024-03-27 12:53:00.802 | INFO     | trainer:_train_one_epoch:117 - epoch 118 43.69s Train loss is [0.1205] 
2024-03-27 12:53:26.013 | INFO     | trainer:_train_one_epoch:126 - validate 118 cost time 25.21s, result: {'hit@10': 0.2269, 'ndcg@10': 0.0951, 'hit@20': 0.3111, 'ndcg@20': 0.1128, 'hit@50': 0.4452, 'ndcg@50': 0.1362, 'hit@80': 0.5199, 'ndcg@80': 0.148} 
2024-03-27 12:53:47.806 | INFO     | trainer:_train_one_epoch:134 - test 118 cost time 21.79s, result: {'hit@10': 0.137, 'ndcg@10': 0.071, 'hit@20': 0.1956, 'ndcg@20': 0.0853, 'hit@50': 0.2977, 'ndcg@50': 0.1051, 'hit@80': 0.36, 'ndcg@80': 0.1153} 
2024-03-27 12:54:32.947 | INFO     | trainer:_train_one_epoch:117 - epoch 119 45.14s Train loss is [0.1206] 
2024-03-27 12:55:14.670 | INFO     | trainer:_train_one_epoch:126 - validate 119 cost time 41.72s, result: {'hit@10': 0.2266, 'ndcg@10': 0.0951, 'hit@20': 0.3114, 'ndcg@20': 0.1129, 'hit@50': 0.4439, 'ndcg@50': 0.1361, 'hit@80': 0.52, 'ndcg@80': 0.148} 
2024-03-27 12:55:44.457 | INFO     | trainer:_train_one_epoch:134 - test 119 cost time 29.79s, result: {'hit@10': 0.1364, 'ndcg@10': 0.0713, 'hit@20': 0.1967, 'ndcg@20': 0.086, 'hit@50': 0.2972, 'ndcg@50': 0.1055, 'hit@80': 0.3591, 'ndcg@80': 0.1156} 
2024-03-27 12:56:29.144 | INFO     | trainer:_train_one_epoch:117 - epoch 120 44.69s Train loss is [0.1205] 
2024-03-27 12:57:01.912 | INFO     | trainer:_train_one_epoch:126 - validate 120 cost time 32.77s, result: {'hit@10': 0.2271, 'ndcg@10': 0.0953, 'hit@20': 0.3127, 'ndcg@20': 0.1131, 'hit@50': 0.4444, 'ndcg@50': 0.1361, 'hit@80': 0.5197, 'ndcg@80': 0.148} 
2024-03-27 12:57:18.658 | INFO     | trainer:_train_one_epoch:134 - test 120 cost time 16.74s, result: {'hit@10': 0.1364, 'ndcg@10': 0.0715, 'hit@20': 0.1971, 'ndcg@20': 0.0863, 'hit@50': 0.2988, 'ndcg@50': 0.106, 'hit@80': 0.3604, 'ndcg@80': 0.1161} 
2024-03-27 12:57:18.659 | INFO     | trainer:train_model:88 - training end, best iteration 110, results: {'hit@10': 0.2252, 'ndcg@10': 0.0943, 'hit@20': 0.3127, 'ndcg@20': 0.1125, 'hit@50': 0.4417, 'ndcg@50': 0.1352, 'hit@80': 0.5159, 'ndcg@80': 0.1469}
2024-03-27 12:57:18.659 | INFO     | trainer:train_model:90 - final test result is:  {'hit@10': 0.1355, 'ndcg@10': 0.0714, 'hit@20': 0.1956, 'ndcg@20': 0.0861, 'hit@50': 0.2993, 'ndcg@50': 0.1062, 'hit@80': 0.3597, 'ndcg@80': 0.1161}
2024-03-27 12:57:18.682 | INFO     | __main__:<module>:109 - train end total cost time: 15157.069060325623
