2024-06-15 01:13:00.701 | INFO     | __main__:<module>:97 - Namespace(TIME='2024-06-15 01_12_03', batch_size=1024, behaviors=['tip', 'neutral', 'neg', 'pos'], beta=0.7, check_point='', data_name='yelp', data_path='../data/Yelp', decay=0.0, device='cuda:3', embedding_size=64, epochs=200, gpu_no=1, if_load_model=False, lamb=0.3, layers=2, log_name='tmall', loss_type='bpr', lr=0.001, metrics=['hit', 'ndcg'], min_epoch=5, model_name='model_var', model_path='./check_point', neg_count=10, reg_weight=0.001, test_batch_size=1024, topk=[10, 20, 50, 80])
2024-06-15 01:13:00.703 | INFO     | __main__:<module>:98 - UIPL(
  (user_embedding): Embedding(19801, 64, padding_idx=0)
  (item_embedding): Embedding(22735, 64, padding_idx=0)
  (global_Graph): LightGCN()
  (behavior_Graphs): ModuleList(
    (0): LightGCN()
    (1): LightGCN()
    (2): LightGCN()
    (3): LightGCN()
  )
  (M): Sequential(
    (0): Linear(in_features=64, out_features=64, bias=True)
    (1): Tanh()
    (2): Linear(in_features=64, out_features=64, bias=True)
    (3): Tanh()
  )
  (bpr_loss): BPRLoss()
  (emb_loss): EmbLoss()
  (cross_loss): BCELoss()
)
2024-06-15 01:13:52.975 | INFO     | trainer:_train_one_epoch:118 - epoch 1 52.27s Train loss is [0.2287] 
2024-06-15 01:14:07.004 | INFO     | trainer:_train_one_epoch:127 - validate 1 cost time 14.03s, result: {'hit@10': 0.0056, 'ndcg@10': 0.0027, 'hit@20': 0.0105, 'ndcg@20': 0.0039, 'hit@50': 0.0238, 'ndcg@50': 0.0065, 'hit@80': 0.0356, 'ndcg@80': 0.0085} 
2024-06-15 01:14:13.860 | INFO     | trainer:_train_one_epoch:135 - test 1 cost time 6.85s, result: {'hit@10': 0.0197, 'ndcg@10': 0.0093, 'hit@20': 0.0374, 'ndcg@20': 0.0138, 'hit@50': 0.0829, 'ndcg@50': 0.0227, 'hit@80': 0.1188, 'ndcg@80': 0.0287} 
2024-06-15 01:15:07.527 | INFO     | trainer:_train_one_epoch:118 - epoch 2 53.48s Train loss is [0.1529] 
2024-06-15 01:15:21.238 | INFO     | trainer:_train_one_epoch:127 - validate 2 cost time 13.71s, result: {'hit@10': 0.0052, 'ndcg@10': 0.0022, 'hit@20': 0.0095, 'ndcg@20': 0.0033, 'hit@50': 0.0231, 'ndcg@50': 0.006, 'hit@80': 0.0344, 'ndcg@80': 0.0078} 
2024-06-15 01:15:27.657 | INFO     | trainer:_train_one_epoch:135 - test 2 cost time 6.42s, result: {'hit@10': 0.0253, 'ndcg@10': 0.0121, 'hit@20': 0.0479, 'ndcg@20': 0.0177, 'hit@50': 0.0972, 'ndcg@50': 0.0274, 'hit@80': 0.138, 'ndcg@80': 0.0342} 
2024-06-15 01:16:17.907 | INFO     | trainer:_train_one_epoch:118 - epoch 3 50.25s Train loss is [0.1390] 
2024-06-15 01:16:31.142 | INFO     | trainer:_train_one_epoch:127 - validate 3 cost time 13.23s, result: {'hit@10': 0.0049, 'ndcg@10': 0.0023, 'hit@20': 0.0097, 'ndcg@20': 0.0034, 'hit@50': 0.0244, 'ndcg@50': 0.0063, 'hit@80': 0.037, 'ndcg@80': 0.0084} 
2024-06-15 01:16:37.715 | INFO     | trainer:_train_one_epoch:135 - test 3 cost time 6.57s, result: {'hit@10': 0.0262, 'ndcg@10': 0.013, 'hit@20': 0.0475, 'ndcg@20': 0.0183, 'hit@50': 0.1042, 'ndcg@50': 0.0295, 'hit@80': 0.1461, 'ndcg@80': 0.0364} 
2024-06-15 01:17:29.281 | INFO     | trainer:_train_one_epoch:118 - epoch 4 51.56s Train loss is [0.1331] 
2024-06-15 01:17:43.063 | INFO     | trainer:_train_one_epoch:127 - validate 4 cost time 13.78s, result: {'hit@10': 0.0066, 'ndcg@10': 0.003, 'hit@20': 0.0115, 'ndcg@20': 0.0042, 'hit@50': 0.0248, 'ndcg@50': 0.0068, 'hit@80': 0.0365, 'ndcg@80': 0.0088} 
2024-06-15 01:17:49.600 | INFO     | trainer:_train_one_epoch:135 - test 4 cost time 6.54s, result: {'hit@10': 0.0278, 'ndcg@10': 0.0137, 'hit@20': 0.0507, 'ndcg@20': 0.0194, 'hit@50': 0.1142, 'ndcg@50': 0.0318, 'hit@80': 0.1591, 'ndcg@80': 0.0393} 
2024-06-15 01:18:41.631 | INFO     | trainer:_train_one_epoch:118 - epoch 5 51.74s Train loss is [0.1284] 
2024-06-15 01:18:55.380 | INFO     | trainer:_train_one_epoch:127 - validate 5 cost time 13.75s, result: {'hit@10': 0.006, 'ndcg@10': 0.0028, 'hit@20': 0.0115, 'ndcg@20': 0.0042, 'hit@50': 0.0243, 'ndcg@50': 0.0067, 'hit@80': 0.0366, 'ndcg@80': 0.0088} 
2024-06-15 01:19:01.879 | INFO     | trainer:_train_one_epoch:135 - test 5 cost time 6.50s, result: {'hit@10': 0.0333, 'ndcg@10': 0.016, 'hit@20': 0.0569, 'ndcg@20': 0.0219, 'hit@50': 0.1186, 'ndcg@50': 0.034, 'hit@80': 0.1624, 'ndcg@80': 0.0412} 
2024-06-15 01:19:53.183 | INFO     | trainer:_train_one_epoch:118 - epoch 6 51.30s Train loss is [0.1255] 
2024-06-15 01:20:08.632 | INFO     | trainer:_train_one_epoch:127 - validate 6 cost time 15.45s, result: {'hit@10': 0.0052, 'ndcg@10': 0.0022, 'hit@20': 0.0104, 'ndcg@20': 0.0035, 'hit@50': 0.0239, 'ndcg@50': 0.0062, 'hit@80': 0.0381, 'ndcg@80': 0.0085} 
2024-06-15 01:20:16.391 | INFO     | trainer:_train_one_epoch:135 - test 6 cost time 7.76s, result: {'hit@10': 0.0328, 'ndcg@10': 0.0159, 'hit@20': 0.0607, 'ndcg@20': 0.0229, 'hit@50': 0.1232, 'ndcg@50': 0.0353, 'hit@80': 0.1677, 'ndcg@80': 0.0427} 
2024-06-15 01:21:08.649 | INFO     | trainer:_train_one_epoch:118 - epoch 7 52.25s Train loss is [0.1236] 
2024-06-15 01:21:21.876 | INFO     | trainer:_train_one_epoch:127 - validate 7 cost time 13.23s, result: {'hit@10': 0.0048, 'ndcg@10': 0.0024, 'hit@20': 0.0111, 'ndcg@20': 0.004, 'hit@50': 0.027, 'ndcg@50': 0.0071, 'hit@80': 0.0406, 'ndcg@80': 0.0094} 
2024-06-15 01:21:28.436 | INFO     | trainer:_train_one_epoch:135 - test 7 cost time 6.56s, result: {'hit@10': 0.0355, 'ndcg@10': 0.0162, 'hit@20': 0.0635, 'ndcg@20': 0.0232, 'hit@50': 0.1235, 'ndcg@50': 0.035, 'hit@80': 0.1735, 'ndcg@80': 0.0433} 
2024-06-15 01:22:19.722 | INFO     | trainer:_train_one_epoch:118 - epoch 8 51.28s Train loss is [0.1191] 
2024-06-15 01:22:32.648 | INFO     | trainer:_train_one_epoch:127 - validate 8 cost time 12.92s, result: {'hit@10': 0.0054, 'ndcg@10': 0.0026, 'hit@20': 0.0106, 'ndcg@20': 0.0039, 'hit@50': 0.0263, 'ndcg@50': 0.007, 'hit@80': 0.0408, 'ndcg@80': 0.0094} 
2024-06-15 01:22:39.580 | INFO     | trainer:_train_one_epoch:135 - test 8 cost time 6.93s, result: {'hit@10': 0.0383, 'ndcg@10': 0.0187, 'hit@20': 0.0627, 'ndcg@20': 0.0249, 'hit@50': 0.1261, 'ndcg@50': 0.0373, 'hit@80': 0.1761, 'ndcg@80': 0.0456} 
2024-06-15 01:23:28.837 | INFO     | trainer:_train_one_epoch:118 - epoch 9 49.25s Train loss is [0.1172] 
2024-06-15 01:23:42.507 | INFO     | trainer:_train_one_epoch:127 - validate 9 cost time 13.67s, result: {'hit@10': 0.0064, 'ndcg@10': 0.003, 'hit@20': 0.0115, 'ndcg@20': 0.0043, 'hit@50': 0.0259, 'ndcg@50': 0.0071, 'hit@80': 0.0411, 'ndcg@80': 0.0096} 
2024-06-15 01:23:49.738 | INFO     | trainer:_train_one_epoch:135 - test 9 cost time 7.23s, result: {'hit@10': 0.0384, 'ndcg@10': 0.0188, 'hit@20': 0.0675, 'ndcg@20': 0.026, 'hit@50': 0.1284, 'ndcg@50': 0.038, 'hit@80': 0.1786, 'ndcg@80': 0.0463} 
2024-06-15 01:24:41.185 | INFO     | trainer:_train_one_epoch:118 - epoch 10 51.44s Train loss is [0.1128] 
2024-06-15 01:24:53.819 | INFO     | trainer:_train_one_epoch:127 - validate 10 cost time 12.63s, result: {'hit@10': 0.0062, 'ndcg@10': 0.003, 'hit@20': 0.0117, 'ndcg@20': 0.0043, 'hit@50': 0.0262, 'ndcg@50': 0.0071, 'hit@80': 0.0435, 'ndcg@80': 0.01} 
2024-06-15 01:25:00.279 | INFO     | trainer:_train_one_epoch:135 - test 10 cost time 6.46s, result: {'hit@10': 0.0405, 'ndcg@10': 0.0198, 'hit@20': 0.0676, 'ndcg@20': 0.0266, 'hit@50': 0.1277, 'ndcg@50': 0.0384, 'hit@80': 0.1805, 'ndcg@80': 0.0471} 
2024-06-15 01:25:52.099 | INFO     | trainer:_train_one_epoch:118 - epoch 11 51.59s Train loss is [0.1137] 
2024-06-15 01:26:05.351 | INFO     | trainer:_train_one_epoch:127 - validate 11 cost time 13.25s, result: {'hit@10': 0.0065, 'ndcg@10': 0.0028, 'hit@20': 0.0126, 'ndcg@20': 0.0043, 'hit@50': 0.03, 'ndcg@50': 0.0077, 'hit@80': 0.0467, 'ndcg@80': 0.0105} 
2024-06-15 01:26:11.822 | INFO     | trainer:_train_one_epoch:135 - test 11 cost time 6.47s, result: {'hit@10': 0.0417, 'ndcg@10': 0.0206, 'hit@20': 0.0693, 'ndcg@20': 0.0276, 'hit@50': 0.129, 'ndcg@50': 0.0393, 'hit@80': 0.1808, 'ndcg@80': 0.0479} 
2024-06-15 01:27:02.974 | INFO     | trainer:_train_one_epoch:118 - epoch 12 50.91s Train loss is [0.1108] 
2024-06-15 01:27:16.363 | INFO     | trainer:_train_one_epoch:127 - validate 12 cost time 13.39s, result: {'hit@10': 0.0069, 'ndcg@10': 0.003, 'hit@20': 0.0125, 'ndcg@20': 0.0044, 'hit@50': 0.0307, 'ndcg@50': 0.008, 'hit@80': 0.0494, 'ndcg@80': 0.0111} 
2024-06-15 01:27:23.360 | INFO     | trainer:_train_one_epoch:135 - test 12 cost time 7.00s, result: {'hit@10': 0.0372, 'ndcg@10': 0.0192, 'hit@20': 0.0686, 'ndcg@20': 0.0271, 'hit@50': 0.1335, 'ndcg@50': 0.0398, 'hit@80': 0.1849, 'ndcg@80': 0.0484} 
2024-06-15 01:28:14.876 | INFO     | trainer:_train_one_epoch:118 - epoch 13 51.51s Train loss is [0.1090] 
2024-06-15 01:28:27.573 | INFO     | trainer:_train_one_epoch:127 - validate 13 cost time 12.70s, result: {'hit@10': 0.0065, 'ndcg@10': 0.003, 'hit@20': 0.0125, 'ndcg@20': 0.0045, 'hit@50': 0.0302, 'ndcg@50': 0.008, 'hit@80': 0.0488, 'ndcg@80': 0.011} 
2024-06-15 01:28:33.954 | INFO     | trainer:_train_one_epoch:135 - test 13 cost time 6.38s, result: {'hit@10': 0.0404, 'ndcg@10': 0.0197, 'hit@20': 0.0683, 'ndcg@20': 0.0268, 'hit@50': 0.1348, 'ndcg@50': 0.0398, 'hit@80': 0.1881, 'ndcg@80': 0.0487} 
2024-06-15 01:29:23.529 | INFO     | trainer:_train_one_epoch:118 - epoch 14 49.57s Train loss is [0.1082] 
2024-06-15 01:29:36.402 | INFO     | trainer:_train_one_epoch:127 - validate 14 cost time 12.87s, result: {'hit@10': 0.0065, 'ndcg@10': 0.003, 'hit@20': 0.0132, 'ndcg@20': 0.0047, 'hit@50': 0.0316, 'ndcg@50': 0.0083, 'hit@80': 0.0492, 'ndcg@80': 0.0112} 
2024-06-15 01:29:43.301 | INFO     | trainer:_train_one_epoch:135 - test 14 cost time 6.90s, result: {'hit@10': 0.0397, 'ndcg@10': 0.0192, 'hit@20': 0.0704, 'ndcg@20': 0.0269, 'hit@50': 0.1392, 'ndcg@50': 0.0404, 'hit@80': 0.1878, 'ndcg@80': 0.0485} 
2024-06-15 01:30:33.659 | INFO     | trainer:_train_one_epoch:118 - epoch 15 50.17s Train loss is [0.1064] 
2024-06-15 01:30:46.666 | INFO     | trainer:_train_one_epoch:127 - validate 15 cost time 13.01s, result: {'hit@10': 0.0067, 'ndcg@10': 0.0031, 'hit@20': 0.0136, 'ndcg@20': 0.0049, 'hit@50': 0.0322, 'ndcg@50': 0.0085, 'hit@80': 0.0519, 'ndcg@80': 0.0118} 
2024-06-15 01:30:53.223 | INFO     | trainer:_train_one_epoch:135 - test 15 cost time 6.55s, result: {'hit@10': 0.0427, 'ndcg@10': 0.021, 'hit@20': 0.0731, 'ndcg@20': 0.0286, 'hit@50': 0.1428, 'ndcg@50': 0.0422, 'hit@80': 0.193, 'ndcg@80': 0.0505} 
2024-06-15 01:31:45.409 | INFO     | trainer:_train_one_epoch:118 - epoch 16 51.87s Train loss is [0.1065] 
2024-06-15 01:31:58.633 | INFO     | trainer:_train_one_epoch:127 - validate 16 cost time 13.22s, result: {'hit@10': 0.0071, 'ndcg@10': 0.0034, 'hit@20': 0.0136, 'ndcg@20': 0.0051, 'hit@50': 0.034, 'ndcg@50': 0.0091, 'hit@80': 0.0534, 'ndcg@80': 0.0123} 
2024-06-15 01:32:05.171 | INFO     | trainer:_train_one_epoch:135 - test 16 cost time 6.54s, result: {'hit@10': 0.0421, 'ndcg@10': 0.0216, 'hit@20': 0.0749, 'ndcg@20': 0.0299, 'hit@50': 0.1463, 'ndcg@50': 0.0439, 'hit@80': 0.1996, 'ndcg@80': 0.0528} 
2024-06-15 01:32:56.249 | INFO     | trainer:_train_one_epoch:118 - epoch 17 51.08s Train loss is [0.1048] 
2024-06-15 01:33:08.914 | INFO     | trainer:_train_one_epoch:127 - validate 17 cost time 12.66s, result: {'hit@10': 0.0082, 'ndcg@10': 0.0039, 'hit@20': 0.0151, 'ndcg@20': 0.0057, 'hit@50': 0.0371, 'ndcg@50': 0.01, 'hit@80': 0.0561, 'ndcg@80': 0.0131} 
2024-06-15 01:33:15.690 | INFO     | trainer:_train_one_epoch:135 - test 17 cost time 6.77s, result: {'hit@10': 0.0427, 'ndcg@10': 0.0217, 'hit@20': 0.0733, 'ndcg@20': 0.0294, 'hit@50': 0.1471, 'ndcg@50': 0.0439, 'hit@80': 0.1986, 'ndcg@80': 0.0524} 
2024-06-15 01:34:06.073 | INFO     | trainer:_train_one_epoch:118 - epoch 18 50.25s Train loss is [0.1030] 
2024-06-15 01:34:19.770 | INFO     | trainer:_train_one_epoch:127 - validate 18 cost time 13.70s, result: {'hit@10': 0.0079, 'ndcg@10': 0.0038, 'hit@20': 0.0151, 'ndcg@20': 0.0056, 'hit@50': 0.0358, 'ndcg@50': 0.0096, 'hit@80': 0.0561, 'ndcg@80': 0.013} 
2024-06-15 01:34:26.241 | INFO     | trainer:_train_one_epoch:135 - test 18 cost time 6.47s, result: {'hit@10': 0.044, 'ndcg@10': 0.0219, 'hit@20': 0.0755, 'ndcg@20': 0.0298, 'hit@50': 0.1451, 'ndcg@50': 0.0435, 'hit@80': 0.1985, 'ndcg@80': 0.0524} 
2024-06-15 01:35:16.872 | INFO     | trainer:_train_one_epoch:118 - epoch 19 50.62s Train loss is [0.1054] 
2024-06-15 01:35:30.509 | INFO     | trainer:_train_one_epoch:127 - validate 19 cost time 13.64s, result: {'hit@10': 0.008, 'ndcg@10': 0.0036, 'hit@20': 0.0146, 'ndcg@20': 0.0052, 'hit@50': 0.0362, 'ndcg@50': 0.0095, 'hit@80': 0.0543, 'ndcg@80': 0.0125} 
2024-06-15 01:35:37.133 | INFO     | trainer:_train_one_epoch:135 - test 19 cost time 6.62s, result: {'hit@10': 0.0453, 'ndcg@10': 0.0223, 'hit@20': 0.0791, 'ndcg@20': 0.0307, 'hit@50': 0.1485, 'ndcg@50': 0.0443, 'hit@80': 0.2017, 'ndcg@80': 0.0532} 
2024-06-15 01:36:27.295 | INFO     | trainer:_train_one_epoch:118 - epoch 20 50.16s Train loss is [0.1004] 
2024-06-15 01:36:40.718 | INFO     | trainer:_train_one_epoch:127 - validate 20 cost time 13.42s, result: {'hit@10': 0.007, 'ndcg@10': 0.0033, 'hit@20': 0.0145, 'ndcg@20': 0.0052, 'hit@50': 0.0356, 'ndcg@50': 0.0093, 'hit@80': 0.0547, 'ndcg@80': 0.0125} 
2024-06-15 01:36:47.902 | INFO     | trainer:_train_one_epoch:135 - test 20 cost time 7.18s, result: {'hit@10': 0.0461, 'ndcg@10': 0.022, 'hit@20': 0.0759, 'ndcg@20': 0.0295, 'hit@50': 0.1477, 'ndcg@50': 0.0436, 'hit@80': 0.202, 'ndcg@80': 0.0526} 
2024-06-15 01:37:39.181 | INFO     | trainer:_train_one_epoch:118 - epoch 21 51.28s Train loss is [0.0995] 
2024-06-15 01:37:53.444 | INFO     | trainer:_train_one_epoch:127 - validate 21 cost time 14.25s, result: {'hit@10': 0.0081, 'ndcg@10': 0.0034, 'hit@20': 0.0154, 'ndcg@20': 0.0053, 'hit@50': 0.0369, 'ndcg@50': 0.0095, 'hit@80': 0.0553, 'ndcg@80': 0.0125} 
2024-06-15 01:38:01.564 | INFO     | trainer:_train_one_epoch:135 - test 21 cost time 8.12s, result: {'hit@10': 0.0431, 'ndcg@10': 0.0219, 'hit@20': 0.0783, 'ndcg@20': 0.0307, 'hit@50': 0.146, 'ndcg@50': 0.044, 'hit@80': 0.2023, 'ndcg@80': 0.0533} 
2024-06-15 01:38:53.919 | INFO     | trainer:_train_one_epoch:118 - epoch 22 52.23s Train loss is [0.1004] 
2024-06-15 01:39:07.167 | INFO     | trainer:_train_one_epoch:127 - validate 22 cost time 13.25s, result: {'hit@10': 0.0081, 'ndcg@10': 0.0036, 'hit@20': 0.0156, 'ndcg@20': 0.0054, 'hit@50': 0.039, 'ndcg@50': 0.01, 'hit@80': 0.059, 'ndcg@80': 0.0134} 
2024-06-15 01:39:14.006 | INFO     | trainer:_train_one_epoch:135 - test 22 cost time 6.84s, result: {'hit@10': 0.0454, 'ndcg@10': 0.0221, 'hit@20': 0.0804, 'ndcg@20': 0.0309, 'hit@50': 0.1492, 'ndcg@50': 0.0444, 'hit@80': 0.2034, 'ndcg@80': 0.0534} 
2024-06-15 01:40:05.269 | INFO     | trainer:_train_one_epoch:118 - epoch 23 51.10s Train loss is [0.0981] 
2024-06-15 01:40:19.035 | INFO     | trainer:_train_one_epoch:127 - validate 23 cost time 13.76s, result: {'hit@10': 0.0077, 'ndcg@10': 0.0034, 'hit@20': 0.0159, 'ndcg@20': 0.0055, 'hit@50': 0.0378, 'ndcg@50': 0.0098, 'hit@80': 0.0558, 'ndcg@80': 0.0128} 
2024-06-15 01:40:26.395 | INFO     | trainer:_train_one_epoch:135 - test 23 cost time 7.36s, result: {'hit@10': 0.0468, 'ndcg@10': 0.0232, 'hit@20': 0.0777, 'ndcg@20': 0.0309, 'hit@50': 0.1519, 'ndcg@50': 0.0455, 'hit@80': 0.203, 'ndcg@80': 0.054} 
2024-06-15 01:41:17.768 | INFO     | trainer:_train_one_epoch:118 - epoch 24 51.20s Train loss is [0.0970] 
2024-06-15 01:41:31.809 | INFO     | trainer:_train_one_epoch:127 - validate 24 cost time 14.04s, result: {'hit@10': 0.0083, 'ndcg@10': 0.0037, 'hit@20': 0.0164, 'ndcg@20': 0.0057, 'hit@50': 0.0384, 'ndcg@50': 0.0101, 'hit@80': 0.0576, 'ndcg@80': 0.0132} 
2024-06-15 01:41:38.732 | INFO     | trainer:_train_one_epoch:135 - test 24 cost time 6.92s, result: {'hit@10': 0.046, 'ndcg@10': 0.0229, 'hit@20': 0.0771, 'ndcg@20': 0.0307, 'hit@50': 0.1526, 'ndcg@50': 0.0455, 'hit@80': 0.2084, 'ndcg@80': 0.0548} 
2024-06-15 01:42:36.039 | INFO     | trainer:_train_one_epoch:118 - epoch 25 57.15s Train loss is [0.0970] 
2024-06-15 01:42:49.715 | INFO     | trainer:_train_one_epoch:127 - validate 25 cost time 13.67s, result: {'hit@10': 0.0073, 'ndcg@10': 0.0034, 'hit@20': 0.0156, 'ndcg@20': 0.0055, 'hit@50': 0.0391, 'ndcg@50': 0.0101, 'hit@80': 0.0585, 'ndcg@80': 0.0133} 
2024-06-15 01:42:56.714 | INFO     | trainer:_train_one_epoch:135 - test 25 cost time 7.00s, result: {'hit@10': 0.0463, 'ndcg@10': 0.0228, 'hit@20': 0.0762, 'ndcg@20': 0.0303, 'hit@50': 0.1535, 'ndcg@50': 0.0455, 'hit@80': 0.2063, 'ndcg@80': 0.0542} 
2024-06-15 01:43:50.621 | INFO     | trainer:_train_one_epoch:118 - epoch 26 53.90s Train loss is [0.0979] 
2024-06-15 01:44:01.310 | INFO     | trainer:_train_one_epoch:127 - validate 26 cost time 10.69s, result: {'hit@10': 0.0077, 'ndcg@10': 0.0036, 'hit@20': 0.0165, 'ndcg@20': 0.0058, 'hit@50': 0.0408, 'ndcg@50': 0.0105, 'hit@80': 0.0596, 'ndcg@80': 0.0136} 
2024-06-15 01:44:06.816 | INFO     | trainer:_train_one_epoch:135 - test 26 cost time 5.50s, result: {'hit@10': 0.0457, 'ndcg@10': 0.0225, 'hit@20': 0.0777, 'ndcg@20': 0.0305, 'hit@50': 0.1544, 'ndcg@50': 0.0456, 'hit@80': 0.2051, 'ndcg@80': 0.054} 
2024-06-15 01:44:57.371 | INFO     | trainer:_train_one_epoch:118 - epoch 27 50.30s Train loss is [0.0949] 
2024-06-15 01:45:07.966 | INFO     | trainer:_train_one_epoch:127 - validate 27 cost time 10.59s, result: {'hit@10': 0.0076, 'ndcg@10': 0.0036, 'hit@20': 0.0163, 'ndcg@20': 0.0057, 'hit@50': 0.0399, 'ndcg@50': 0.0103, 'hit@80': 0.0604, 'ndcg@80': 0.0138} 
2024-06-15 01:45:13.110 | INFO     | trainer:_train_one_epoch:135 - test 27 cost time 5.14s, result: {'hit@10': 0.0464, 'ndcg@10': 0.0231, 'hit@20': 0.079, 'ndcg@20': 0.0313, 'hit@50': 0.1519, 'ndcg@50': 0.0456, 'hit@80': 0.2087, 'ndcg@80': 0.055} 
2024-06-15 01:46:04.527 | INFO     | trainer:_train_one_epoch:118 - epoch 28 51.41s Train loss is [0.0964] 
2024-06-15 01:46:14.946 | INFO     | trainer:_train_one_epoch:127 - validate 28 cost time 10.42s, result: {'hit@10': 0.0079, 'ndcg@10': 0.0038, 'hit@20': 0.0157, 'ndcg@20': 0.0057, 'hit@50': 0.0384, 'ndcg@50': 0.0101, 'hit@80': 0.0598, 'ndcg@80': 0.0137} 
2024-06-15 01:46:20.139 | INFO     | trainer:_train_one_epoch:135 - test 28 cost time 5.19s, result: {'hit@10': 0.0475, 'ndcg@10': 0.0233, 'hit@20': 0.0792, 'ndcg@20': 0.0312, 'hit@50': 0.1509, 'ndcg@50': 0.0453, 'hit@80': 0.2074, 'ndcg@80': 0.0547} 
2024-06-15 01:47:09.027 | INFO     | trainer:_train_one_epoch:118 - epoch 29 48.89s Train loss is [0.0964] 
2024-06-15 01:47:18.946 | INFO     | trainer:_train_one_epoch:127 - validate 29 cost time 9.92s, result: {'hit@10': 0.0078, 'ndcg@10': 0.0037, 'hit@20': 0.0159, 'ndcg@20': 0.0057, 'hit@50': 0.0387, 'ndcg@50': 0.0102, 'hit@80': 0.0605, 'ndcg@80': 0.0138} 
2024-06-15 01:47:24.742 | INFO     | trainer:_train_one_epoch:135 - test 29 cost time 5.79s, result: {'hit@10': 0.0456, 'ndcg@10': 0.0223, 'hit@20': 0.0798, 'ndcg@20': 0.0309, 'hit@50': 0.1518, 'ndcg@50': 0.0451, 'hit@80': 0.2085, 'ndcg@80': 0.0545} 
2024-06-15 01:48:15.195 | INFO     | trainer:_train_one_epoch:118 - epoch 30 50.44s Train loss is [0.0964] 
2024-06-15 01:48:25.436 | INFO     | trainer:_train_one_epoch:127 - validate 30 cost time 10.24s, result: {'hit@10': 0.0082, 'ndcg@10': 0.004, 'hit@20': 0.0162, 'ndcg@20': 0.006, 'hit@50': 0.041, 'ndcg@50': 0.0108, 'hit@80': 0.0628, 'ndcg@80': 0.0144} 
2024-06-15 01:48:30.638 | INFO     | trainer:_train_one_epoch:135 - test 30 cost time 5.20s, result: {'hit@10': 0.0464, 'ndcg@10': 0.023, 'hit@20': 0.0809, 'ndcg@20': 0.0316, 'hit@50': 0.153, 'ndcg@50': 0.0458, 'hit@80': 0.2069, 'ndcg@80': 0.0547} 
2024-06-15 01:49:20.147 | INFO     | trainer:_train_one_epoch:118 - epoch 31 49.51s Train loss is [0.0924] 
2024-06-15 01:49:33.659 | INFO     | trainer:_train_one_epoch:127 - validate 31 cost time 13.51s, result: {'hit@10': 0.0081, 'ndcg@10': 0.0042, 'hit@20': 0.0174, 'ndcg@20': 0.0065, 'hit@50': 0.0421, 'ndcg@50': 0.0113, 'hit@80': 0.0622, 'ndcg@80': 0.0146} 
2024-06-15 01:49:40.481 | INFO     | trainer:_train_one_epoch:135 - test 31 cost time 6.82s, result: {'hit@10': 0.0474, 'ndcg@10': 0.0231, 'hit@20': 0.0794, 'ndcg@20': 0.0311, 'hit@50': 0.1522, 'ndcg@50': 0.0455, 'hit@80': 0.2088, 'ndcg@80': 0.0549} 
2024-06-15 01:50:33.313 | INFO     | trainer:_train_one_epoch:118 - epoch 32 52.72s Train loss is [0.0935] 
2024-06-15 01:50:48.415 | INFO     | trainer:_train_one_epoch:127 - validate 32 cost time 15.10s, result: {'hit@10': 0.0093, 'ndcg@10': 0.0044, 'hit@20': 0.0173, 'ndcg@20': 0.0063, 'hit@50': 0.0416, 'ndcg@50': 0.0111, 'hit@80': 0.062, 'ndcg@80': 0.0145} 
2024-06-15 01:50:55.490 | INFO     | trainer:_train_one_epoch:135 - test 32 cost time 7.07s, result: {'hit@10': 0.0485, 'ndcg@10': 0.0237, 'hit@20': 0.0824, 'ndcg@20': 0.0322, 'hit@50': 0.154, 'ndcg@50': 0.0462, 'hit@80': 0.2127, 'ndcg@80': 0.0559} 
2024-06-15 01:51:47.819 | INFO     | trainer:_train_one_epoch:118 - epoch 33 52.33s Train loss is [0.0914] 
2024-06-15 01:52:01.536 | INFO     | trainer:_train_one_epoch:127 - validate 33 cost time 13.72s, result: {'hit@10': 0.0093, 'ndcg@10': 0.0044, 'hit@20': 0.0185, 'ndcg@20': 0.0067, 'hit@50': 0.0427, 'ndcg@50': 0.0115, 'hit@80': 0.0639, 'ndcg@80': 0.015} 
2024-06-15 01:52:08.193 | INFO     | trainer:_train_one_epoch:135 - test 33 cost time 6.66s, result: {'hit@10': 0.0492, 'ndcg@10': 0.0241, 'hit@20': 0.0821, 'ndcg@20': 0.0323, 'hit@50': 0.1529, 'ndcg@50': 0.0463, 'hit@80': 0.2086, 'ndcg@80': 0.0555} 
2024-06-15 01:52:58.663 | INFO     | trainer:_train_one_epoch:118 - epoch 34 50.32s Train loss is [0.0924] 
2024-06-15 01:53:12.029 | INFO     | trainer:_train_one_epoch:127 - validate 34 cost time 13.37s, result: {'hit@10': 0.0108, 'ndcg@10': 0.0051, 'hit@20': 0.0187, 'ndcg@20': 0.0071, 'hit@50': 0.0435, 'ndcg@50': 0.012, 'hit@80': 0.066, 'ndcg@80': 0.0157} 
2024-06-15 01:53:19.314 | INFO     | trainer:_train_one_epoch:135 - test 34 cost time 7.28s, result: {'hit@10': 0.0501, 'ndcg@10': 0.0245, 'hit@20': 0.0833, 'ndcg@20': 0.0328, 'hit@50': 0.1554, 'ndcg@50': 0.047, 'hit@80': 0.2094, 'ndcg@80': 0.0559} 
2024-06-15 01:54:11.714 | INFO     | trainer:_train_one_epoch:118 - epoch 35 52.27s Train loss is [0.0932] 
2024-06-15 01:54:25.158 | INFO     | trainer:_train_one_epoch:127 - validate 35 cost time 13.44s, result: {'hit@10': 0.0102, 'ndcg@10': 0.0046, 'hit@20': 0.0191, 'ndcg@20': 0.0068, 'hit@50': 0.0424, 'ndcg@50': 0.0114, 'hit@80': 0.064, 'ndcg@80': 0.0149} 
2024-06-15 01:54:31.811 | INFO     | trainer:_train_one_epoch:135 - test 35 cost time 6.65s, result: {'hit@10': 0.0508, 'ndcg@10': 0.0246, 'hit@20': 0.0842, 'ndcg@20': 0.033, 'hit@50': 0.1565, 'ndcg@50': 0.0473, 'hit@80': 0.2147, 'ndcg@80': 0.0569} 
2024-06-15 01:55:23.367 | INFO     | trainer:_train_one_epoch:118 - epoch 36 51.29s Train loss is [0.0915] 
2024-06-15 01:55:37.062 | INFO     | trainer:_train_one_epoch:127 - validate 36 cost time 13.69s, result: {'hit@10': 0.0098, 'ndcg@10': 0.0045, 'hit@20': 0.0196, 'ndcg@20': 0.007, 'hit@50': 0.0415, 'ndcg@50': 0.0112, 'hit@80': 0.0618, 'ndcg@80': 0.0146} 
2024-06-15 01:55:43.823 | INFO     | trainer:_train_one_epoch:135 - test 36 cost time 6.76s, result: {'hit@10': 0.0499, 'ndcg@10': 0.0246, 'hit@20': 0.0842, 'ndcg@20': 0.0332, 'hit@50': 0.1573, 'ndcg@50': 0.0476, 'hit@80': 0.2147, 'ndcg@80': 0.0571} 
2024-06-15 01:56:34.015 | INFO     | trainer:_train_one_epoch:118 - epoch 37 49.93s Train loss is [0.0897] 
2024-06-15 01:56:47.900 | INFO     | trainer:_train_one_epoch:127 - validate 37 cost time 13.88s, result: {'hit@10': 0.011, 'ndcg@10': 0.0053, 'hit@20': 0.0198, 'ndcg@20': 0.0075, 'hit@50': 0.0436, 'ndcg@50': 0.0122, 'hit@80': 0.0656, 'ndcg@80': 0.0159} 
2024-06-15 01:56:54.514 | INFO     | trainer:_train_one_epoch:135 - test 37 cost time 6.61s, result: {'hit@10': 0.0507, 'ndcg@10': 0.0244, 'hit@20': 0.0813, 'ndcg@20': 0.0321, 'hit@50': 0.1569, 'ndcg@50': 0.047, 'hit@80': 0.2185, 'ndcg@80': 0.0572} 
2024-06-15 01:57:46.818 | INFO     | trainer:_train_one_epoch:118 - epoch 38 52.16s Train loss is [0.0911] 
2024-06-15 01:58:00.322 | INFO     | trainer:_train_one_epoch:127 - validate 38 cost time 13.50s, result: {'hit@10': 0.0099, 'ndcg@10': 0.0049, 'hit@20': 0.0183, 'ndcg@20': 0.007, 'hit@50': 0.0438, 'ndcg@50': 0.012, 'hit@80': 0.0675, 'ndcg@80': 0.0159} 
2024-06-15 01:58:07.310 | INFO     | trainer:_train_one_epoch:135 - test 38 cost time 6.99s, result: {'hit@10': 0.0496, 'ndcg@10': 0.0247, 'hit@20': 0.0842, 'ndcg@20': 0.0333, 'hit@50': 0.1577, 'ndcg@50': 0.0478, 'hit@80': 0.2212, 'ndcg@80': 0.0583} 
2024-06-15 01:58:58.958 | INFO     | trainer:_train_one_epoch:118 - epoch 39 51.65s Train loss is [0.0912] 
2024-06-15 01:59:12.235 | INFO     | trainer:_train_one_epoch:127 - validate 39 cost time 13.27s, result: {'hit@10': 0.009, 'ndcg@10': 0.0044, 'hit@20': 0.0184, 'ndcg@20': 0.0067, 'hit@50': 0.0426, 'ndcg@50': 0.0115, 'hit@80': 0.0655, 'ndcg@80': 0.0153} 
2024-06-15 01:59:18.106 | INFO     | trainer:_train_one_epoch:135 - test 39 cost time 5.87s, result: {'hit@10': 0.0513, 'ndcg@10': 0.0248, 'hit@20': 0.0841, 'ndcg@20': 0.033, 'hit@50': 0.1611, 'ndcg@50': 0.0481, 'hit@80': 0.2191, 'ndcg@80': 0.0578} 
2024-06-15 02:00:09.114 | INFO     | trainer:_train_one_epoch:118 - epoch 40 51.01s Train loss is [0.0896] 
2024-06-15 02:00:24.884 | INFO     | trainer:_train_one_epoch:127 - validate 40 cost time 15.77s, result: {'hit@10': 0.0092, 'ndcg@10': 0.0045, 'hit@20': 0.018, 'ndcg@20': 0.0068, 'hit@50': 0.0434, 'ndcg@50': 0.0117, 'hit@80': 0.0656, 'ndcg@80': 0.0154} 
2024-06-15 02:00:31.397 | INFO     | trainer:_train_one_epoch:135 - test 40 cost time 6.51s, result: {'hit@10': 0.0508, 'ndcg@10': 0.0249, 'hit@20': 0.0841, 'ndcg@20': 0.0332, 'hit@50': 0.1604, 'ndcg@50': 0.0482, 'hit@80': 0.2196, 'ndcg@80': 0.058} 
2024-06-15 02:01:23.660 | INFO     | trainer:_train_one_epoch:118 - epoch 41 52.26s Train loss is [0.0883] 
2024-06-15 02:01:37.401 | INFO     | trainer:_train_one_epoch:127 - validate 41 cost time 13.74s, result: {'hit@10': 0.0089, 'ndcg@10': 0.0043, 'hit@20': 0.0189, 'ndcg@20': 0.0068, 'hit@50': 0.0441, 'ndcg@50': 0.0118, 'hit@80': 0.0672, 'ndcg@80': 0.0156} 
2024-06-15 02:01:44.001 | INFO     | trainer:_train_one_epoch:135 - test 41 cost time 6.60s, result: {'hit@10': 0.0521, 'ndcg@10': 0.025, 'hit@20': 0.0838, 'ndcg@20': 0.0329, 'hit@50': 0.162, 'ndcg@50': 0.0482, 'hit@80': 0.219, 'ndcg@80': 0.0577} 
2024-06-15 02:02:41.699 | INFO     | trainer:_train_one_epoch:118 - epoch 42 57.69s Train loss is [0.0890] 
2024-06-15 02:02:54.939 | INFO     | trainer:_train_one_epoch:127 - validate 42 cost time 13.24s, result: {'hit@10': 0.0085, 'ndcg@10': 0.0042, 'hit@20': 0.0173, 'ndcg@20': 0.0063, 'hit@50': 0.0411, 'ndcg@50': 0.011, 'hit@80': 0.0646, 'ndcg@80': 0.0149} 
2024-06-15 02:03:01.565 | INFO     | trainer:_train_one_epoch:135 - test 42 cost time 6.62s, result: {'hit@10': 0.0511, 'ndcg@10': 0.0248, 'hit@20': 0.0847, 'ndcg@20': 0.0332, 'hit@50': 0.1607, 'ndcg@50': 0.0481, 'hit@80': 0.2209, 'ndcg@80': 0.0581} 
2024-06-15 02:03:55.252 | INFO     | trainer:_train_one_epoch:118 - epoch 43 53.69s Train loss is [0.0887] 
2024-06-15 02:04:10.438 | INFO     | trainer:_train_one_epoch:127 - validate 43 cost time 15.18s, result: {'hit@10': 0.0098, 'ndcg@10': 0.0046, 'hit@20': 0.0183, 'ndcg@20': 0.0068, 'hit@50': 0.0438, 'ndcg@50': 0.0117, 'hit@80': 0.0656, 'ndcg@80': 0.0153} 
2024-06-15 02:04:17.458 | INFO     | trainer:_train_one_epoch:135 - test 43 cost time 7.02s, result: {'hit@10': 0.0499, 'ndcg@10': 0.0248, 'hit@20': 0.0844, 'ndcg@20': 0.0335, 'hit@50': 0.1599, 'ndcg@50': 0.0483, 'hit@80': 0.2192, 'ndcg@80': 0.0582} 
2024-06-15 02:05:09.923 | INFO     | trainer:_train_one_epoch:118 - epoch 44 52.45s Train loss is [0.0862] 
2024-06-15 02:05:24.340 | INFO     | trainer:_train_one_epoch:127 - validate 44 cost time 14.42s, result: {'hit@10': 0.0089, 'ndcg@10': 0.0044, 'hit@20': 0.0187, 'ndcg@20': 0.0069, 'hit@50': 0.0445, 'ndcg@50': 0.012, 'hit@80': 0.0673, 'ndcg@80': 0.0157} 
2024-06-15 02:05:31.319 | INFO     | trainer:_train_one_epoch:135 - test 44 cost time 6.98s, result: {'hit@10': 0.0513, 'ndcg@10': 0.0245, 'hit@20': 0.0856, 'ndcg@20': 0.033, 'hit@50': 0.1592, 'ndcg@50': 0.0475, 'hit@80': 0.2164, 'ndcg@80': 0.057} 
2024-06-15 02:06:22.411 | INFO     | trainer:_train_one_epoch:118 - epoch 45 51.09s Train loss is [0.0860] 
2024-06-15 02:06:37.282 | INFO     | trainer:_train_one_epoch:127 - validate 45 cost time 14.87s, result: {'hit@10': 0.0096, 'ndcg@10': 0.0045, 'hit@20': 0.0187, 'ndcg@20': 0.0068, 'hit@50': 0.0432, 'ndcg@50': 0.0115, 'hit@80': 0.0671, 'ndcg@80': 0.0155} 
2024-06-15 02:06:44.308 | INFO     | trainer:_train_one_epoch:135 - test 45 cost time 7.02s, result: {'hit@10': 0.0493, 'ndcg@10': 0.0237, 'hit@20': 0.0844, 'ndcg@20': 0.0325, 'hit@50': 0.1621, 'ndcg@50': 0.0477, 'hit@80': 0.2206, 'ndcg@80': 0.0574} 
2024-06-15 02:07:34.297 | INFO     | trainer:_train_one_epoch:118 - epoch 46 49.98s Train loss is [0.0912] 
2024-06-15 02:07:48.123 | INFO     | trainer:_train_one_epoch:127 - validate 46 cost time 13.82s, result: {'hit@10': 0.0094, 'ndcg@10': 0.0044, 'hit@20': 0.0188, 'ndcg@20': 0.0067, 'hit@50': 0.0457, 'ndcg@50': 0.012, 'hit@80': 0.0696, 'ndcg@80': 0.0159} 
2024-06-15 02:07:55.289 | INFO     | trainer:_train_one_epoch:135 - test 46 cost time 7.16s, result: {'hit@10': 0.0506, 'ndcg@10': 0.0241, 'hit@20': 0.0829, 'ndcg@20': 0.0322, 'hit@50': 0.162, 'ndcg@50': 0.0477, 'hit@80': 0.2228, 'ndcg@80': 0.0578} 
2024-06-15 02:08:47.668 | INFO     | trainer:_train_one_epoch:118 - epoch 47 52.38s Train loss is [0.0870] 
2024-06-15 02:09:00.694 | INFO     | trainer:_train_one_epoch:127 - validate 47 cost time 13.02s, result: {'hit@10': 0.0091, 'ndcg@10': 0.0041, 'hit@20': 0.0186, 'ndcg@20': 0.0065, 'hit@50': 0.0455, 'ndcg@50': 0.0117, 'hit@80': 0.0689, 'ndcg@80': 0.0156} 
2024-06-15 02:09:07.381 | INFO     | trainer:_train_one_epoch:135 - test 47 cost time 6.68s, result: {'hit@10': 0.0497, 'ndcg@10': 0.0243, 'hit@20': 0.0828, 'ndcg@20': 0.0326, 'hit@50': 0.1599, 'ndcg@50': 0.0477, 'hit@80': 0.2193, 'ndcg@80': 0.0575} 
2024-06-15 02:09:07.446 | INFO     | trainer:train_model:89 - training end, best iteration 37, results: {'hit@10': 0.011, 'ndcg@10': 0.0053, 'hit@20': 0.0198, 'ndcg@20': 0.0075, 'hit@50': 0.0436, 'ndcg@50': 0.0122, 'hit@80': 0.0656, 'ndcg@80': 0.0159}
2024-06-15 02:09:07.447 | INFO     | trainer:train_model:91 - final test result is:  {'hit@10': 0.0507, 'ndcg@10': 0.0244, 'hit@20': 0.0813, 'ndcg@20': 0.0321, 'hit@50': 0.1569, 'ndcg@50': 0.047, 'hit@80': 0.2185, 'ndcg@80': 0.0572}
2024-06-15 02:09:07.448 | INFO     | __main__:<module>:102 - train end total cost time: 3424.2279653549194
