2024-03-28 01:58:00.961 | INFO     | __main__:<module>:104 - Namespace(TIME='2024-03-28 01_57_38', batch_size=1024, behaviors=['tip', 'neutral', 'neg', 'pos'], beta=0.7, check_point='', data_name='yelp', data_path='../data/Yelp', decay=0.0, device='cuda:3', embedding_size=64, epochs=200, gpu_no=1, if_load_model=False, lamb=0.7, layers=2, log_name='tmall', loss_type='bpr', lr=0.001, metrics=['hit', 'ndcg'], min_epoch=5, model_name='Tanh_ini_lamb_beta_1', model_path='./check_point', neg_count=10, reg_weight=0.001, test_batch_size=1024, topk=[10, 20, 50, 80])
2024-03-28 01:58:00.962 | INFO     | __main__:<module>:105 - UIPL(
  (user_embedding): Embedding(19801, 64, padding_idx=0)
  (item_embedding): Embedding(22735, 64, padding_idx=0)
  (global_Graph): LightGCN()
  (behavior_Graphs): ModuleList(
    (0): LightGCN()
    (1): LightGCN()
    (2): LightGCN()
    (3): LightGCN()
  )
  (M): Sequential(
    (0): Linear(in_features=64, out_features=64, bias=True)
    (1): Tanh()
    (2): Linear(in_features=64, out_features=64, bias=True)
    (3): Tanh()
  )
  (bpr_loss): BPRLoss()
  (emb_loss): EmbLoss()
  (cross_loss): BCELoss()
)
2024-03-28 01:58:29.307 | INFO     | trainer:_train_one_epoch:117 - epoch 1 28.34s Train loss is [0.2552] 
2024-03-28 01:58:57.553 | INFO     | trainer:_train_one_epoch:126 - validate 1 cost time 28.24s, result: {'hit@10': 0.0054, 'ndcg@10': 0.0025, 'hit@20': 0.0093, 'ndcg@20': 0.0035, 'hit@50': 0.0209, 'ndcg@50': 0.0058, 'hit@80': 0.0304, 'ndcg@80': 0.0074} 
2024-03-28 01:59:08.752 | INFO     | trainer:_train_one_epoch:134 - test 1 cost time 11.20s, result: {'hit@10': 0.0159, 'ndcg@10': 0.0073, 'hit@20': 0.0307, 'ndcg@20': 0.011, 'hit@50': 0.0678, 'ndcg@50': 0.0183, 'hit@80': 0.1003, 'ndcg@80': 0.0237} 
2024-03-28 01:59:40.056 | INFO     | trainer:_train_one_epoch:117 - epoch 2 31.24s Train loss is [0.1768] 
2024-03-28 01:59:59.254 | INFO     | trainer:_train_one_epoch:126 - validate 2 cost time 19.20s, result: {'hit@10': 0.006, 'ndcg@10': 0.0028, 'hit@20': 0.0109, 'ndcg@20': 0.004, 'hit@50': 0.0232, 'ndcg@50': 0.0064, 'hit@80': 0.0336, 'ndcg@80': 0.0082} 
2024-03-28 02:00:11.681 | INFO     | trainer:_train_one_epoch:134 - test 2 cost time 12.43s, result: {'hit@10': 0.0205, 'ndcg@10': 0.0096, 'hit@20': 0.0396, 'ndcg@20': 0.0143, 'hit@50': 0.0873, 'ndcg@50': 0.0237, 'hit@80': 0.1262, 'ndcg@80': 0.0301} 
2024-03-28 02:00:39.053 | INFO     | trainer:_train_one_epoch:117 - epoch 3 27.31s Train loss is [0.1616] 
2024-03-28 02:01:06.283 | INFO     | trainer:_train_one_epoch:126 - validate 3 cost time 27.23s, result: {'hit@10': 0.0054, 'ndcg@10': 0.0027, 'hit@20': 0.0114, 'ndcg@20': 0.0042, 'hit@50': 0.0258, 'ndcg@50': 0.007, 'hit@80': 0.0381, 'ndcg@80': 0.0091} 
2024-03-28 02:01:19.479 | INFO     | trainer:_train_one_epoch:134 - test 3 cost time 13.19s, result: {'hit@10': 0.0236, 'ndcg@10': 0.0111, 'hit@20': 0.0459, 'ndcg@20': 0.0167, 'hit@50': 0.0998, 'ndcg@50': 0.0272, 'hit@80': 0.1419, 'ndcg@80': 0.0342} 
2024-03-28 02:01:48.227 | INFO     | trainer:_train_one_epoch:117 - epoch 4 28.70s Train loss is [0.1568] 
2024-03-28 02:02:26.467 | INFO     | trainer:_train_one_epoch:126 - validate 4 cost time 38.24s, result: {'hit@10': 0.0062, 'ndcg@10': 0.0029, 'hit@20': 0.0114, 'ndcg@20': 0.0041, 'hit@50': 0.0249, 'ndcg@50': 0.0068, 'hit@80': 0.0375, 'ndcg@80': 0.0089} 
2024-03-28 02:02:45.983 | INFO     | trainer:_train_one_epoch:134 - test 4 cost time 19.52s, result: {'hit@10': 0.0258, 'ndcg@10': 0.0123, 'hit@20': 0.0505, 'ndcg@20': 0.0184, 'hit@50': 0.1064, 'ndcg@50': 0.0293, 'hit@80': 0.1494, 'ndcg@80': 0.0365} 
2024-03-28 02:03:15.542 | INFO     | trainer:_train_one_epoch:117 - epoch 5 29.56s Train loss is [0.1500] 
2024-03-28 02:03:33.843 | INFO     | trainer:_train_one_epoch:126 - validate 5 cost time 18.30s, result: {'hit@10': 0.0055, 'ndcg@10': 0.0024, 'hit@20': 0.0119, 'ndcg@20': 0.004, 'hit@50': 0.0275, 'ndcg@50': 0.0071, 'hit@80': 0.0412, 'ndcg@80': 0.0094} 
2024-03-28 02:03:41.745 | INFO     | trainer:_train_one_epoch:134 - test 5 cost time 7.90s, result: {'hit@10': 0.0295, 'ndcg@10': 0.0136, 'hit@20': 0.0535, 'ndcg@20': 0.0196, 'hit@50': 0.1091, 'ndcg@50': 0.0305, 'hit@80': 0.1534, 'ndcg@80': 0.0379} 
2024-03-28 02:04:10.492 | INFO     | trainer:_train_one_epoch:117 - epoch 6 28.69s Train loss is [0.1488] 
2024-03-28 02:04:34.360 | INFO     | trainer:_train_one_epoch:126 - validate 6 cost time 23.87s, result: {'hit@10': 0.0052, 'ndcg@10': 0.0026, 'hit@20': 0.0103, 'ndcg@20': 0.0038, 'hit@50': 0.0261, 'ndcg@50': 0.007, 'hit@80': 0.0401, 'ndcg@80': 0.0093} 
2024-03-28 02:04:46.432 | INFO     | trainer:_train_one_epoch:134 - test 6 cost time 12.07s, result: {'hit@10': 0.0286, 'ndcg@10': 0.0136, 'hit@20': 0.0546, 'ndcg@20': 0.0201, 'hit@50': 0.1102, 'ndcg@50': 0.0309, 'hit@80': 0.1568, 'ndcg@80': 0.0386} 
2024-03-28 02:05:15.911 | INFO     | trainer:_train_one_epoch:117 - epoch 7 29.48s Train loss is [0.1443] 
2024-03-28 02:05:53.581 | INFO     | trainer:_train_one_epoch:126 - validate 7 cost time 37.67s, result: {'hit@10': 0.0052, 'ndcg@10': 0.0024, 'hit@20': 0.0106, 'ndcg@20': 0.0037, 'hit@50': 0.0273, 'ndcg@50': 0.007, 'hit@80': 0.0416, 'ndcg@80': 0.0094} 
2024-03-28 02:06:07.338 | INFO     | trainer:_train_one_epoch:134 - test 7 cost time 13.76s, result: {'hit@10': 0.032, 'ndcg@10': 0.0156, 'hit@20': 0.0584, 'ndcg@20': 0.0222, 'hit@50': 0.1157, 'ndcg@50': 0.0335, 'hit@80': 0.1613, 'ndcg@80': 0.0411} 
2024-03-28 02:06:34.477 | INFO     | trainer:_train_one_epoch:117 - epoch 8 27.14s Train loss is [0.1423] 
2024-03-28 02:07:02.262 | INFO     | trainer:_train_one_epoch:126 - validate 8 cost time 27.78s, result: {'hit@10': 0.0061, 'ndcg@10': 0.0028, 'hit@20': 0.0124, 'ndcg@20': 0.0044, 'hit@50': 0.0282, 'ndcg@50': 0.0075, 'hit@80': 0.0458, 'ndcg@80': 0.0104} 
2024-03-28 02:07:16.471 | INFO     | trainer:_train_one_epoch:134 - test 8 cost time 14.21s, result: {'hit@10': 0.0332, 'ndcg@10': 0.0165, 'hit@20': 0.0599, 'ndcg@20': 0.0232, 'hit@50': 0.1203, 'ndcg@50': 0.035, 'hit@80': 0.1707, 'ndcg@80': 0.0434} 
2024-03-28 02:07:45.358 | INFO     | trainer:_train_one_epoch:117 - epoch 9 28.83s Train loss is [0.1382] 
2024-03-28 02:08:04.030 | INFO     | trainer:_train_one_epoch:126 - validate 9 cost time 18.67s, result: {'hit@10': 0.0078, 'ndcg@10': 0.0035, 'hit@20': 0.0147, 'ndcg@20': 0.0053, 'hit@50': 0.033, 'ndcg@50': 0.0088, 'hit@80': 0.0499, 'ndcg@80': 0.0116} 
2024-03-28 02:08:13.679 | INFO     | trainer:_train_one_epoch:134 - test 9 cost time 9.65s, result: {'hit@10': 0.0342, 'ndcg@10': 0.0167, 'hit@20': 0.0627, 'ndcg@20': 0.0238, 'hit@50': 0.1241, 'ndcg@50': 0.0359, 'hit@80': 0.1713, 'ndcg@80': 0.0437} 
2024-03-28 02:08:42.401 | INFO     | trainer:_train_one_epoch:117 - epoch 10 28.68s Train loss is [0.1350] 
2024-03-28 02:09:06.833 | INFO     | trainer:_train_one_epoch:126 - validate 10 cost time 24.43s, result: {'hit@10': 0.008, 'ndcg@10': 0.0037, 'hit@20': 0.0149, 'ndcg@20': 0.0054, 'hit@50': 0.035, 'ndcg@50': 0.0094, 'hit@80': 0.053, 'ndcg@80': 0.0124} 
2024-03-28 02:09:23.529 | INFO     | trainer:_train_one_epoch:134 - test 10 cost time 16.70s, result: {'hit@10': 0.0352, 'ndcg@10': 0.0166, 'hit@20': 0.0642, 'ndcg@20': 0.0239, 'hit@50': 0.1268, 'ndcg@50': 0.0362, 'hit@80': 0.1773, 'ndcg@80': 0.0446} 
2024-03-28 02:09:50.461 | INFO     | trainer:_train_one_epoch:117 - epoch 11 26.88s Train loss is [0.1357] 
2024-03-28 02:10:16.971 | INFO     | trainer:_train_one_epoch:126 - validate 11 cost time 26.51s, result: {'hit@10': 0.0087, 'ndcg@10': 0.004, 'hit@20': 0.0162, 'ndcg@20': 0.0059, 'hit@50': 0.0368, 'ndcg@50': 0.0099, 'hit@80': 0.0559, 'ndcg@80': 0.0131} 
2024-03-28 02:10:30.405 | INFO     | trainer:_train_one_epoch:134 - test 11 cost time 13.43s, result: {'hit@10': 0.0365, 'ndcg@10': 0.0183, 'hit@20': 0.0659, 'ndcg@20': 0.0257, 'hit@50': 0.1309, 'ndcg@50': 0.0384, 'hit@80': 0.1792, 'ndcg@80': 0.0464} 
2024-03-28 02:10:55.887 | INFO     | trainer:_train_one_epoch:117 - epoch 12 25.44s Train loss is [0.1324] 
2024-03-28 02:11:32.512 | INFO     | trainer:_train_one_epoch:126 - validate 12 cost time 36.62s, result: {'hit@10': 0.0089, 'ndcg@10': 0.0041, 'hit@20': 0.0156, 'ndcg@20': 0.0057, 'hit@50': 0.0405, 'ndcg@50': 0.0106, 'hit@80': 0.0603, 'ndcg@80': 0.0139} 
2024-03-28 02:11:45.268 | INFO     | trainer:_train_one_epoch:134 - test 12 cost time 12.75s, result: {'hit@10': 0.0385, 'ndcg@10': 0.0191, 'hit@20': 0.0697, 'ndcg@20': 0.0269, 'hit@50': 0.1346, 'ndcg@50': 0.0397, 'hit@80': 0.1851, 'ndcg@80': 0.0481} 
2024-03-28 02:12:14.559 | INFO     | trainer:_train_one_epoch:117 - epoch 13 29.29s Train loss is [0.1323] 
2024-03-28 02:12:33.570 | INFO     | trainer:_train_one_epoch:126 - validate 13 cost time 19.01s, result: {'hit@10': 0.0094, 'ndcg@10': 0.0045, 'hit@20': 0.0175, 'ndcg@20': 0.0065, 'hit@50': 0.0404, 'ndcg@50': 0.011, 'hit@80': 0.0624, 'ndcg@80': 0.0146} 
2024-03-28 02:12:43.391 | INFO     | trainer:_train_one_epoch:134 - test 13 cost time 9.82s, result: {'hit@10': 0.0401, 'ndcg@10': 0.0195, 'hit@20': 0.07, 'ndcg@20': 0.027, 'hit@50': 0.1359, 'ndcg@50': 0.04, 'hit@80': 0.1864, 'ndcg@80': 0.0483} 
2024-03-28 02:13:10.523 | INFO     | trainer:_train_one_epoch:117 - epoch 14 27.09s Train loss is [0.1295] 
2024-03-28 02:13:35.578 | INFO     | trainer:_train_one_epoch:126 - validate 14 cost time 25.05s, result: {'hit@10': 0.009, 'ndcg@10': 0.0041, 'hit@20': 0.0179, 'ndcg@20': 0.0064, 'hit@50': 0.039, 'ndcg@50': 0.0105, 'hit@80': 0.0599, 'ndcg@80': 0.014} 
2024-03-28 02:13:49.871 | INFO     | trainer:_train_one_epoch:134 - test 14 cost time 14.29s, result: {'hit@10': 0.0383, 'ndcg@10': 0.0186, 'hit@20': 0.0704, 'ndcg@20': 0.0267, 'hit@50': 0.137, 'ndcg@50': 0.0398, 'hit@80': 0.1883, 'ndcg@80': 0.0483} 
2024-03-28 02:14:18.144 | INFO     | trainer:_train_one_epoch:117 - epoch 15 28.23s Train loss is [0.1281] 
2024-03-28 02:14:56.181 | INFO     | trainer:_train_one_epoch:126 - validate 15 cost time 38.04s, result: {'hit@10': 0.0099, 'ndcg@10': 0.0046, 'hit@20': 0.0177, 'ndcg@20': 0.0066, 'hit@50': 0.0411, 'ndcg@50': 0.0112, 'hit@80': 0.063, 'ndcg@80': 0.0148} 
2024-03-28 02:15:16.442 | INFO     | trainer:_train_one_epoch:134 - test 15 cost time 20.26s, result: {'hit@10': 0.0399, 'ndcg@10': 0.0196, 'hit@20': 0.0695, 'ndcg@20': 0.027, 'hit@50': 0.1409, 'ndcg@50': 0.0411, 'hit@80': 0.194, 'ndcg@80': 0.0499} 
2024-03-28 02:15:43.938 | INFO     | trainer:_train_one_epoch:117 - epoch 16 27.49s Train loss is [0.1277] 
2024-03-28 02:16:08.643 | INFO     | trainer:_train_one_epoch:126 - validate 16 cost time 24.71s, result: {'hit@10': 0.01, 'ndcg@10': 0.0048, 'hit@20': 0.0212, 'ndcg@20': 0.0076, 'hit@50': 0.0457, 'ndcg@50': 0.0124, 'hit@80': 0.0705, 'ndcg@80': 0.0165} 
2024-03-28 02:16:18.476 | INFO     | trainer:_train_one_epoch:134 - test 16 cost time 9.83s, result: {'hit@10': 0.0401, 'ndcg@10': 0.02, 'hit@20': 0.0723, 'ndcg@20': 0.0281, 'hit@50': 0.1449, 'ndcg@50': 0.0423, 'hit@80': 0.1965, 'ndcg@80': 0.0509} 
2024-03-28 02:16:46.056 | INFO     | trainer:_train_one_epoch:117 - epoch 17 27.53s Train loss is [0.1263] 
2024-03-28 02:17:04.294 | INFO     | trainer:_train_one_epoch:126 - validate 17 cost time 18.24s, result: {'hit@10': 0.0103, 'ndcg@10': 0.0048, 'hit@20': 0.0209, 'ndcg@20': 0.0074, 'hit@50': 0.0473, 'ndcg@50': 0.0126, 'hit@80': 0.0706, 'ndcg@80': 0.0165} 
2024-03-28 02:17:16.046 | INFO     | trainer:_train_one_epoch:134 - test 17 cost time 11.75s, result: {'hit@10': 0.0427, 'ndcg@10': 0.0211, 'hit@20': 0.0736, 'ndcg@20': 0.0289, 'hit@50': 0.1427, 'ndcg@50': 0.0425, 'hit@80': 0.1924, 'ndcg@80': 0.0508} 
2024-03-28 02:17:44.217 | INFO     | trainer:_train_one_epoch:117 - epoch 18 28.17s Train loss is [0.1254] 
2024-03-28 02:18:22.105 | INFO     | trainer:_train_one_epoch:126 - validate 18 cost time 37.89s, result: {'hit@10': 0.0113, 'ndcg@10': 0.0053, 'hit@20': 0.0218, 'ndcg@20': 0.0079, 'hit@50': 0.0469, 'ndcg@50': 0.0128, 'hit@80': 0.0716, 'ndcg@80': 0.0169} 
2024-03-28 02:18:39.118 | INFO     | trainer:_train_one_epoch:134 - test 18 cost time 17.01s, result: {'hit@10': 0.0436, 'ndcg@10': 0.0215, 'hit@20': 0.0762, 'ndcg@20': 0.0296, 'hit@50': 0.1416, 'ndcg@50': 0.0425, 'hit@80': 0.198, 'ndcg@80': 0.0518} 
2024-03-28 02:19:06.217 | INFO     | trainer:_train_one_epoch:117 - epoch 19 27.05s Train loss is [0.1241] 
2024-03-28 02:19:33.642 | INFO     | trainer:_train_one_epoch:126 - validate 19 cost time 27.42s, result: {'hit@10': 0.0109, 'ndcg@10': 0.0052, 'hit@20': 0.0218, 'ndcg@20': 0.008, 'hit@50': 0.0469, 'ndcg@50': 0.0129, 'hit@80': 0.0714, 'ndcg@80': 0.017} 
2024-03-28 02:19:47.871 | INFO     | trainer:_train_one_epoch:134 - test 19 cost time 14.23s, result: {'hit@10': 0.0439, 'ndcg@10': 0.0215, 'hit@20': 0.0748, 'ndcg@20': 0.0293, 'hit@50': 0.1436, 'ndcg@50': 0.0429, 'hit@80': 0.1973, 'ndcg@80': 0.0518} 
2024-03-28 02:20:13.423 | INFO     | trainer:_train_one_epoch:117 - epoch 20 25.55s Train loss is [0.1250] 
2024-03-28 02:20:37.200 | INFO     | trainer:_train_one_epoch:126 - validate 20 cost time 23.78s, result: {'hit@10': 0.0114, 'ndcg@10': 0.0056, 'hit@20': 0.0212, 'ndcg@20': 0.008, 'hit@50': 0.0476, 'ndcg@50': 0.0132, 'hit@80': 0.0713, 'ndcg@80': 0.0171} 
2024-03-28 02:20:47.650 | INFO     | trainer:_train_one_epoch:134 - test 20 cost time 10.44s, result: {'hit@10': 0.046, 'ndcg@10': 0.022, 'hit@20': 0.08, 'ndcg@20': 0.0305, 'hit@50': 0.1491, 'ndcg@50': 0.0441, 'hit@80': 0.2035, 'ndcg@80': 0.0531} 
2024-03-28 02:21:18.044 | INFO     | trainer:_train_one_epoch:117 - epoch 21 30.39s Train loss is [0.1221] 
2024-03-28 02:21:38.112 | INFO     | trainer:_train_one_epoch:126 - validate 21 cost time 20.07s, result: {'hit@10': 0.0124, 'ndcg@10': 0.0058, 'hit@20': 0.0229, 'ndcg@20': 0.0085, 'hit@50': 0.0501, 'ndcg@50': 0.0138, 'hit@80': 0.0738, 'ndcg@80': 0.0177} 
2024-03-28 02:21:50.491 | INFO     | trainer:_train_one_epoch:134 - test 21 cost time 12.38s, result: {'hit@10': 0.0437, 'ndcg@10': 0.0213, 'hit@20': 0.0789, 'ndcg@20': 0.0302, 'hit@50': 0.1475, 'ndcg@50': 0.0437, 'hit@80': 0.2049, 'ndcg@80': 0.0532} 
2024-03-28 02:22:18.406 | INFO     | trainer:_train_one_epoch:117 - epoch 22 27.86s Train loss is [0.1220] 
2024-03-28 02:22:46.309 | INFO     | trainer:_train_one_epoch:126 - validate 22 cost time 27.90s, result: {'hit@10': 0.0131, 'ndcg@10': 0.0062, 'hit@20': 0.0233, 'ndcg@20': 0.0088, 'hit@50': 0.0505, 'ndcg@50': 0.0141, 'hit@80': 0.0736, 'ndcg@80': 0.0179} 
2024-03-28 02:23:00.222 | INFO     | trainer:_train_one_epoch:134 - test 22 cost time 13.91s, result: {'hit@10': 0.0457, 'ndcg@10': 0.0227, 'hit@20': 0.0781, 'ndcg@20': 0.0307, 'hit@50': 0.1449, 'ndcg@50': 0.044, 'hit@80': 0.2001, 'ndcg@80': 0.0531} 
2024-03-28 02:23:26.893 | INFO     | trainer:_train_one_epoch:117 - epoch 23 26.63s Train loss is [0.1208] 
2024-03-28 02:23:59.786 | INFO     | trainer:_train_one_epoch:126 - validate 23 cost time 32.89s, result: {'hit@10': 0.0135, 'ndcg@10': 0.006, 'hit@20': 0.0232, 'ndcg@20': 0.0084, 'hit@50': 0.051, 'ndcg@50': 0.0139, 'hit@80': 0.0761, 'ndcg@80': 0.0181} 
2024-03-28 02:24:19.661 | INFO     | trainer:_train_one_epoch:134 - test 23 cost time 19.87s, result: {'hit@10': 0.0462, 'ndcg@10': 0.0225, 'hit@20': 0.0783, 'ndcg@20': 0.0305, 'hit@50': 0.1484, 'ndcg@50': 0.0443, 'hit@80': 0.2001, 'ndcg@80': 0.0529} 
2024-03-28 02:24:48.677 | INFO     | trainer:_train_one_epoch:117 - epoch 24 29.01s Train loss is [0.1203] 
2024-03-28 02:25:09.000 | INFO     | trainer:_train_one_epoch:126 - validate 24 cost time 20.32s, result: {'hit@10': 0.0121, 'ndcg@10': 0.0055, 'hit@20': 0.0234, 'ndcg@20': 0.0083, 'hit@50': 0.0519, 'ndcg@50': 0.014, 'hit@80': 0.0771, 'ndcg@80': 0.0181} 
2024-03-28 02:25:19.776 | INFO     | trainer:_train_one_epoch:134 - test 24 cost time 10.77s, result: {'hit@10': 0.0451, 'ndcg@10': 0.0217, 'hit@20': 0.0796, 'ndcg@20': 0.0303, 'hit@50': 0.1468, 'ndcg@50': 0.0436, 'hit@80': 0.2025, 'ndcg@80': 0.0528} 
2024-03-28 02:25:49.145 | INFO     | trainer:_train_one_epoch:117 - epoch 25 29.28s Train loss is [0.1190] 
2024-03-28 02:26:08.415 | INFO     | trainer:_train_one_epoch:126 - validate 25 cost time 19.27s, result: {'hit@10': 0.0127, 'ndcg@10': 0.0059, 'hit@20': 0.0233, 'ndcg@20': 0.0085, 'hit@50': 0.0531, 'ndcg@50': 0.0143, 'hit@80': 0.079, 'ndcg@80': 0.0186} 
2024-03-28 02:26:22.737 | INFO     | trainer:_train_one_epoch:134 - test 25 cost time 14.32s, result: {'hit@10': 0.047, 'ndcg@10': 0.0232, 'hit@20': 0.0796, 'ndcg@20': 0.0315, 'hit@50': 0.153, 'ndcg@50': 0.046, 'hit@80': 0.2062, 'ndcg@80': 0.0548} 
2024-03-28 02:26:51.105 | INFO     | trainer:_train_one_epoch:117 - epoch 26 28.37s Train loss is [0.1179] 
2024-03-28 02:27:28.267 | INFO     | trainer:_train_one_epoch:126 - validate 26 cost time 37.16s, result: {'hit@10': 0.0137, 'ndcg@10': 0.0063, 'hit@20': 0.0261, 'ndcg@20': 0.0094, 'hit@50': 0.056, 'ndcg@50': 0.0152, 'hit@80': 0.0813, 'ndcg@80': 0.0194} 
2024-03-28 02:27:47.765 | INFO     | trainer:_train_one_epoch:134 - test 26 cost time 19.50s, result: {'hit@10': 0.0488, 'ndcg@10': 0.0239, 'hit@20': 0.0808, 'ndcg@20': 0.0319, 'hit@50': 0.1539, 'ndcg@50': 0.0463, 'hit@80': 0.2097, 'ndcg@80': 0.0556} 
2024-03-28 02:28:17.329 | INFO     | trainer:_train_one_epoch:117 - epoch 27 29.51s Train loss is [0.1185] 
2024-03-28 02:28:48.091 | INFO     | trainer:_train_one_epoch:126 - validate 27 cost time 30.76s, result: {'hit@10': 0.0125, 'ndcg@10': 0.0059, 'hit@20': 0.0238, 'ndcg@20': 0.0087, 'hit@50': 0.0562, 'ndcg@50': 0.0151, 'hit@80': 0.0825, 'ndcg@80': 0.0194} 
2024-03-28 02:28:58.091 | INFO     | trainer:_train_one_epoch:134 - test 27 cost time 10.00s, result: {'hit@10': 0.0463, 'ndcg@10': 0.0229, 'hit@20': 0.0816, 'ndcg@20': 0.0318, 'hit@50': 0.1521, 'ndcg@50': 0.0457, 'hit@80': 0.213, 'ndcg@80': 0.0558} 
2024-03-28 02:29:25.641 | INFO     | trainer:_train_one_epoch:117 - epoch 28 27.55s Train loss is [0.1164] 
2024-03-28 02:29:43.361 | INFO     | trainer:_train_one_epoch:126 - validate 28 cost time 17.72s, result: {'hit@10': 0.0131, 'ndcg@10': 0.006, 'hit@20': 0.0242, 'ndcg@20': 0.0087, 'hit@50': 0.0542, 'ndcg@50': 0.0146, 'hit@80': 0.0825, 'ndcg@80': 0.0193} 
2024-03-28 02:29:53.351 | INFO     | trainer:_train_one_epoch:134 - test 28 cost time 9.99s, result: {'hit@10': 0.0469, 'ndcg@10': 0.0229, 'hit@20': 0.0816, 'ndcg@20': 0.0316, 'hit@50': 0.1547, 'ndcg@50': 0.046, 'hit@80': 0.2103, 'ndcg@80': 0.0552} 
2024-03-28 02:30:23.910 | INFO     | trainer:_train_one_epoch:117 - epoch 29 30.56s Train loss is [0.1157] 
2024-03-28 02:30:52.179 | INFO     | trainer:_train_one_epoch:126 - validate 29 cost time 28.27s, result: {'hit@10': 0.0116, 'ndcg@10': 0.0055, 'hit@20': 0.0244, 'ndcg@20': 0.0088, 'hit@50': 0.0545, 'ndcg@50': 0.0147, 'hit@80': 0.0801, 'ndcg@80': 0.0189} 
2024-03-28 02:31:12.348 | INFO     | trainer:_train_one_epoch:134 - test 29 cost time 20.17s, result: {'hit@10': 0.0469, 'ndcg@10': 0.0232, 'hit@20': 0.0816, 'ndcg@20': 0.0319, 'hit@50': 0.1546, 'ndcg@50': 0.0462, 'hit@80': 0.2115, 'ndcg@80': 0.0556} 
2024-03-28 02:31:37.831 | INFO     | trainer:_train_one_epoch:117 - epoch 30 25.48s Train loss is [0.1153] 
2024-03-28 02:32:04.308 | INFO     | trainer:_train_one_epoch:126 - validate 30 cost time 26.48s, result: {'hit@10': 0.0124, 'ndcg@10': 0.0062, 'hit@20': 0.0247, 'ndcg@20': 0.0093, 'hit@50': 0.0548, 'ndcg@50': 0.0152, 'hit@80': 0.0796, 'ndcg@80': 0.0193} 
2024-03-28 02:32:18.723 | INFO     | trainer:_train_one_epoch:134 - test 30 cost time 14.41s, result: {'hit@10': 0.0465, 'ndcg@10': 0.023, 'hit@20': 0.0782, 'ndcg@20': 0.031, 'hit@50': 0.1569, 'ndcg@50': 0.0465, 'hit@80': 0.2151, 'ndcg@80': 0.0562} 
2024-03-28 02:32:44.311 | INFO     | trainer:_train_one_epoch:117 - epoch 31 25.59s Train loss is [0.1140] 
2024-03-28 02:33:10.048 | INFO     | trainer:_train_one_epoch:126 - validate 31 cost time 25.74s, result: {'hit@10': 0.0139, 'ndcg@10': 0.0066, 'hit@20': 0.0259, 'ndcg@20': 0.0096, 'hit@50': 0.0558, 'ndcg@50': 0.0155, 'hit@80': 0.0835, 'ndcg@80': 0.0201} 
2024-03-28 02:33:22.717 | INFO     | trainer:_train_one_epoch:134 - test 31 cost time 12.67s, result: {'hit@10': 0.0478, 'ndcg@10': 0.0234, 'hit@20': 0.0813, 'ndcg@20': 0.0318, 'hit@50': 0.1598, 'ndcg@50': 0.0472, 'hit@80': 0.2155, 'ndcg@80': 0.0565} 
2024-03-28 02:33:53.626 | INFO     | trainer:_train_one_epoch:117 - epoch 32 30.91s Train loss is [0.1145] 
2024-03-28 02:34:10.491 | INFO     | trainer:_train_one_epoch:126 - validate 32 cost time 16.86s, result: {'hit@10': 0.0151, 'ndcg@10': 0.007, 'hit@20': 0.0261, 'ndcg@20': 0.0097, 'hit@50': 0.0587, 'ndcg@50': 0.0161, 'hit@80': 0.0866, 'ndcg@80': 0.0207} 
2024-03-28 02:34:20.191 | INFO     | trainer:_train_one_epoch:134 - test 32 cost time 9.70s, result: {'hit@10': 0.049, 'ndcg@10': 0.0241, 'hit@20': 0.081, 'ndcg@20': 0.0321, 'hit@50': 0.158, 'ndcg@50': 0.0472, 'hit@80': 0.2179, 'ndcg@80': 0.0572} 
2024-03-28 02:34:48.589 | INFO     | trainer:_train_one_epoch:117 - epoch 33 28.40s Train loss is [0.1130] 
2024-03-28 02:35:17.472 | INFO     | trainer:_train_one_epoch:126 - validate 33 cost time 28.88s, result: {'hit@10': 0.0143, 'ndcg@10': 0.0065, 'hit@20': 0.0267, 'ndcg@20': 0.0096, 'hit@50': 0.0591, 'ndcg@50': 0.0159, 'hit@80': 0.0861, 'ndcg@80': 0.0204} 
2024-03-28 02:35:31.796 | INFO     | trainer:_train_one_epoch:134 - test 33 cost time 14.32s, result: {'hit@10': 0.0493, 'ndcg@10': 0.0243, 'hit@20': 0.0817, 'ndcg@20': 0.0325, 'hit@50': 0.1609, 'ndcg@50': 0.048, 'hit@80': 0.2205, 'ndcg@80': 0.058} 
2024-03-28 02:35:59.367 | INFO     | trainer:_train_one_epoch:117 - epoch 34 27.52s Train loss is [0.1131] 
2024-03-28 02:36:26.480 | INFO     | trainer:_train_one_epoch:126 - validate 34 cost time 27.11s, result: {'hit@10': 0.0153, 'ndcg@10': 0.0071, 'hit@20': 0.0269, 'ndcg@20': 0.0101, 'hit@50': 0.0599, 'ndcg@50': 0.0165, 'hit@80': 0.0883, 'ndcg@80': 0.0212} 
2024-03-28 02:36:42.794 | INFO     | trainer:_train_one_epoch:134 - test 34 cost time 16.31s, result: {'hit@10': 0.0494, 'ndcg@10': 0.0233, 'hit@20': 0.0814, 'ndcg@20': 0.0313, 'hit@50': 0.1606, 'ndcg@50': 0.0468, 'hit@80': 0.2197, 'ndcg@80': 0.0566} 
2024-03-28 02:37:10.956 | INFO     | trainer:_train_one_epoch:117 - epoch 35 28.09s Train loss is [0.1120] 
2024-03-28 02:37:34.970 | INFO     | trainer:_train_one_epoch:126 - validate 35 cost time 24.01s, result: {'hit@10': 0.0146, 'ndcg@10': 0.0068, 'hit@20': 0.0286, 'ndcg@20': 0.0103, 'hit@50': 0.0604, 'ndcg@50': 0.0165, 'hit@80': 0.0898, 'ndcg@80': 0.0214} 
2024-03-28 02:37:46.553 | INFO     | trainer:_train_one_epoch:134 - test 35 cost time 11.58s, result: {'hit@10': 0.0493, 'ndcg@10': 0.0237, 'hit@20': 0.0829, 'ndcg@20': 0.0322, 'hit@50': 0.1604, 'ndcg@50': 0.0475, 'hit@80': 0.2149, 'ndcg@80': 0.0565} 
2024-03-28 02:38:17.426 | INFO     | trainer:_train_one_epoch:117 - epoch 36 30.81s Train loss is [0.1128] 
2024-03-28 02:38:34.158 | INFO     | trainer:_train_one_epoch:126 - validate 36 cost time 16.73s, result: {'hit@10': 0.0157, 'ndcg@10': 0.0074, 'hit@20': 0.0289, 'ndcg@20': 0.0107, 'hit@50': 0.062, 'ndcg@50': 0.0172, 'hit@80': 0.0899, 'ndcg@80': 0.0218} 
2024-03-28 02:38:43.887 | INFO     | trainer:_train_one_epoch:134 - test 36 cost time 9.73s, result: {'hit@10': 0.0488, 'ndcg@10': 0.0235, 'hit@20': 0.0828, 'ndcg@20': 0.0321, 'hit@50': 0.1577, 'ndcg@50': 0.0468, 'hit@80': 0.2185, 'ndcg@80': 0.0569} 
2024-03-28 02:39:09.430 | INFO     | trainer:_train_one_epoch:117 - epoch 37 25.50s Train loss is [0.1122] 
2024-03-28 02:39:37.026 | INFO     | trainer:_train_one_epoch:126 - validate 37 cost time 27.60s, result: {'hit@10': 0.0144, 'ndcg@10': 0.0067, 'hit@20': 0.0283, 'ndcg@20': 0.0102, 'hit@50': 0.0612, 'ndcg@50': 0.0166, 'hit@80': 0.089, 'ndcg@80': 0.0213} 
2024-03-28 02:39:54.170 | INFO     | trainer:_train_one_epoch:134 - test 37 cost time 17.14s, result: {'hit@10': 0.0493, 'ndcg@10': 0.0236, 'hit@20': 0.0811, 'ndcg@20': 0.0316, 'hit@50': 0.1602, 'ndcg@50': 0.0472, 'hit@80': 0.2183, 'ndcg@80': 0.0568} 
2024-03-28 02:40:23.358 | INFO     | trainer:_train_one_epoch:117 - epoch 38 29.19s Train loss is [0.1101] 
2024-03-28 02:41:02.018 | INFO     | trainer:_train_one_epoch:126 - validate 38 cost time 38.66s, result: {'hit@10': 0.0141, 'ndcg@10': 0.0065, 'hit@20': 0.0288, 'ndcg@20': 0.0102, 'hit@50': 0.0612, 'ndcg@50': 0.0165, 'hit@80': 0.0885, 'ndcg@80': 0.0211} 
2024-03-28 02:41:22.837 | INFO     | trainer:_train_one_epoch:134 - test 38 cost time 20.82s, result: {'hit@10': 0.0491, 'ndcg@10': 0.0243, 'hit@20': 0.083, 'ndcg@20': 0.0328, 'hit@50': 0.1618, 'ndcg@50': 0.0483, 'hit@80': 0.2187, 'ndcg@80': 0.0578} 
2024-03-28 02:41:51.248 | INFO     | trainer:_train_one_epoch:117 - epoch 39 28.41s Train loss is [0.1094] 
2024-03-28 02:42:10.270 | INFO     | trainer:_train_one_epoch:126 - validate 39 cost time 19.02s, result: {'hit@10': 0.015, 'ndcg@10': 0.0069, 'hit@20': 0.0302, 'ndcg@20': 0.0106, 'hit@50': 0.0644, 'ndcg@50': 0.0173, 'hit@80': 0.0931, 'ndcg@80': 0.0221} 
2024-03-28 02:42:17.759 | INFO     | trainer:_train_one_epoch:134 - test 39 cost time 7.49s, result: {'hit@10': 0.0491, 'ndcg@10': 0.0241, 'hit@20': 0.0844, 'ndcg@20': 0.033, 'hit@50': 0.1598, 'ndcg@50': 0.0479, 'hit@80': 0.2189, 'ndcg@80': 0.0577} 
2024-03-28 02:42:45.666 | INFO     | trainer:_train_one_epoch:117 - epoch 40 27.85s Train loss is [0.1099] 
2024-03-28 02:42:56.415 | INFO     | trainer:_train_one_epoch:126 - validate 40 cost time 10.75s, result: {'hit@10': 0.0154, 'ndcg@10': 0.007, 'hit@20': 0.0286, 'ndcg@20': 0.0103, 'hit@50': 0.0629, 'ndcg@50': 0.0171, 'hit@80': 0.0927, 'ndcg@80': 0.022} 
2024-03-28 02:43:02.868 | INFO     | trainer:_train_one_epoch:134 - test 40 cost time 6.45s, result: {'hit@10': 0.0463, 'ndcg@10': 0.0228, 'hit@20': 0.0801, 'ndcg@20': 0.0313, 'hit@50': 0.1599, 'ndcg@50': 0.047, 'hit@80': 0.2182, 'ndcg@80': 0.0566} 
2024-03-28 02:43:28.873 | INFO     | trainer:_train_one_epoch:117 - epoch 41 26.00s Train loss is [0.1096] 
2024-03-28 02:43:49.183 | INFO     | trainer:_train_one_epoch:126 - validate 41 cost time 20.31s, result: {'hit@10': 0.0146, 'ndcg@10': 0.0068, 'hit@20': 0.0279, 'ndcg@20': 0.0101, 'hit@50': 0.062, 'ndcg@50': 0.0168, 'hit@80': 0.0898, 'ndcg@80': 0.0215} 
2024-03-28 02:43:59.488 | INFO     | trainer:_train_one_epoch:134 - test 41 cost time 10.30s, result: {'hit@10': 0.0488, 'ndcg@10': 0.0241, 'hit@20': 0.0839, 'ndcg@20': 0.0329, 'hit@50': 0.1618, 'ndcg@50': 0.0482, 'hit@80': 0.2174, 'ndcg@80': 0.0574} 
2024-03-28 02:44:25.403 | INFO     | trainer:_train_one_epoch:117 - epoch 42 25.91s Train loss is [0.1083] 
2024-03-28 02:44:57.678 | INFO     | trainer:_train_one_epoch:126 - validate 42 cost time 32.28s, result: {'hit@10': 0.0159, 'ndcg@10': 0.0075, 'hit@20': 0.0285, 'ndcg@20': 0.0106, 'hit@50': 0.0639, 'ndcg@50': 0.0176, 'hit@80': 0.0923, 'ndcg@80': 0.0223} 
2024-03-28 02:45:16.386 | INFO     | trainer:_train_one_epoch:134 - test 42 cost time 18.71s, result: {'hit@10': 0.0495, 'ndcg@10': 0.0242, 'hit@20': 0.0847, 'ndcg@20': 0.033, 'hit@50': 0.1588, 'ndcg@50': 0.0475, 'hit@80': 0.2188, 'ndcg@80': 0.0575} 
2024-03-28 02:45:45.561 | INFO     | trainer:_train_one_epoch:117 - epoch 43 29.17s Train loss is [0.1075] 
2024-03-28 02:46:03.637 | INFO     | trainer:_train_one_epoch:126 - validate 43 cost time 18.08s, result: {'hit@10': 0.0165, 'ndcg@10': 0.0078, 'hit@20': 0.0291, 'ndcg@20': 0.011, 'hit@50': 0.0619, 'ndcg@50': 0.0174, 'hit@80': 0.0912, 'ndcg@80': 0.0223} 
2024-03-28 02:46:13.715 | INFO     | trainer:_train_one_epoch:134 - test 43 cost time 10.08s, result: {'hit@10': 0.0481, 'ndcg@10': 0.0242, 'hit@20': 0.0829, 'ndcg@20': 0.0329, 'hit@50': 0.1599, 'ndcg@50': 0.0481, 'hit@80': 0.2193, 'ndcg@80': 0.0579} 
2024-03-28 02:46:42.632 | INFO     | trainer:_train_one_epoch:117 - epoch 44 28.91s Train loss is [0.1078] 
2024-03-28 02:47:02.680 | INFO     | trainer:_train_one_epoch:126 - validate 44 cost time 20.05s, result: {'hit@10': 0.0162, 'ndcg@10': 0.0074, 'hit@20': 0.0294, 'ndcg@20': 0.0107, 'hit@50': 0.0614, 'ndcg@50': 0.0169, 'hit@80': 0.0897, 'ndcg@80': 0.0216} 
2024-03-28 02:47:15.891 | INFO     | trainer:_train_one_epoch:134 - test 44 cost time 13.21s, result: {'hit@10': 0.0485, 'ndcg@10': 0.0243, 'hit@20': 0.0837, 'ndcg@20': 0.0331, 'hit@50': 0.1625, 'ndcg@50': 0.0485, 'hit@80': 0.2195, 'ndcg@80': 0.058} 
2024-03-28 02:47:42.596 | INFO     | trainer:_train_one_epoch:117 - epoch 45 26.70s Train loss is [0.1088] 
2024-03-28 02:48:19.359 | INFO     | trainer:_train_one_epoch:126 - validate 45 cost time 36.76s, result: {'hit@10': 0.0159, 'ndcg@10': 0.0073, 'hit@20': 0.0292, 'ndcg@20': 0.0107, 'hit@50': 0.0621, 'ndcg@50': 0.0171, 'hit@80': 0.0918, 'ndcg@80': 0.022} 
2024-03-28 02:48:38.243 | INFO     | trainer:_train_one_epoch:134 - test 45 cost time 18.88s, result: {'hit@10': 0.0489, 'ndcg@10': 0.0241, 'hit@20': 0.0863, 'ndcg@20': 0.0335, 'hit@50': 0.1602, 'ndcg@50': 0.0481, 'hit@80': 0.2218, 'ndcg@80': 0.0583} 
2024-03-28 02:49:06.878 | INFO     | trainer:_train_one_epoch:117 - epoch 46 28.63s Train loss is [0.1078] 
2024-03-28 02:49:40.064 | INFO     | trainer:_train_one_epoch:126 - validate 46 cost time 33.18s, result: {'hit@10': 0.0152, 'ndcg@10': 0.0071, 'hit@20': 0.0288, 'ndcg@20': 0.0105, 'hit@50': 0.0605, 'ndcg@50': 0.0167, 'hit@80': 0.0877, 'ndcg@80': 0.0212} 
2024-03-28 02:49:50.697 | INFO     | trainer:_train_one_epoch:134 - test 46 cost time 10.63s, result: {'hit@10': 0.0495, 'ndcg@10': 0.0243, 'hit@20': 0.0863, 'ndcg@20': 0.0336, 'hit@50': 0.1625, 'ndcg@50': 0.0486, 'hit@80': 0.2242, 'ndcg@80': 0.0588} 
2024-03-28 02:50:18.298 | INFO     | trainer:_train_one_epoch:117 - epoch 47 27.60s Train loss is [0.1081] 
2024-03-28 02:50:38.217 | INFO     | trainer:_train_one_epoch:126 - validate 47 cost time 19.92s, result: {'hit@10': 0.0162, 'ndcg@10': 0.0078, 'hit@20': 0.0289, 'ndcg@20': 0.011, 'hit@50': 0.0654, 'ndcg@50': 0.0182, 'hit@80': 0.0939, 'ndcg@80': 0.0229} 
2024-03-28 02:50:50.431 | INFO     | trainer:_train_one_epoch:134 - test 47 cost time 12.21s, result: {'hit@10': 0.0477, 'ndcg@10': 0.0234, 'hit@20': 0.0849, 'ndcg@20': 0.0327, 'hit@50': 0.1652, 'ndcg@50': 0.0485, 'hit@80': 0.2247, 'ndcg@80': 0.0584} 
2024-03-28 02:51:17.517 | INFO     | trainer:_train_one_epoch:117 - epoch 48 27.09s Train loss is [0.1074] 
2024-03-28 02:51:53.930 | INFO     | trainer:_train_one_epoch:126 - validate 48 cost time 36.41s, result: {'hit@10': 0.0158, 'ndcg@10': 0.0077, 'hit@20': 0.0301, 'ndcg@20': 0.0113, 'hit@50': 0.0642, 'ndcg@50': 0.018, 'hit@80': 0.0949, 'ndcg@80': 0.0231} 
2024-03-28 02:52:12.774 | INFO     | trainer:_train_one_epoch:134 - test 48 cost time 18.84s, result: {'hit@10': 0.0509, 'ndcg@10': 0.0248, 'hit@20': 0.0845, 'ndcg@20': 0.0332, 'hit@50': 0.166, 'ndcg@50': 0.0492, 'hit@80': 0.2248, 'ndcg@80': 0.0589} 
2024-03-28 02:52:40.061 | INFO     | trainer:_train_one_epoch:117 - epoch 49 27.29s Train loss is [0.1059] 
2024-03-28 02:53:07.655 | INFO     | trainer:_train_one_epoch:126 - validate 49 cost time 27.59s, result: {'hit@10': 0.0155, 'ndcg@10': 0.0072, 'hit@20': 0.03, 'ndcg@20': 0.0108, 'hit@50': 0.0644, 'ndcg@50': 0.0176, 'hit@80': 0.0924, 'ndcg@80': 0.0222} 
2024-03-28 02:53:21.921 | INFO     | trainer:_train_one_epoch:134 - test 49 cost time 14.27s, result: {'hit@10': 0.0516, 'ndcg@10': 0.0253, 'hit@20': 0.0866, 'ndcg@20': 0.034, 'hit@50': 0.1658, 'ndcg@50': 0.0496, 'hit@80': 0.2269, 'ndcg@80': 0.0597} 
2024-03-28 02:53:21.922 | INFO     | trainer:train_model:88 - training end, best iteration 39, results: {'hit@10': 0.015, 'ndcg@10': 0.0069, 'hit@20': 0.0302, 'ndcg@20': 0.0106, 'hit@50': 0.0644, 'ndcg@50': 0.0173, 'hit@80': 0.0931, 'ndcg@80': 0.0221}
2024-03-28 02:53:21.922 | INFO     | trainer:train_model:90 - final test result is:  {'hit@10': 0.0491, 'ndcg@10': 0.0241, 'hit@20': 0.0844, 'ndcg@20': 0.033, 'hit@50': 0.1598, 'ndcg@50': 0.0479, 'hit@80': 0.2189, 'ndcg@80': 0.0577}
2024-03-28 02:53:21.934 | INFO     | __main__:<module>:109 - train end total cost time: 3343.7760746479034
